<?xml version="1.0" encoding="UTF-8"?>
<coverage generated="1716558272770" clover="3.2.0">
  <project timestamp="1716558272770" name="All files">
    <metrics statements="638" coveredstatements="448" conditionals="248" coveredconditionals="159" methods="92" coveredmethods="67" elements="978" coveredelements="674" complexity="0" loc="638" ncloc="638" packages="1" files="9" classes="9"/>
    <file name="auth.ts" path="C:\Users\lligu\GitHub\matterbridge-shelly\src\auth.ts">
      <metrics statements="21" coveredstatements="11" conditionals="2" coveredconditionals="1" methods="4" coveredmethods="3"/>
      <line num="15" count="2" type="stmt"/>
      <line num="16" count="2" type="stmt"/>
      <line num="17" count="2" type="stmt"/>
      <line num="18" count="8" type="stmt"/>
      <line num="19" count="8" type="stmt"/>
      <line num="21" count="2" type="stmt"/>
      <line num="25" count="1" type="stmt"/>
      <line num="26" count="1" type="stmt"/>
      <line num="27" count="1" type="stmt"/>
      <line num="28" count="1" type="stmt"/>
      <line num="29" count="1" type="stmt"/>
      <line num="34" count="0" type="stmt"/>
      <line num="42" count="0" type="stmt"/>
      <line num="48" count="0" type="stmt"/>
      <line num="50" count="0" type="stmt"/>
      <line num="51" count="0" type="stmt"/>
      <line num="53" count="0" type="cond" truecount="0" falsecount="1"/>
      <line num="54" count="0" type="stmt"/>
      <line num="57" count="0" type="stmt"/>
      <line num="59" count="0" type="stmt"/>
      <line num="62" count="0" type="stmt"/>
    </file>
    <file name="coapServer.ts" path="C:\Users\lligu\GitHub\matterbridge-shelly\src\coapServer.ts">
      <metrics statements="126" coveredstatements="85" conditionals="31" coveredconditionals="15" methods="29" coveredmethods="21"/>
      <line num="9" count="1" type="stmt"/>
      <line num="10" count="1" type="stmt"/>
      <line num="11" count="1" type="stmt"/>
      <line num="13" count="1" type="stmt"/>
      <line num="32" count="1" type="stmt"/>
      <line num="37" count="1" type="stmt"/>
      <line num="39" count="1" type="stmt"/>
      <line num="41" count="1" type="stmt"/>
      <line num="46" count="5" type="stmt"/>
      <line num="50" count="1" type="stmt"/>
      <line num="51" count="1" type="stmt"/>
      <line num="52" count="1" type="stmt"/>
      <line num="60" count="1" type="stmt"/>
      <line num="61" count="1" type="stmt"/>
      <line num="63" count="1" type="stmt"/>
      <line num="66" count="0" type="stmt"/>
      <line num="67" count="0" type="stmt"/>
      <line num="74" count="1" type="stmt"/>
      <line num="75" count="1" type="stmt"/>
      <line num="76" count="1" type="stmt"/>
      <line num="84" count="1" type="stmt"/>
      <line num="85" count="1" type="stmt"/>
      <line num="86" count="1" type="stmt"/>
      <line num="89" count="0" type="stmt"/>
      <line num="90" count="0" type="stmt"/>
      <line num="97" count="2" type="stmt"/>
      <line num="98" count="2" type="stmt"/>
      <line num="99" count="2" type="stmt"/>
      <line num="109" count="0" type="stmt"/>
      <line num="110" count="0" type="stmt"/>
      <line num="111" count="0" type="stmt"/>
      <line num="112" count="0" type="stmt"/>
      <line num="115" count="0" type="stmt"/>
      <line num="116" count="0" type="stmt"/>
      <line num="117" count="0" type="stmt"/>
      <line num="121" count="2" type="stmt"/>
      <line num="123" count="2" type="stmt"/>
      <line num="125" count="2" type="stmt"/>
      <line num="126" count="2" type="stmt"/>
      <line num="128" count="2" type="stmt"/>
      <line num="136" count="1" type="stmt"/>
      <line num="139" count="0" type="stmt"/>
      <line num="141" count="0" type="cond" truecount="0" falsecount="4"/>
      <line num="142" count="0" type="stmt"/>
      <line num="145" count="0" type="stmt"/>
      <line num="147" count="3" type="stmt"/>
      <line num="150" count="1" type="stmt"/>
      <line num="153" count="0" type="stmt"/>
      <line num="155" count="0" type="cond" truecount="0" falsecount="1"/>
      <line num="157" count="0" type="stmt"/>
      <line num="158" count="0" type="stmt"/>
      <line num="159" count="0" type="stmt"/>
      <line num="162" count="0" type="stmt"/>
      <line num="164" count="2" type="stmt"/>
      <line num="167" count="1" type="stmt"/>
      <line num="170" count="0" type="stmt"/>
      <line num="172" count="0" type="cond" truecount="0" falsecount="1"/>
      <line num="174" count="0" type="stmt"/>
      <line num="175" count="0" type="stmt"/>
      <line num="176" count="0" type="stmt"/>
      <line num="179" count="0" type="stmt"/>
      <line num="181" count="2" type="stmt"/>
      <line num="186" count="3" type="stmt"/>
      <line num="188" count="3" type="stmt"/>
      <line num="190" count="3" type="stmt"/>
      <line num="192" count="3" type="stmt"/>
      <line num="193" count="3" type="stmt"/>
      <line num="194" count="3" type="stmt"/>
      <line num="195" count="3" type="stmt"/>
      <line num="196" count="3" type="stmt"/>
      <line num="199" count="3" type="cond" truecount="1" falsecount="0"/>
      <line num="200" count="3" type="stmt"/>
      <line num="201" count="3" type="stmt"/>
      <line num="202" count="3" type="stmt"/>
      <line num="203" count="3" type="stmt"/>
      <line num="206" count="3" type="cond" truecount="1" falsecount="0"/>
      <line num="207" count="2" type="stmt"/>
      <line num="208" count="2" type="cond" truecount="1" falsecount="1"/>
      <line num="209" count="2" type="stmt"/>
      <line num="211" count="0" type="stmt"/>
      <line num="215" count="3" type="cond" truecount="1" falsecount="0"/>
      <line num="216" count="2" type="stmt"/>
      <line num="219" count="3" type="stmt"/>
      <line num="220" count="3" type="stmt"/>
      <line num="222" count="0" type="stmt"/>
      <line num="225" count="3" type="stmt"/>
      <line num="226" count="3" type="stmt"/>
      <line num="227" count="3" type="stmt"/>
      <line num="228" count="3" type="stmt"/>
      <line num="229" count="3" type="stmt"/>
      <line num="230" count="3" type="stmt"/>
      <line num="231" count="3" type="stmt"/>
      <line num="233" count="3" type="stmt"/>
      <line num="237" count="1" type="stmt"/>
      <line num="257" count="1" type="stmt"/>
      <line num="258" count="1" type="stmt"/>
      <line num="259" count="1" type="cond" truecount="3" falsecount="1"/>
      <line num="260" count="1" type="stmt"/>
      <line num="261" count="1" type="cond" truecount="2" falsecount="0"/>
      <line num="263" count="0" type="stmt"/>
      <line num="268" count="1" type="stmt"/>
      <line num="269" count="1" type="cond" truecount="1" falsecount="1"/>
      <line num="270" count="0" type="stmt"/>
      <line num="272" count="1" type="stmt"/>
      <line num="278" count="1" type="stmt"/>
      <line num="279" count="1" type="stmt"/>
      <line num="280" count="1" type="stmt"/>
      <line num="281" count="1" type="stmt"/>
      <line num="285" count="1" type="stmt"/>
      <line num="287" count="1" type="stmt"/>
      <line num="291" count="1" type="stmt"/>
      <line num="292" count="1" type="stmt"/>
      <line num="293" count="1" type="stmt"/>
      <line num="294" count="1" type="cond" truecount="1" falsecount="0"/>
      <line num="295" count="1" type="stmt"/>
      <line num="299" count="1" type="cond" truecount="4" falsecount="1"/>
      <line num="300" count="0" type="stmt"/>
      <line num="302" count="0" type="cond" truecount="0" falsecount="1"/>
      <line num="304" count="0" type="cond" truecount="0" falsecount="1"/>
      <line num="306" count="0" type="cond" truecount="0" falsecount="1"/>
      <line num="308" count="0" type="cond" truecount="0" falsecount="1"/>
      <line num="309" count="0" type="stmt"/>
      <line num="310" count="0" type="stmt"/>
      <line num="313" count="0" type="stmt"/>
      <line num="314" count="0" type="stmt"/>
      <line num="315" count="0" type="stmt"/>
    </file>
    <file name="mcastServer.ts" path="C:\Users\lligu\GitHub\matterbridge-shelly\src\mcastServer.ts">
      <metrics statements="67" coveredstatements="48" conditionals="15" coveredconditionals="7" methods="12" coveredmethods="7"/>
      <line num="10" count="1" type="stmt"/>
      <line num="11" count="1" type="stmt"/>
      <line num="14" count="1" type="stmt"/>
      <line num="18" count="1" type="stmt"/>
      <line num="19" count="1" type="stmt"/>
      <line num="20" count="1" type="stmt"/>
      <line num="21" count="1" type="stmt"/>
      <line num="23" count="1" type="stmt"/>
      <line num="25" count="1" type="stmt"/>
      <line num="26" count="0" type="stmt"/>
      <line num="27" count="0" type="stmt"/>
      <line num="30" count="1" type="stmt"/>
      <line num="31" count="0" type="stmt"/>
      <line num="34" count="1" type="stmt"/>
      <line num="35" count="1" type="cond" truecount="0" falsecount="1"/>
      <line num="36" count="0" type="stmt"/>
      <line num="37" count="0" type="stmt"/>
      <line num="39" count="1" type="stmt"/>
      <line num="40" count="1" type="stmt"/>
      <line num="41" count="1" type="stmt"/>
      <line num="42" count="1" type="stmt"/>
      <line num="45" count="1" type="stmt"/>
      <line num="46" count="1" type="cond" truecount="0" falsecount="1"/>
      <line num="47" count="0" type="stmt"/>
      <line num="48" count="0" type="stmt"/>
      <line num="50" count="1" type="stmt"/>
      <line num="51" count="1" type="stmt"/>
      <line num="52" count="1" type="stmt"/>
      <line num="53" count="1" type="stmt"/>
      <line num="54" count="1" type="cond" truecount="1" falsecount="0"/>
      <line num="59" count="1" type="stmt"/>
      <line num="60" count="1" type="stmt"/>
      <line num="61" count="1" type="stmt"/>
      <line num="62" count="1" type="stmt"/>
      <line num="64" count="1" type="stmt"/>
      <line num="66" count="1" type="stmt"/>
      <line num="68" count="1" type="stmt"/>
      <line num="69" count="1" type="cond" truecount="0" falsecount="1"/>
      <line num="70" count="0" type="stmt"/>
      <line num="71" count="0" type="stmt"/>
      <line num="73" count="1" type="stmt"/>
      <line num="74" count="1" type="stmt"/>
      <line num="75" count="1" type="stmt"/>
      <line num="76" count="1" type="stmt"/>
      <line num="77" count="1" type="stmt"/>
      <line num="78" count="1" type="cond" truecount="1" falsecount="0"/>
      <line num="80" count="1" type="stmt"/>
      <line num="81" count="0" type="stmt"/>
      <line num="82" count="0" type="cond" truecount="0" falsecount="2"/>
      <line num="83" count="0" type="stmt"/>
      <line num="85" count="0" type="stmt"/>
      <line num="93" count="1" type="stmt"/>
      <line num="94" count="1" type="cond" truecount="1" falsecount="0"/>
      <line num="95" count="1" type="stmt"/>
      <line num="97" count="1" type="stmt"/>
      <line num="98" count="1" type="cond" truecount="1" falsecount="0"/>
      <line num="99" count="1" type="stmt"/>
      <line num="100" count="1" type="cond" truecount="1" falsecount="0"/>
      <line num="101" count="1" type="stmt"/>
      <line num="103" count="1" type="stmt"/>
      <line num="107" count="1" type="cond" truecount="2" falsecount="1"/>
      <line num="108" count="0" type="stmt"/>
      <line num="110" count="0" type="cond" truecount="0" falsecount="1"/>
      <line num="112" count="0" type="cond" truecount="0" falsecount="1"/>
      <line num="114" count="0" type="stmt"/>
      <line num="115" count="0" type="stmt"/>
      <line num="116" count="0" type="stmt"/>
    </file>
    <file name="shellyDevice.ts" path="C:\Users\lligu\GitHub\matterbridge-shelly\src\shellyDevice.ts">
      <metrics statements="330" coveredstatements="234" conditionals="157" coveredconditionals="104" methods="37" coveredmethods="28"/>
      <line num="24" count="1360" type="stmt"/>
      <line num="25" count="1360" type="stmt"/>
      <line num="26" count="1360" type="stmt"/>
      <line num="30" count="777" type="stmt"/>
      <line num="34" count="40" type="stmt"/>
      <line num="56" count="151" type="stmt"/>
      <line num="57" count="151" type="stmt"/>
      <line num="60" count="151" type="stmt"/>
      <line num="61" count="151" type="stmt"/>
      <line num="62" count="151" type="stmt"/>
      <line num="63" count="151" type="stmt"/>
      <line num="65" count="916" type="cond" truecount="1" falsecount="0"/>
      <line num="66" count="916" type="stmt"/>
      <line num="70" count="151" type="cond" truecount="1" falsecount="0"/>
      <line num="71" count="20" type="stmt"/>
      <line num="72" count="0" type="stmt"/>
      <line num="75" count="20" type="stmt"/>
      <line num="76" count="0" type="stmt"/>
      <line num="79" count="20" type="stmt"/>
      <line num="80" count="0" type="stmt"/>
      <line num="81" count="0" type="stmt"/>
      <line num="86" count="151" type="cond" truecount="1" falsecount="0"/>
      <line num="87" count="2" type="stmt"/>
      <line num="88" count="0" type="stmt"/>
      <line num="91" count="2" type="stmt"/>
      <line num="92" count="0" type="stmt"/>
      <line num="95" count="2" type="stmt"/>
      <line num="96" count="0" type="stmt"/>
      <line num="102" count="4" type="stmt"/>
      <line num="106" count="99" type="stmt"/>
      <line num="110" count="1360" type="stmt"/>
      <line num="111" count="1360" type="stmt"/>
      <line num="115" count="13" type="stmt"/>
      <line num="116" count="13" type="cond" truecount="1" falsecount="0"/>
      <line num="117" count="13" type="stmt"/>
      <line num="121" count="28" type="stmt"/>
      <line num="122" count="28" type="cond" truecount="1" falsecount="0"/>
      <line num="123" count="1" type="stmt"/>
      <line num="127" count="2" type="stmt"/>
      <line num="131" count="55" type="stmt"/>
      <line num="132" count="368" type="stmt"/>
      <line num="137" count="15" type="stmt"/>
      <line num="138" count="54" type="stmt"/>
      <line num="139" count="54" type="cond" truecount="1" falsecount="0"/>
      <line num="140" count="25" type="stmt"/>
      <line num="141" count="25" type="cond" truecount="1" falsecount="0"/>
      <line num="142" count="1" type="stmt"/>
      <line num="143" count="1" type="cond" truecount="1" falsecount="0"/>
      <line num="145" count="25" type="cond" truecount="1" falsecount="0"/>
      <line num="146" count="1" type="stmt"/>
      <line num="147" count="1" type="cond" truecount="1" falsecount="0"/>
      <line num="154" count="18" type="cond" truecount="1" falsecount="0"/>
      <line num="155" count="16" type="cond" truecount="1" falsecount="0"/>
      <line num="156" count="15" type="cond" truecount="2" falsecount="0"/>
      <line num="157" count="15" type="cond" truecount="4" falsecount="0"/>
      <line num="158" count="15" type="stmt"/>
      <line num="159" count="15" type="cond" truecount="2" falsecount="0"/>
      <line num="160" count="6" type="cond" truecount="2" falsecount="0"/>
      <line num="161" count="1" type="stmt"/>
      <line num="162" count="1" type="stmt"/>
      <line num="163" count="5" type="cond" truecount="2" falsecount="0"/>
      <line num="164" count="1" type="stmt"/>
      <line num="165" count="1" type="stmt"/>
      <line num="166" count="4" type="cond" truecount="2" falsecount="0"/>
      <line num="167" count="1" type="stmt"/>
      <line num="168" count="1" type="stmt"/>
      <line num="169" count="3" type="cond" truecount="2" falsecount="0"/>
      <line num="170" count="1" type="stmt"/>
      <line num="171" count="1" type="cond" truecount="1" falsecount="1"/>
      <line num="172" count="2" type="cond" truecount="2" falsecount="0"/>
      <line num="173" count="1" type="stmt"/>
      <line num="174" count="1" type="cond" truecount="1" falsecount="1"/>
      <line num="176" count="1" type="stmt"/>
      <line num="179" count="9" type="stmt"/>
      <line num="181" count="15" type="cond" truecount="1" falsecount="1"/>
      <line num="182" count="0" type="stmt"/>
      <line num="186" count="18" type="stmt"/>
      <line num="187" count="18" type="stmt"/>
      <line num="188" count="122" type="cond" truecount="4" falsecount="0"/>
      <line num="197" count="16" type="stmt"/>
      <line num="198" count="16" type="stmt"/>
      <line num="199" count="16" type="stmt"/>
      <line num="200" count="16" type="stmt"/>
      <line num="201" count="16" type="stmt"/>
      <line num="202" count="16" type="stmt"/>
      <line num="203" count="16" type="stmt"/>
      <line num="204" count="16" type="stmt"/>
      <line num="205" count="16" type="stmt"/>
      <line num="208" count="16" type="stmt"/>
      <line num="211" count="16" type="stmt"/>
      <line num="212" count="16" type="stmt"/>
      <line num="213" count="16" type="stmt"/>
      <line num="217" count="16" type="cond" truecount="1" falsecount="0"/>
      <line num="218" count="16" type="stmt"/>
      <line num="219" count="16" type="stmt"/>
      <line num="220" count="16" type="stmt"/>
      <line num="224" count="9" type="stmt"/>
      <line num="228" count="55" type="stmt"/>
      <line num="232" count="151" type="stmt"/>
      <line num="233" count="151" type="stmt"/>
      <line num="237" count="22" type="stmt"/>
      <line num="238" count="22" type="cond" truecount="1" falsecount="0"/>
      <line num="239" count="21" type="stmt"/>
      <line num="240" count="214" type="stmt"/>
      <line num="242" count="21" type="stmt"/>
      <line num="244" count="1" type="stmt"/>
      <line num="248" count="2" type="stmt"/>
      <line num="252" count="4" type="stmt"/>
      <line num="253" count="36" type="stmt"/>
      <line num="258" count="16" type="stmt"/>
      <line num="259" count="16" type="cond" truecount="0" falsecount="1"/>
      <line num="260" count="0" type="stmt"/>
      <line num="261" count="0" type="stmt"/>
      <line num="264" count="16" type="stmt"/>
      <line num="265" count="16" type="stmt"/>
      <line num="266" count="16" type="stmt"/>
      <line num="269" count="16" type="cond" truecount="1" falsecount="0"/>
      <line num="270" count="8" type="stmt"/>
      <line num="271" count="8" type="stmt"/>
      <line num="272" count="8" type="cond" truecount="2" falsecount="1"/>
      <line num="273" count="0" type="stmt"/>
      <line num="274" count="0" type="stmt"/>
      <line num="276" count="8" type="stmt"/>
      <line num="277" count="8" type="stmt"/>
      <line num="278" count="8" type="stmt"/>
      <line num="279" count="8" type="stmt"/>
      <line num="280" count="8" type="stmt"/>
      <line num="281" count="8" type="stmt"/>
      <line num="282" count="8" type="stmt"/>
      <line num="283" count="368" type="cond" truecount="1" falsecount="0"/>
      <line num="284" count="368" type="cond" truecount="1" falsecount="0"/>
      <line num="285" count="368" type="cond" truecount="1" falsecount="0"/>
      <line num="286" count="368" type="cond" truecount="1" falsecount="0"/>
      <line num="287" count="368" type="cond" truecount="1" falsecount="0"/>
      <line num="288" count="368" type="cond" truecount="1" falsecount="0"/>
      <line num="289" count="368" type="cond" truecount="1" falsecount="0"/>
      <line num="290" count="368" type="cond" truecount="1" falsecount="0"/>
      <line num="291" count="8" type="stmt"/>
      <line num="292" count="8" type="stmt"/>
      <line num="293" count="8" type="stmt"/>
      <line num="296" count="368" type="cond" truecount="0" falsecount="1"/>
      <line num="297" count="0" type="stmt"/>
      <line num="298" count="0" type="stmt"/>
      <line num="299" count="0" type="stmt"/>
      <line num="303" count="8" type="stmt"/>
      <line num="304" count="240" type="cond" truecount="1" falsecount="0"/>
      <line num="305" count="8" type="stmt"/>
      <line num="306" count="8" type="stmt"/>
      <line num="307" count="8" type="stmt"/>
      <line num="310" count="240" type="cond" truecount="0" falsecount="1"/>
      <line num="311" count="0" type="stmt"/>
      <line num="312" count="0" type="stmt"/>
      <line num="313" count="0" type="stmt"/>
      <line num="320" count="16" type="cond" truecount="3" falsecount="0"/>
      <line num="321" count="8" type="stmt"/>
      <line num="322" count="8" type="stmt"/>
      <line num="323" count="8" type="cond" truecount="2" falsecount="1"/>
      <line num="324" count="0" type="stmt"/>
      <line num="325" count="0" type="stmt"/>
      <line num="327" count="8" type="stmt"/>
      <line num="328" count="8" type="stmt"/>
      <line num="329" count="8" type="stmt"/>
      <line num="330" count="8" type="stmt"/>
      <line num="331" count="8" type="stmt"/>
      <line num="332" count="8" type="stmt"/>
      <line num="333" count="76" type="cond" truecount="1" falsecount="0"/>
      <line num="334" count="8" type="stmt"/>
      <line num="335" count="8" type="cond" truecount="1" falsecount="0"/>
      <line num="336" count="8" type="cond" truecount="1" falsecount="0"/>
      <line num="337" count="8" type="cond" truecount="1" falsecount="0"/>
      <line num="339" count="76" type="cond" truecount="1" falsecount="0"/>
      <line num="340" count="8" type="stmt"/>
      <line num="341" count="8" type="stmt"/>
      <line num="342" count="8" type="cond" truecount="1" falsecount="0"/>
      <line num="343" count="8" type="stmt"/>
      <line num="344" count="8" type="stmt"/>
      <line num="345" count="8" type="stmt"/>
      <line num="348" count="76" type="cond" truecount="1" falsecount="0"/>
      <line num="349" count="76" type="cond" truecount="1" falsecount="0"/>
      <line num="350" count="76" type="cond" truecount="1" falsecount="0"/>
      <line num="351" count="76" type="cond" truecount="1" falsecount="0"/>
      <line num="352" count="76" type="cond" truecount="1" falsecount="0"/>
      <line num="353" count="76" type="cond" truecount="1" falsecount="0"/>
      <line num="354" count="76" type="cond" truecount="0" falsecount="1"/>
      <line num="355" count="76" type="cond" truecount="0" falsecount="1"/>
      <line num="357" count="8" type="stmt"/>
      <line num="358" count="76" type="cond" truecount="1" falsecount="0"/>
      <line num="359" count="76" type="cond" truecount="1" falsecount="0"/>
      <line num="360" count="76" type="cond" truecount="0" falsecount="1"/>
      <line num="361" count="76" type="cond" truecount="0" falsecount="1"/>
      <line num="365" count="16" type="stmt"/>
      <line num="367" count="16" type="cond" truecount="1" falsecount="0"/>
      <line num="368" count="8" type="stmt"/>
      <line num="369" count="8" type="cond" truecount="1" falsecount="1"/>
      <line num="370" count="8" type="cond" truecount="0" falsecount="1"/>
      <line num="371" count="8" type="cond" truecount="1" falsecount="1"/>
      <line num="372" count="0" type="stmt"/>
      <line num="374" count="8" type="stmt"/>
      <line num="375" count="8" type="stmt"/>
      <line num="376" count="8" type="cond" truecount="2" falsecount="1"/>
      <line num="377" count="0" type="stmt"/>
      <line num="380" count="0" type="stmt"/>
      <line num="384" count="16" type="stmt"/>
      <line num="386" count="0" type="cond" truecount="0" falsecount="1"/>
      <line num="391" count="16" type="stmt"/>
      <line num="395" count="18" type="cond" truecount="2" falsecount="0"/>
      <line num="396" count="9" type="stmt"/>
      <line num="397" count="270" type="cond" truecount="3" falsecount="0"/>
      <line num="398" count="9" type="stmt"/>
      <line num="399" count="9" type="stmt"/>
      <line num="400" count="9" type="stmt"/>
      <line num="401" count="9" type="cond" truecount="1" falsecount="1"/>
      <line num="402" count="0" type="stmt"/>
      <line num="406" count="9" type="cond" truecount="2" falsecount="1"/>
      <line num="407" count="9" type="stmt"/>
      <line num="408" count="79" type="cond" truecount="1" falsecount="0"/>
      <line num="409" count="2" type="stmt"/>
      <line num="410" count="2" type="stmt"/>
      <line num="411" count="2" type="cond" truecount="1" falsecount="1"/>
      <line num="412" count="0" type="stmt"/>
      <line num="414" count="79" type="cond" truecount="1" falsecount="0"/>
      <line num="415" count="7" type="stmt"/>
      <line num="416" count="7" type="stmt"/>
      <line num="417" count="7" type="cond" truecount="2" falsecount="0"/>
      <line num="418" count="5" type="stmt"/>
      <line num="425" count="18" type="cond" truecount="2" falsecount="0"/>
      <line num="426" count="18" type="stmt"/>
      <line num="427" count="18" type="cond" truecount="0" falsecount="1"/>
      <line num="428" count="0" type="stmt"/>
      <line num="429" count="0" type="stmt"/>
      <line num="431" count="18" type="stmt"/>
      <line num="432" count="18" type="stmt"/>
      <line num="437" count="81" type="cond" truecount="0" falsecount="1"/>
      <line num="438" count="0" type="cond" truecount="0" falsecount="1"/>
      <line num="439" count="0" type="cond" truecount="0" falsecount="1"/>
      <line num="440" count="0" type="cond" truecount="0" falsecount="1"/>
      <line num="442" count="81" type="cond" truecount="1" falsecount="0"/>
      <line num="443" count="15" type="cond" truecount="1" falsecount="0"/>
      <line num="444" count="10" type="cond" truecount="1" falsecount="0"/>
      <line num="445" count="5" type="cond" truecount="1" falsecount="0"/>
      <line num="447" count="66" type="cond" truecount="1" falsecount="0"/>
      <line num="448" count="21" type="cond" truecount="1" falsecount="0"/>
      <line num="449" count="14" type="cond" truecount="1" falsecount="0"/>
      <line num="450" count="7" type="cond" truecount="1" falsecount="0"/>
      <line num="452" count="45" type="cond" truecount="0" falsecount="1"/>
      <line num="453" count="0" type="cond" truecount="0" falsecount="1"/>
      <line num="454" count="0" type="cond" truecount="0" falsecount="1"/>
      <line num="455" count="0" type="cond" truecount="0" falsecount="1"/>
      <line num="457" count="45" type="stmt"/>
      <line num="458" count="45" type="stmt"/>
      <line num="459" count="45" type="stmt"/>
      <line num="466" count="45" type="cond" truecount="1" falsecount="1"/>
      <line num="467" count="45" type="cond" truecount="0" falsecount="1"/>
      <line num="468" count="0" type="cond" truecount="0" falsecount="2"/>
      <line num="470" count="0" type="cond" truecount="0" falsecount="1"/>
      <line num="472" count="0" type="stmt"/>
      <line num="473" count="0" type="cond" truecount="0" falsecount="1"/>
      <line num="474" count="0" type="stmt"/>
      <line num="475" count="0" type="stmt"/>
      <line num="476" count="0" type="stmt"/>
      <line num="477" count="0" type="stmt"/>
      <line num="478" count="0" type="stmt"/>
      <line num="479" count="0" type="stmt"/>
      <line num="480" count="0" type="stmt"/>
      <line num="481" count="0" type="cond" truecount="0" falsecount="1"/>
      <line num="482" count="0" type="stmt"/>
      <line num="483" count="0" type="stmt"/>
      <line num="484" count="0" type="stmt"/>
      <line num="485" count="0" type="cond" truecount="0" falsecount="1"/>
      <line num="487" count="0" type="stmt"/>
      <line num="489" count="45" type="stmt"/>
      <line num="490" count="45" type="stmt"/>
      <line num="492" count="0" type="cond" truecount="0" falsecount="2"/>
      <line num="493" count="0" type="stmt"/>
      <line num="503" count="2" type="stmt"/>
      <line num="504" count="2" type="stmt"/>
      <line num="505" count="2" type="stmt"/>
      <line num="506" count="2" type="stmt"/>
      <line num="507" count="2" type="cond" truecount="1" falsecount="0"/>
      <line num="508" count="2" type="stmt"/>
      <line num="509" count="2" type="stmt"/>
      <line num="511" count="0" type="stmt"/>
      <line num="512" count="0" type="stmt"/>
      <line num="513" count="0" type="stmt"/>
      <line num="515" count="0" type="stmt"/>
      <line num="516" count="0" type="stmt"/>
      <line num="532" count="0" type="stmt"/>
      <line num="533" count="0" type="cond" truecount="0" falsecount="2"/>
      <line num="534" count="0" type="stmt"/>
      <line num="535" count="0" type="stmt"/>
      <line num="536" count="0" type="cond" truecount="0" falsecount="1"/>
      <line num="537" count="0" type="stmt"/>
      <line num="538" count="0" type="stmt"/>
      <line num="540" count="0" type="stmt"/>
      <line num="541" count="0" type="stmt"/>
      <line num="542" count="0" type="stmt"/>
      <line num="544" count="0" type="stmt"/>
      <line num="545" count="0" type="stmt"/>
      <line num="565" count="2" type="stmt"/>
      <line num="568" count="2" type="stmt"/>
      <line num="569" count="18" type="stmt"/>
      <line num="570" count="18" type="stmt"/>
      <line num="571" count="122" type="cond" truecount="4" falsecount="0"/>
      <line num="577" count="1" type="cond" truecount="0" falsecount="1"/>
      <line num="578" count="0" type="stmt"/>
      <line num="581" count="0" type="stmt"/>
      <line num="585" count="0" type="stmt"/>
      <line num="586" count="0" type="cond" truecount="0" falsecount="1"/>
      <line num="589" count="0" type="stmt"/>
      <line num="590" count="0" type="cond" truecount="0" falsecount="1"/>
      <line num="591" count="0" type="cond" truecount="0" falsecount="1"/>
      <line num="592" count="0" type="stmt"/>
      <line num="593" count="0" type="stmt"/>
      <line num="594" count="0" type="stmt"/>
      <line num="596" count="0" type="cond" truecount="0" falsecount="1"/>
      <line num="597" count="0" type="stmt"/>
      <line num="598" count="0" type="stmt"/>
      <line num="599" count="0" type="stmt"/>
      <line num="602" count="0" type="stmt"/>
      <line num="603" count="0" type="cond" truecount="0" falsecount="1"/>
      <line num="604" count="0" type="cond" truecount="0" falsecount="1"/>
      <line num="605" count="0" type="stmt"/>
      <line num="606" count="0" type="stmt"/>
      <line num="607" count="0" type="stmt"/>
      <line num="610" count="0" type="stmt"/>
      <line num="611" count="0" type="cond" truecount="0" falsecount="1"/>
      <line num="613" count="0" type="stmt"/>
      <line num="614" count="0" type="cond" truecount="0" falsecount="1"/>
      <line num="616" count="0" type="stmt"/>
      <line num="617" count="0" type="stmt"/>
    </file>
    <file name="shellydimmer2.ts" path="C:\Users\lligu\GitHub\matterbridge-shelly\src\shellydimmer2.ts">
      <metrics statements="3" coveredstatements="3" conditionals="0" coveredconditionals="0" methods="0" coveredmethods="0"/>
      <line num="4" count="1" type="stmt"/>
      <line num="17" count="1" type="stmt"/>
      <line num="105" count="1" type="stmt"/>
    </file>
    <file name="shellyplus1pm.ts" path="C:\Users\lligu\GitHub\matterbridge-shelly\src\shellyplus1pm.ts">
      <metrics statements="3" coveredstatements="3" conditionals="0" coveredconditionals="0" methods="0" coveredmethods="0"/>
      <line num="4" count="1" type="stmt"/>
      <line num="19" count="1" type="stmt"/>
      <line num="77" count="1" type="stmt"/>
    </file>
    <file name="shellyplus2pm.ts" path="C:\Users\lligu\GitHub\matterbridge-shelly\src\shellyplus2pm.ts">
      <metrics statements="3" coveredstatements="3" conditionals="0" coveredconditionals="0" methods="0" coveredmethods="0"/>
      <line num="4" count="2" type="stmt"/>
      <line num="20" count="2" type="stmt"/>
      <line num="113" count="2" type="stmt"/>
    </file>
    <file name="shellypmminig3.ts" path="C:\Users\lligu\GitHub\matterbridge-shelly\src\shellypmminig3.ts">
      <metrics statements="3" coveredstatements="3" conditionals="0" coveredconditionals="0" methods="0" coveredmethods="0"/>
      <line num="4" count="1" type="stmt"/>
      <line num="19" count="1" type="stmt"/>
      <line num="76" count="1" type="stmt"/>
    </file>
    <file name="utils.ts" path="C:\Users\lligu\GitHub\matterbridge-shelly\src\utils.ts">
      <metrics statements="82" coveredstatements="58" conditionals="43" coveredconditionals="32" methods="10" coveredmethods="8"/>
      <line num="58" count="237" type="stmt"/>
      <line num="62" count="237" type="stmt"/>
      <line num="63" count="5" type="cond" truecount="0" falsecount="1"/>
      <line num="65" count="0" type="stmt"/>
      <line num="70" count="237" type="cond" truecount="1" falsecount="0"/>
      <line num="71" count="181" type="stmt"/>
      <line num="75" count="56" type="cond" truecount="0" falsecount="1"/>
      <line num="76" count="0" type="stmt"/>
      <line num="77" count="0" type="stmt"/>
      <line num="81" count="56" type="cond" truecount="2" falsecount="1"/>
      <line num="82" count="0" type="stmt"/>
      <line num="83" count="0" type="stmt"/>
      <line num="87" count="56" type="cond" truecount="3" falsecount="0"/>
      <line num="88" count="4" type="cond" truecount="0" falsecount="1"/>
      <line num="89" count="0" type="stmt"/>
      <line num="90" count="0" type="stmt"/>
      <line num="92" count="4" type="stmt"/>
      <line num="93" count="12" type="cond" truecount="0" falsecount="1"/>
      <line num="94" count="0" type="stmt"/>
      <line num="95" count="0" type="stmt"/>
      <line num="96" count="0" type="stmt"/>
      <line num="97" count="0" type="stmt"/>
      <line num="100" count="4" type="stmt"/>
      <line num="104" count="52" type="cond" truecount="3" falsecount="0"/>
      <line num="105" count="232" type="stmt"/>
      <line num="106" count="230" type="stmt"/>
      <line num="109" count="51" type="cond" truecount="1" falsecount="0"/>
      <line num="110" count="1" type="stmt"/>
      <line num="111" count="1" type="stmt"/>
      <line num="112" count="1" type="stmt"/>
      <line num="113" count="1" type="stmt"/>
      <line num="117" count="50" type="stmt"/>
      <line num="118" count="218" type="cond" truecount="0" falsecount="1"/>
      <line num="119" count="0" type="stmt"/>
      <line num="120" count="0" type="stmt"/>
      <line num="122" count="218" type="cond" truecount="1" falsecount="0"/>
      <line num="123" count="2" type="stmt"/>
      <line num="124" count="2" type="stmt"/>
      <line num="128" count="48" type="stmt"/>
      <line num="132" count="1" type="stmt"/>
      <line num="143" count="231" type="cond" truecount="4" falsecount="0"/>
      <line num="145" count="179" type="stmt"/>
      <line num="146" count="52" type="cond" truecount="2" falsecount="0"/>
      <line num="149" count="12" type="stmt"/>
      <line num="150" count="48" type="cond" truecount="1" falsecount="1"/>
      <line num="153" count="0" type="stmt"/>
      <line num="154" count="48" type="cond" truecount="1" falsecount="1"/>
      <line num="156" count="0" type="stmt"/>
      <line num="157" count="0" type="stmt"/>
      <line num="158" count="0" type="stmt"/>
      <line num="161" count="0" type="stmt"/>
      <line num="162" count="48" type="cond" truecount="1" falsecount="1"/>
      <line num="164" count="0" type="stmt"/>
      <line num="165" count="0" type="stmt"/>
      <line num="166" count="0" type="stmt"/>
      <line num="169" count="0" type="stmt"/>
      <line num="172" count="48" type="stmt"/>
      <line num="173" count="48" type="stmt"/>
      <line num="174" count="48" type="stmt"/>
      <line num="175" count="215" type="cond" truecount="1" falsecount="0"/>
      <line num="176" count="215" type="stmt"/>
      <line num="179" count="48" type="stmt"/>
      <line num="189" count="13" type="stmt"/>
      <line num="191" count="13" type="stmt"/>
      <line num="192" count="13" type="cond" truecount="0" falsecount="1"/>
      <line num="193" count="0" type="stmt"/>
      <line num="195" count="13" type="stmt"/>
      <line num="196" count="52" type="cond" truecount="4" falsecount="0"/>
      <line num="197" count="13" type="stmt"/>
      <line num="200" count="13" type="cond" truecount="1" falsecount="0"/>
      <line num="201" count="13" type="stmt"/>
      <line num="205" count="13" type="stmt"/>
      <line num="214" count="1" type="stmt"/>
      <line num="216" count="1" type="stmt"/>
      <line num="217" count="1" type="cond" truecount="0" falsecount="1"/>
      <line num="218" count="0" type="stmt"/>
      <line num="220" count="1" type="stmt"/>
      <line num="221" count="4" type="cond" truecount="4" falsecount="0"/>
      <line num="222" count="1" type="stmt"/>
      <line num="225" count="1" type="cond" truecount="1" falsecount="0"/>
      <line num="226" count="1" type="stmt"/>
      <line num="230" count="1" type="stmt"/>
    </file>
  </project>
</coverage>
