{"C:\\Users\\lligu\\GitHub\\matterbridge-shelly\\src\\coapScanner.ts": {"path":"C:\\Users\\lligu\\GitHub\\matterbridge-shelly\\src\\coapScanner.ts","statementMap":{"0":{"start":{"line":8,"column":34},"end":{"line":8,"column":40}},"1":{"start":{"line":9,"column":37},"end":{"line":9,"column":43}},"2":{"start":{"line":10,"column":35},"end":{"line":10,"column":41}},"3":{"start":{"line":12,"column":31},"end":{"line":12,"column":44}},"4":{"start":{"line":31,"column":24},"end":{"line":31,"column":29}},"5":{"start":{"line":37,"column":4},"end":{"line":37,"column":122}},"6":{"start":{"line":39,"column":4},"end":{"line":39,"column":33}},"7":{"start":{"line":41,"column":4},"end":{"line":41,"column":38}},"8":{"start":{"line":42,"column":4},"end":{"line":42,"column":54}},"9":{"start":{"line":42,"column":38},"end":{"line":42,"column":53}},"10":{"start":{"line":46,"column":4},"end":{"line":46,"column":28}},"11":{"start":{"line":50,"column":4},"end":{"line":50,"column":68}},"12":{"start":{"line":51,"column":21},"end":{"line":65,"column":12}},"13":{"start":{"line":59,"column":8},"end":{"line":59,"column":159}},"14":{"start":{"line":60,"column":8},"end":{"line":60,"column":37}},"15":{"start":{"line":63,"column":8},"end":{"line":63,"column":81}},"16":{"start":{"line":69,"column":4},"end":{"line":69,"column":63}},"17":{"start":{"line":70,"column":21},"end":{"line":84,"column":12}},"18":{"start":{"line":78,"column":8},"end":{"line":78,"column":154}},"19":{"start":{"line":79,"column":8},"end":{"line":79,"column":37}},"20":{"start":{"line":82,"column":8},"end":{"line":82,"column":76}},"21":{"start":{"line":88,"column":4},"end":{"line":88,"column":60}},"22":{"start":{"line":89,"column":21},"end":{"line":105,"column":12}},"23":{"start":{"line":99,"column":8},"end":{"line":99,"column":144}},"24":{"start":{"line":100,"column":8},"end":{"line":100,"column":37}},"25":{"start":{"line":103,"column":8},"end":{"line":103,"column":89}},"26":{"start":{"line":109,"column":4},"end":{"line":121,"column":6}},"27":{"start":{"line":112,"column":8},"end":{"line":112,"column":48}},"28":{"start":{"line":114,"column":8},"end":{"line":116,"column":9}},"29":{"start":{"line":115,"column":10},"end":{"line":115,"column":45}},"30":{"start":{"line":118,"column":8},"end":{"line":118,"column":66}},"31":{"start":{"line":120,"column":15},"end":{"line":120,"column":29}},"32":{"start":{"line":123,"column":4},"end":{"line":138,"column":6}},"33":{"start":{"line":126,"column":8},"end":{"line":126,"column":51}},"34":{"start":{"line":128,"column":8},"end":{"line":133,"column":9}},"35":{"start":{"line":130,"column":25},"end":{"line":130,"column":40}},"36":{"start":{"line":131,"column":10},"end":{"line":131,"column":53}},"37":{"start":{"line":132,"column":10},"end":{"line":132,"column":24}},"38":{"start":{"line":135,"column":8},"end":{"line":135,"column":69}},"39":{"start":{"line":137,"column":15},"end":{"line":137,"column":34}},"40":{"start":{"line":140,"column":4},"end":{"line":155,"column":6}},"41":{"start":{"line":143,"column":8},"end":{"line":143,"column":49}},"42":{"start":{"line":145,"column":8},"end":{"line":150,"column":9}},"43":{"start":{"line":147,"column":25},"end":{"line":147,"column":40}},"44":{"start":{"line":148,"column":10},"end":{"line":148,"column":53}},"45":{"start":{"line":149,"column":10},"end":{"line":149,"column":24}},"46":{"start":{"line":152,"column":8},"end":{"line":152,"column":67}},"47":{"start":{"line":154,"column":15},"end":{"line":154,"column":34}},"48":{"start":{"line":159,"column":4},"end":{"line":159,"column":54}},"49":{"start":{"line":161,"column":17},"end":{"line":161,"column":35}},"50":{"start":{"line":163,"column":20},"end":{"line":163,"column":38}},"51":{"start":{"line":165,"column":21},"end":{"line":165,"column":23}},"52":{"start":{"line":166,"column":19},"end":{"line":166,"column":21}},"53":{"start":{"line":167,"column":27},"end":{"line":167,"column":29}},"54":{"start":{"line":168,"column":19},"end":{"line":168,"column":20}},"55":{"start":{"line":169,"column":17},"end":{"line":169,"column":18}},"56":{"start":{"line":172,"column":4},"end":{"line":177,"column":5}},"57":{"start":{"line":173,"column":20},"end":{"line":173,"column":65}},"58":{"start":{"line":174,"column":6},"end":{"line":174,"column":28}},"59":{"start":{"line":175,"column":6},"end":{"line":175,"column":26}},"60":{"start":{"line":176,"column":6},"end":{"line":176,"column":34}},"61":{"start":{"line":179,"column":4},"end":{"line":186,"column":5}},"62":{"start":{"line":180,"column":23},"end":{"line":180,"column":60}},"63":{"start":{"line":181,"column":6},"end":{"line":185,"column":7}},"64":{"start":{"line":182,"column":8},"end":{"line":182,"column":45}},"65":{"start":{"line":184,"column":8},"end":{"line":184,"column":32}},"66":{"start":{"line":188,"column":4},"end":{"line":190,"column":5}},"67":{"start":{"line":189,"column":6},"end":{"line":189,"column":51}},"68":{"start":{"line":192,"column":4},"end":{"line":196,"column":5}},"69":{"start":{"line":193,"column":6},"end":{"line":193,"column":51}},"70":{"start":{"line":195,"column":6},"end":{"line":195,"column":39}},"71":{"start":{"line":198,"column":4},"end":{"line":198,"column":33}},"72":{"start":{"line":199,"column":4},"end":{"line":199,"column":45}},"73":{"start":{"line":200,"column":4},"end":{"line":200,"column":41}},"74":{"start":{"line":201,"column":4},"end":{"line":201,"column":57}},"75":{"start":{"line":202,"column":4},"end":{"line":202,"column":41}},"76":{"start":{"line":203,"column":4},"end":{"line":203,"column":37}},"77":{"start":{"line":204,"column":4},"end":{"line":204,"column":39}},"78":{"start":{"line":206,"column":4},"end":{"line":206,"column":92}},"79":{"start":{"line":210,"column":4},"end":{"line":212,"column":7}},"80":{"start":{"line":230,"column":4},"end":{"line":238,"column":7}},"81":{"start":{"line":231,"column":6},"end":{"line":231,"column":147}},"82":{"start":{"line":232,"column":6},"end":{"line":237,"column":7}},"83":{"start":{"line":233,"column":28},"end":{"line":233,"column":56}},"84":{"start":{"line":234,"column":8},"end":{"line":234,"column":52}},"85":{"start":{"line":236,"column":8},"end":{"line":236,"column":25}},"86":{"start":{"line":240,"column":4},"end":{"line":246,"column":7}},"87":{"start":{"line":241,"column":6},"end":{"line":245,"column":7}},"88":{"start":{"line":242,"column":8},"end":{"line":242,"column":65}},"89":{"start":{"line":244,"column":8},"end":{"line":244,"column":54}},"90":{"start":{"line":250,"column":4},"end":{"line":250,"column":58}},"91":{"start":{"line":251,"column":30},"end":{"line":251,"column":43}},"92":{"start":{"line":252,"column":17},"end":{"line":252,"column":21}},"93":{"start":{"line":253,"column":22},"end":{"line":253,"column":43}},"94":{"start":{"line":255,"column":19},"end":{"line":255,"column":72}},"95":{"start":{"line":257,"column":4},"end":{"line":260,"column":7}},"96":{"start":{"line":258,"column":6},"end":{"line":258,"column":51}},"97":{"start":{"line":259,"column":6},"end":{"line":259,"column":21}},"98":{"start":{"line":262,"column":4},"end":{"line":265,"column":7}},"99":{"start":{"line":263,"column":6},"end":{"line":263,"column":74}},"100":{"start":{"line":264,"column":6},"end":{"line":264,"column":37}},"101":{"start":{"line":267,"column":4},"end":{"line":271,"column":7}},"102":{"start":{"line":268,"column":22},"end":{"line":268,"column":38}},"103":{"start":{"line":269,"column":6},"end":{"line":269,"column":76}},"104":{"start":{"line":270,"column":6},"end":{"line":270,"column":57}},"105":{"start":{"line":273,"column":4},"end":{"line":277,"column":7}},"106":{"start":{"line":274,"column":6},"end":{"line":274,"column":32}},"107":{"start":{"line":275,"column":6},"end":{"line":275,"column":34}},"108":{"start":{"line":276,"column":6},"end":{"line":276,"column":66}},"109":{"start":{"line":281,"column":4},"end":{"line":281,"column":56}},"110":{"start":{"line":282,"column":30},"end":{"line":282,"column":43}},"111":{"start":{"line":283,"column":17},"end":{"line":283,"column":21}},"112":{"start":{"line":284,"column":22},"end":{"line":284,"column":43}},"113":{"start":{"line":286,"column":20},"end":{"line":286,"column":57}},"114":{"start":{"line":288,"column":19},"end":{"line":288,"column":72}},"115":{"start":{"line":290,"column":4},"end":{"line":303,"column":7}},"116":{"start":{"line":291,"column":6},"end":{"line":291,"column":32}},"117":{"start":{"line":292,"column":6},"end":{"line":292,"column":34}},"118":{"start":{"line":293,"column":6},"end":{"line":293,"column":57}},"119":{"start":{"line":294,"column":6},"end":{"line":302,"column":15}},"120":{"start":{"line":295,"column":8},"end":{"line":301,"column":11}},"121":{"start":{"line":296,"column":10},"end":{"line":300,"column":11}},"122":{"start":{"line":297,"column":12},"end":{"line":297,"column":66}},"123":{"start":{"line":299,"column":12},"end":{"line":299,"column":72}},"124":{"start":{"line":307,"column":4},"end":{"line":307,"column":32}},"125":{"start":{"line":308,"column":4},"end":{"line":308,"column":65}},"126":{"start":{"line":309,"column":4},"end":{"line":309,"column":28}},"127":{"start":{"line":310,"column":4},"end":{"line":310,"column":29}},"128":{"start":{"line":314,"column":4},"end":{"line":314,"column":34}},"129":{"start":{"line":318,"column":4},"end":{"line":318,"column":62}},"130":{"start":{"line":322,"column":4},"end":{"line":322,"column":65}},"131":{"start":{"line":323,"column":4},"end":{"line":323,"column":63}},"132":{"start":{"line":323,"column":29},"end":{"line":323,"column":63}},"133":{"start":{"line":324,"column":4},"end":{"line":324,"column":29}},"134":{"start":{"line":325,"column":4},"end":{"line":325,"column":36}},"135":{"start":{"line":326,"column":4},"end":{"line":326,"column":49}},"136":{"start":{"line":326,"column":25},"end":{"line":326,"column":49}},"137":{"start":{"line":327,"column":4},"end":{"line":327,"column":62}},"138":{"start":{"line":332,"column":18},"end":{"line":332,"column":29}},"139":{"start":{"line":333,"column":28},"end":{"line":333,"column":50}},"140":{"start":{"line":335,"column":2},"end":{"line":348,"column":3}},"141":{"start":{"line":336,"column":4},"end":{"line":338,"column":5}},"142":{"start":{"line":337,"column":6},"end":{"line":337,"column":12}},"143":{"start":{"line":339,"column":4},"end":{"line":343,"column":5}},"144":{"start":{"line":340,"column":6},"end":{"line":342,"column":7}},"145":{"start":{"line":341,"column":8},"end":{"line":341,"column":35}},"146":{"start":{"line":345,"column":4},"end":{"line":347,"column":5}},"147":{"start":{"line":346,"column":6},"end":{"line":346,"column":12}},"148":{"start":{"line":349,"column":2},"end":{"line":349,"column":57}},"149":{"start":{"line":350,"column":2},"end":{"line":350,"column":19}},"150":{"start":{"line":353,"column":0},"end":{"line":376,"column":1}},"151":{"start":{"line":360,"column":21},"end":{"line":360,"column":37}},"152":{"start":{"line":362,"column":2},"end":{"line":362,"column":75}},"153":{"start":{"line":362,"column":45},"end":{"line":362,"column":75}},"154":{"start":{"line":364,"column":2},"end":{"line":364,"column":73}},"155":{"start":{"line":364,"column":43},"end":{"line":364,"column":73}},"156":{"start":{"line":366,"column":2},"end":{"line":366,"column":160}},"157":{"start":{"line":366,"column":126},"end":{"line":366,"column":160}},"158":{"start":{"line":368,"column":2},"end":{"line":368,"column":97}},"159":{"start":{"line":368,"column":48},"end":{"line":368,"column":97}},"160":{"start":{"line":370,"column":2},"end":{"line":370,"column":87}},"161":{"start":{"line":370,"column":43},"end":{"line":370,"column":87}},"162":{"start":{"line":372,"column":2},"end":{"line":375,"column":5}},"163":{"start":{"line":373,"column":4},"end":{"line":373,"column":22}},"164":{"start":{"line":374,"column":4},"end":{"line":374,"column":19}}},"fnMap":{"0":{"name":"(anonymous_0)","decl":{"start":{"line":36,"column":2},"end":{"line":36,"column":null}},"loc":{"start":{"line":36,"column":2},"end":{"line":43,"column":3}}},"1":{"name":"(anonymous_1)","decl":{"start":{"line":42,"column":32},"end":{"line":42,"column":35}},"loc":{"start":{"line":42,"column":38},"end":{"line":42,"column":53}}},"2":{"name":"(anonymous_2)","decl":{"start":{"line":45,"column":2},"end":{"line":45,"column":6}},"loc":{"start":{"line":45,"column":16},"end":{"line":47,"column":3}}},"3":{"name":"(anonymous_3)","decl":{"start":{"line":49,"column":2},"end":{"line":49,"column":22}},"loc":{"start":{"line":49,"column":35},"end":{"line":66,"column":3}}},"4":{"name":"(anonymous_4)","decl":{"start":{"line":58,"column":22},"end":{"line":58,"column":23}},"loc":{"start":{"line":58,"column":47},"end":{"line":61,"column":7}}},"5":{"name":"(anonymous_5)","decl":{"start":{"line":62,"column":19},"end":{"line":62,"column":20}},"loc":{"start":{"line":62,"column":27},"end":{"line":64,"column":7}}},"6":{"name":"(anonymous_6)","decl":{"start":{"line":68,"column":2},"end":{"line":68,"column":17}},"loc":{"start":{"line":68,"column":30},"end":{"line":85,"column":3}}},"7":{"name":"(anonymous_7)","decl":{"start":{"line":77,"column":22},"end":{"line":77,"column":23}},"loc":{"start":{"line":77,"column":47},"end":{"line":80,"column":7}}},"8":{"name":"(anonymous_8)","decl":{"start":{"line":81,"column":19},"end":{"line":81,"column":20}},"loc":{"start":{"line":81,"column":27},"end":{"line":83,"column":7}}},"9":{"name":"(anonymous_9)","decl":{"start":{"line":87,"column":2},"end":{"line":87,"column":26}},"loc":{"start":{"line":87,"column":26},"end":{"line":106,"column":3}}},"10":{"name":"(anonymous_10)","decl":{"start":{"line":98,"column":22},"end":{"line":98,"column":23}},"loc":{"start":{"line":98,"column":47},"end":{"line":101,"column":7}}},"11":{"name":"(anonymous_11)","decl":{"start":{"line":102,"column":19},"end":{"line":102,"column":20}},"loc":{"start":{"line":102,"column":27},"end":{"line":104,"column":7}}},"12":{"name":"(anonymous_12)","decl":{"start":{"line":108,"column":10},"end":{"line":108,"column":31}},"loc":{"start":{"line":108,"column":31},"end":{"line":156,"column":3}}},"13":{"name":"(anonymous_13)","decl":{"start":{"line":111,"column":6},"end":{"line":111,"column":7}},"loc":{"start":{"line":111,"column":14},"end":{"line":119,"column":7}}},"14":{"name":"(anonymous_14)","decl":{"start":{"line":120,"column":6},"end":{"line":120,"column":7}},"loc":{"start":{"line":120,"column":15},"end":{"line":120,"column":29}}},"15":{"name":"(anonymous_15)","decl":{"start":{"line":125,"column":6},"end":{"line":125,"column":7}},"loc":{"start":{"line":125,"column":14},"end":{"line":136,"column":7}}},"16":{"name":"(anonymous_16)","decl":{"start":{"line":137,"column":6},"end":{"line":137,"column":7}},"loc":{"start":{"line":137,"column":15},"end":{"line":137,"column":34}}},"17":{"name":"(anonymous_17)","decl":{"start":{"line":142,"column":6},"end":{"line":142,"column":7}},"loc":{"start":{"line":142,"column":14},"end":{"line":153,"column":7}}},"18":{"name":"(anonymous_18)","decl":{"start":{"line":154,"column":6},"end":{"line":154,"column":7}},"loc":{"start":{"line":154,"column":15},"end":{"line":154,"column":34}}},"19":{"name":"(anonymous_19)","decl":{"start":{"line":158,"column":2},"end":{"line":158,"column":20}},"loc":{"start":{"line":158,"column":41},"end":{"line":207,"column":3}}},"20":{"name":"(anonymous_20)","decl":{"start":{"line":209,"column":2},"end":{"line":209,"column":24}},"loc":{"start":{"line":209,"column":50},"end":{"line":247,"column":3}}},"21":{"name":"(anonymous_21)","decl":{"start":{"line":230,"column":34},"end":{"line":230,"column":35}},"loc":{"start":{"line":230,"column":81},"end":{"line":238,"column":5}}},"22":{"name":"(anonymous_22)","decl":{"start":{"line":240,"column":27},"end":{"line":240,"column":28}},"loc":{"start":{"line":240,"column":35},"end":{"line":246,"column":5}}},"23":{"name":"(anonymous_23)","decl":{"start":{"line":249,"column":2},"end":{"line":249,"column":18}},"loc":{"start":{"line":249,"column":18},"end":{"line":278,"column":3}}},"24":{"name":"(anonymous_24)","decl":{"start":{"line":257,"column":23},"end":{"line":257,"column":24}},"loc":{"start":{"line":257,"column":31},"end":{"line":260,"column":5}}},"25":{"name":"(anonymous_25)","decl":{"start":{"line":262,"column":25},"end":{"line":262,"column":26}},"loc":{"start":{"line":262,"column":40},"end":{"line":265,"column":5}}},"26":{"name":"(anonymous_26)","decl":{"start":{"line":267,"column":27},"end":{"line":267,"column":30}},"loc":{"start":{"line":267,"column":32},"end":{"line":271,"column":5}}},"27":{"name":"(anonymous_27)","decl":{"start":{"line":273,"column":33},"end":{"line":273,"column":36}},"loc":{"start":{"line":273,"column":38},"end":{"line":277,"column":5}}},"28":{"name":"(anonymous_28)","decl":{"start":{"line":280,"column":2},"end":{"line":280,"column":18}},"loc":{"start":{"line":280,"column":18},"end":{"line":304,"column":3}}},"29":{"name":"(anonymous_29)","decl":{"start":{"line":290,"column":16},"end":{"line":290,"column":19}},"loc":{"start":{"line":290,"column":21},"end":{"line":303,"column":5}}},"30":{"name":"(anonymous_30)","decl":{"start":{"line":294,"column":18},"end":{"line":294,"column":21}},"loc":{"start":{"line":294,"column":23},"end":{"line":302,"column":7}}},"31":{"name":"(anonymous_31)","decl":{"start":{"line":295,"column":73},"end":{"line":295,"column":74}},"loc":{"start":{"line":295,"column":81},"end":{"line":301,"column":9}}},"32":{"name":"(anonymous_32)","decl":{"start":{"line":306,"column":2},"end":{"line":306,"column":7}},"loc":{"start":{"line":306,"column":60},"end":{"line":319,"column":3}}},"33":{"name":"(anonymous_33)","decl":{"start":{"line":321,"column":2},"end":{"line":321,"column":6}},"loc":{"start":{"line":321,"column":6},"end":{"line":328,"column":3}}},"34":{"name":"getInterfaceAddress","decl":{"start":{"line":331,"column":16},"end":{"line":331,"column":35}},"loc":{"start":{"line":331,"column":35},"end":{"line":351,"column":1}}},"35":{"name":"(anonymous_35)","decl":{"start":{"line":372,"column":23},"end":{"line":372,"column":28}},"loc":{"start":{"line":372,"column":28},"end":{"line":375,"column":3}}}},"branchMap":{"0":{"loc":{"start":{"line":114,"column":8},"end":{"line":116,"column":9}},"type":"if","locations":[{"start":{"line":114,"column":8},"end":{"line":116,"column":9}}]},"1":{"loc":{"start":{"line":114,"column":12},"end":{"line":114,"column":82}},"type":"binary-expr","locations":[{"start":{"line":114,"column":12},"end":{"line":114,"column":35}},{"start":{"line":114,"column":40},"end":{"line":114,"column":43}},{"start":{"line":114,"column":47},"end":{"line":114,"column":81}}]},"2":{"loc":{"start":{"line":128,"column":8},"end":{"line":133,"column":9}},"type":"if","locations":[{"start":{"line":128,"column":8},"end":{"line":133,"column":9}}]},"3":{"loc":{"start":{"line":145,"column":8},"end":{"line":150,"column":9}},"type":"if","locations":[{"start":{"line":145,"column":8},"end":{"line":150,"column":9}}]},"4":{"loc":{"start":{"line":172,"column":4},"end":{"line":177,"column":5}},"type":"if","locations":[{"start":{"line":172,"column":4},"end":{"line":177,"column":5}}]},"5":{"loc":{"start":{"line":179,"column":4},"end":{"line":186,"column":5}},"type":"if","locations":[{"start":{"line":179,"column":4},"end":{"line":186,"column":5}}]},"6":{"loc":{"start":{"line":181,"column":6},"end":{"line":185,"column":7}},"type":"if","locations":[{"start":{"line":181,"column":6},"end":{"line":185,"column":7}},{"start":{"line":183,"column":13},"end":{"line":185,"column":7}}]},"7":{"loc":{"start":{"line":188,"column":4},"end":{"line":190,"column":5}},"type":"if","locations":[{"start":{"line":188,"column":4},"end":{"line":190,"column":5}}]},"8":{"loc":{"start":{"line":232,"column":6},"end":{"line":237,"column":7}},"type":"if","locations":[{"start":{"line":232,"column":6},"end":{"line":237,"column":7}},{"start":{"line":235,"column":13},"end":{"line":237,"column":7}}]},"9":{"loc":{"start":{"line":232,"column":10},"end":{"line":232,"column":53}},"type":"binary-expr","locations":[{"start":{"line":232,"column":10},"end":{"line":232,"column":29}},{"start":{"line":232,"column":33},"end":{"line":232,"column":53}}]},"10":{"loc":{"start":{"line":234,"column":8},"end":{"line":234,"column":51}},"type":"binary-expr","locations":[{"start":{"line":234,"column":8},"end":{"line":234,"column":21}},{"start":{"line":234,"column":25},"end":{"line":234,"column":51}}]},"11":{"loc":{"start":{"line":241,"column":6},"end":{"line":245,"column":7}},"type":"if","locations":[{"start":{"line":241,"column":6},"end":{"line":245,"column":7}},{"start":{"line":243,"column":13},"end":{"line":245,"column":7}}]},"12":{"loc":{"start":{"line":296,"column":10},"end":{"line":300,"column":11}},"type":"if","locations":[{"start":{"line":296,"column":10},"end":{"line":300,"column":11}},{"start":{"line":298,"column":17},"end":{"line":300,"column":11}}]},"13":{"loc":{"start":{"line":306,"column":47},"end":{"line":306,"column":60}},"type":"default-arg","locations":[{"start":{"line":306,"column":55},"end":{"line":306,"column":60}}]},"14":{"loc":{"start":{"line":323,"column":4},"end":{"line":323,"column":63}},"type":"if","locations":[{"start":{"line":323,"column":4},"end":{"line":323,"column":63}}]},"15":{"loc":{"start":{"line":326,"column":4},"end":{"line":326,"column":49}},"type":"if","locations":[{"start":{"line":326,"column":4},"end":{"line":326,"column":49}}]},"16":{"loc":{"start":{"line":336,"column":4},"end":{"line":338,"column":5}},"type":"if","locations":[{"start":{"line":336,"column":4},"end":{"line":338,"column":5}}]},"17":{"loc":{"start":{"line":340,"column":6},"end":{"line":342,"column":7}},"type":"if","locations":[{"start":{"line":340,"column":6},"end":{"line":342,"column":7}}]},"18":{"loc":{"start":{"line":340,"column":10},"end":{"line":340,"column":83}},"type":"binary-expr","locations":[{"start":{"line":340,"column":10},"end":{"line":340,"column":34}},{"start":{"line":340,"column":38},"end":{"line":340,"column":54}},{"start":{"line":340,"column":58},"end":{"line":340,"column":83}}]},"19":{"loc":{"start":{"line":345,"column":4},"end":{"line":347,"column":5}},"type":"if","locations":[{"start":{"line":345,"column":4},"end":{"line":347,"column":5}}]},"20":{"loc":{"start":{"line":353,"column":0},"end":{"line":376,"column":1}},"type":"if","locations":[{"start":{"line":353,"column":0},"end":{"line":376,"column":1}}]},"21":{"loc":{"start":{"line":354,"column":2},"end":{"line":358,"column":37}},"type":"binary-expr","locations":[{"start":{"line":354,"column":2},"end":{"line":354,"column":37}},{"start":{"line":355,"column":2},"end":{"line":355,"column":37}},{"start":{"line":356,"column":2},"end":{"line":356,"column":39}},{"start":{"line":357,"column":2},"end":{"line":357,"column":42}},{"start":{"line":358,"column":2},"end":{"line":358,"column":37}}]},"22":{"loc":{"start":{"line":362,"column":2},"end":{"line":362,"column":75}},"type":"if","locations":[{"start":{"line":362,"column":2},"end":{"line":362,"column":75}}]},"23":{"loc":{"start":{"line":364,"column":2},"end":{"line":364,"column":73}},"type":"if","locations":[{"start":{"line":364,"column":2},"end":{"line":364,"column":73}}]},"24":{"loc":{"start":{"line":366,"column":2},"end":{"line":366,"column":160}},"type":"if","locations":[{"start":{"line":366,"column":2},"end":{"line":366,"column":160}}]},"25":{"loc":{"start":{"line":366,"column":6},"end":{"line":366,"column":124}},"type":"binary-expr","locations":[{"start":{"line":366,"column":6},"end":{"line":366,"column":41}},{"start":{"line":366,"column":45},"end":{"line":366,"column":85}},{"start":{"line":366,"column":89},"end":{"line":366,"column":124}}]},"26":{"loc":{"start":{"line":368,"column":2},"end":{"line":368,"column":97}},"type":"if","locations":[{"start":{"line":368,"column":2},"end":{"line":368,"column":97}}]},"27":{"loc":{"start":{"line":370,"column":2},"end":{"line":370,"column":87}},"type":"if","locations":[{"start":{"line":370,"column":2},"end":{"line":370,"column":87}}]}},"s":{"0":2,"1":2,"2":2,"3":2,"4":1,"5":1,"6":1,"7":1,"8":1,"9":3,"10":6,"11":1,"12":1,"13":1,"14":1,"15":0,"16":1,"17":1,"18":1,"19":1,"20":0,"21":1,"22":1,"23":0,"24":0,"25":0,"26":1,"27":0,"28":0,"29":0,"30":0,"31":2,"32":1,"33":0,"34":0,"35":0,"36":0,"37":0,"38":0,"39":1,"40":1,"41":0,"42":0,"43":0,"44":0,"45":0,"46":0,"47":1,"48":2,"49":2,"50":2,"51":2,"52":2,"53":2,"54":2,"55":2,"56":2,"57":2,"58":2,"59":2,"60":2,"61":2,"62":1,"63":1,"64":1,"65":0,"66":2,"67":1,"68":2,"69":2,"70":0,"71":2,"72":2,"73":2,"74":2,"75":2,"76":2,"77":2,"78":2,"79":1,"80":1,"81":1,"82":1,"83":0,"84":0,"85":1,"86":1,"87":1,"88":0,"89":1,"90":1,"91":1,"92":1,"93":1,"94":1,"95":1,"96":0,"97":0,"98":1,"99":35,"100":35,"101":1,"102":1,"103":1,"104":1,"105":1,"106":1,"107":1,"108":1,"109":1,"110":1,"111":1,"112":1,"113":1,"114":1,"115":1,"116":1,"117":1,"118":1,"119":1,"120":29,"121":29,"122":0,"123":29,"124":1,"125":1,"126":1,"127":1,"128":1,"129":1,"130":1,"131":1,"132":0,"133":1,"134":1,"135":1,"136":1,"137":1,"138":3,"139":3,"140":3,"141":3,"142":0,"143":3,"144":12,"145":3,"146":3,"147":3,"148":3,"149":3,"150":2,"151":0,"152":0,"153":0,"154":0,"155":0,"156":0,"157":0,"158":0,"159":0,"160":0,"161":0,"162":0,"163":0,"164":0},"f":{"0":1,"1":3,"2":6,"3":1,"4":1,"5":0,"6":1,"7":1,"8":0,"9":1,"10":0,"11":0,"12":1,"13":0,"14":2,"15":0,"16":1,"17":0,"18":1,"19":2,"20":1,"21":1,"22":1,"23":1,"24":0,"25":35,"26":1,"27":1,"28":1,"29":1,"30":29,"31":29,"32":1,"33":1,"34":3,"35":0},"b":{"0":[0],"1":[0,0,0],"2":[0],"3":[0],"4":[2],"5":[1],"6":[1,0],"7":[1],"8":[0,1],"9":[1,0],"10":[0,0],"11":[0,1],"12":[0,29],"13":[0],"14":[0],"15":[1],"16":[0],"17":[3],"18":[12,3,3],"19":[3],"20":[0],"21":[2,2,2,2,2],"22":[0],"23":[0],"24":[0],"25":[0,0,0],"26":[0],"27":[0]}}
,"C:\\Users\\lligu\\GitHub\\matterbridge-shelly\\src\\shellyDevice.ts": {"path":"C:\\Users\\lligu\\GitHub\\matterbridge-shelly\\src\\shellyDevice.ts","statementMap":{"0":{"start":{"line":20,"column":4},"end":{"line":20,"column":19}},"1":{"start":{"line":21,"column":4},"end":{"line":21,"column":24}},"2":{"start":{"line":22,"column":4},"end":{"line":22,"column":31}},"3":{"start":{"line":26,"column":4},"end":{"line":26,"column":23}},"4":{"start":{"line":30,"column":4},"end":{"line":30,"column":24}},"5":{"start":{"line":52,"column":33},"end":{"line":52,"column":66}},"6":{"start":{"line":53,"column":31},"end":{"line":53,"column":59}},"7":{"start":{"line":56,"column":4},"end":{"line":56,"column":17}},"8":{"start":{"line":57,"column":4},"end":{"line":57,"column":21}},"9":{"start":{"line":58,"column":4},"end":{"line":58,"column":25}},"10":{"start":{"line":59,"column":4},"end":{"line":63,"column":5}},"11":{"start":{"line":61,"column":6},"end":{"line":61,"column":100}},"12":{"start":{"line":61,"column":41},"end":{"line":61,"column":100}},"13":{"start":{"line":62,"column":6},"end":{"line":62,"column":85}},"14":{"start":{"line":66,"column":4},"end":{"line":79,"column":5}},"15":{"start":{"line":67,"column":7},"end":{"line":69,"column":8}},"16":{"start":{"line":68,"column":8},"end":{"line":68,"column":37}},"17":{"start":{"line":71,"column":7},"end":{"line":73,"column":8}},"18":{"start":{"line":72,"column":8},"end":{"line":72,"column":38}},"19":{"start":{"line":75,"column":7},"end":{"line":78,"column":8}},"20":{"start":{"line":76,"column":29},"end":{"line":76,"column":51}},"21":{"start":{"line":77,"column":8},"end":{"line":77,"column":46}},"22":{"start":{"line":82,"column":4},"end":{"line":94,"column":5}},"23":{"start":{"line":83,"column":7},"end":{"line":85,"column":8}},"24":{"start":{"line":84,"column":8},"end":{"line":84,"column":39}},"25":{"start":{"line":87,"column":7},"end":{"line":89,"column":8}},"26":{"start":{"line":88,"column":8},"end":{"line":88,"column":40}},"27":{"start":{"line":91,"column":7},"end":{"line":93,"column":8}},"28":{"start":{"line":92,"column":8},"end":{"line":92,"column":39}},"29":{"start":{"line":98,"column":4},"end":{"line":98,"column":37}},"30":{"start":{"line":102,"column":4},"end":{"line":102,"column":37}},"31":{"start":{"line":106,"column":4},"end":{"line":106,"column":49}},"32":{"start":{"line":107,"column":4},"end":{"line":107,"column":16}},"33":{"start":{"line":111,"column":21},"end":{"line":111,"column":42}},"34":{"start":{"line":112,"column":4},"end":{"line":112,"column":41}},"35":{"start":{"line":112,"column":18},"end":{"line":112,"column":41}},"36":{"start":{"line":113,"column":4},"end":{"line":113,"column":16}},"37":{"start":{"line":117,"column":21},"end":{"line":117,"column":42}},"38":{"start":{"line":118,"column":4},"end":{"line":118,"column":40}},"39":{"start":{"line":118,"column":18},"end":{"line":118,"column":40}},"40":{"start":{"line":119,"column":4},"end":{"line":119,"column":21}},"41":{"start":{"line":123,"column":4},"end":{"line":123,"column":49}},"42":{"start":{"line":127,"column":4},"end":{"line":129,"column":5}},"43":{"start":{"line":128,"column":6},"end":{"line":128,"column":28}},"44":{"start":{"line":133,"column":4},"end":{"line":146,"column":5}},"45":{"start":{"line":134,"column":23},"end":{"line":134,"column":44}},"46":{"start":{"line":135,"column":6},"end":{"line":145,"column":7}},"47":{"start":{"line":136,"column":8},"end":{"line":136,"column":35}},"48":{"start":{"line":137,"column":8},"end":{"line":140,"column":9}},"49":{"start":{"line":138,"column":24},"end":{"line":138,"column":49}},"50":{"start":{"line":139,"column":10},"end":{"line":139,"column":45}},"51":{"start":{"line":139,"column":21},"end":{"line":139,"column":45}},"52":{"start":{"line":141,"column":8},"end":{"line":144,"column":9}},"53":{"start":{"line":142,"column":24},"end":{"line":142,"column":49}},"54":{"start":{"line":143,"column":10},"end":{"line":143,"column":45}},"55":{"start":{"line":143,"column":21},"end":{"line":143,"column":45}},"56":{"start":{"line":150,"column":4},"end":{"line":150,"column":37}},"57":{"start":{"line":150,"column":30},"end":{"line":150,"column":37}},"58":{"start":{"line":151,"column":4},"end":{"line":151,"column":38}},"59":{"start":{"line":151,"column":31},"end":{"line":151,"column":38}},"60":{"start":{"line":152,"column":15},"end":{"line":152,"column":72}},"61":{"start":{"line":153,"column":20},"end":{"line":153,"column":124}},"62":{"start":{"line":154,"column":34},"end":{"line":154,"column":38}},"63":{"start":{"line":155,"column":4},"end":{"line":176,"column":5}},"64":{"start":{"line":156,"column":6},"end":{"line":173,"column":7}},"65":{"start":{"line":157,"column":8},"end":{"line":157,"column":68}},"66":{"start":{"line":158,"column":8},"end":{"line":158,"column":41}},"67":{"start":{"line":159,"column":13},"end":{"line":173,"column":7}},"68":{"start":{"line":160,"column":8},"end":{"line":160,"column":68}},"69":{"start":{"line":161,"column":8},"end":{"line":161,"column":40}},"70":{"start":{"line":162,"column":13},"end":{"line":173,"column":7}},"71":{"start":{"line":163,"column":8},"end":{"line":163,"column":68}},"72":{"start":{"line":164,"column":8},"end":{"line":164,"column":44}},"73":{"start":{"line":165,"column":13},"end":{"line":173,"column":7}},"74":{"start":{"line":166,"column":8},"end":{"line":166,"column":68}},"75":{"start":{"line":167,"column":8},"end":{"line":167,"column":70}},"76":{"start":{"line":168,"column":13},"end":{"line":173,"column":7}},"77":{"start":{"line":169,"column":8},"end":{"line":169,"column":68}},"78":{"start":{"line":170,"column":8},"end":{"line":170,"column":66}},"79":{"start":{"line":172,"column":8},"end":{"line":172,"column":67}},"80":{"start":{"line":175,"column":6},"end":{"line":175,"column":65}},"81":{"start":{"line":177,"column":4},"end":{"line":178,"column":114}},"82":{"start":{"line":177,"column":14},"end":{"line":177,"column":32}},"83":{"start":{"line":178,"column":9},"end":{"line":178,"column":114}},"84":{"start":{"line":182,"column":4},"end":{"line":182,"column":90}},"85":{"start":{"line":183,"column":4},"end":{"line":185,"column":5}},"86":{"start":{"line":184,"column":6},"end":{"line":184,"column":147}},"87":{"start":{"line":193,"column":7},"end":{"line":193,"column":9}},"88":{"start":{"line":194,"column":10},"end":{"line":194,"column":12}},"89":{"start":{"line":195,"column":8},"end":{"line":195,"column":10}},"90":{"start":{"line":196,"column":13},"end":{"line":196,"column":15}},"91":{"start":{"line":197,"column":9},"end":{"line":197,"column":14}},"92":{"start":{"line":198,"column":9},"end":{"line":198,"column":11}},"93":{"start":{"line":199,"column":11},"end":{"line":199,"column":16}},"94":{"start":{"line":200,"column":8},"end":{"line":200,"column":9}},"95":{"start":{"line":201,"column":13},"end":{"line":201,"column":14}},"96":{"start":{"line":204,"column":33},"end":{"line":204,"column":67}},"97":{"start":{"line":207,"column":4},"end":{"line":207,"column":12}},"98":{"start":{"line":208,"column":4},"end":{"line":208,"column":19}},"99":{"start":{"line":209,"column":4},"end":{"line":209,"column":21}},"100":{"start":{"line":213,"column":4},"end":{"line":213,"column":68}},"101":{"start":{"line":213,"column":31},"end":{"line":213,"column":68}},"102":{"start":{"line":214,"column":4},"end":{"line":214,"column":38}},"103":{"start":{"line":215,"column":4},"end":{"line":215,"column":22}},"104":{"start":{"line":216,"column":4},"end":{"line":216,"column":30}},"105":{"start":{"line":220,"column":4},"end":{"line":220,"column":36}},"106":{"start":{"line":224,"column":4},"end":{"line":224,"column":36}},"107":{"start":{"line":228,"column":4},"end":{"line":228,"column":50}},"108":{"start":{"line":229,"column":4},"end":{"line":229,"column":21}},"109":{"start":{"line":233,"column":22},"end":{"line":233,"column":43}},"110":{"start":{"line":234,"column":4},"end":{"line":239,"column":5}},"111":{"start":{"line":235,"column":6},"end":{"line":237,"column":7}},"112":{"start":{"line":236,"column":8},"end":{"line":236,"column":97}},"113":{"start":{"line":238,"column":6},"end":{"line":238,"column":23}},"114":{"start":{"line":240,"column":4},"end":{"line":240,"column":21}},"115":{"start":{"line":244,"column":4},"end":{"line":244,"column":49}},"116":{"start":{"line":248,"column":4},"end":{"line":250,"column":5}},"117":{"start":{"line":249,"column":6},"end":{"line":249,"column":29}},"118":{"start":{"line":254,"column":19},"end":{"line":254,"column":59}},"119":{"start":{"line":255,"column":4},"end":{"line":258,"column":5}},"120":{"start":{"line":256,"column":6},"end":{"line":256,"column":82}},"121":{"start":{"line":257,"column":6},"end":{"line":257,"column":23}},"122":{"start":{"line":260,"column":19},"end":{"line":260,"column":67}},"123":{"start":{"line":261,"column":4},"end":{"line":261,"column":38}},"124":{"start":{"line":262,"column":4},"end":{"line":262,"column":33}},"125":{"start":{"line":265,"column":4},"end":{"line":313,"column":5}},"126":{"start":{"line":266,"column":21},"end":{"line":266,"column":61}},"127":{"start":{"line":267,"column":23},"end":{"line":267,"column":65}},"128":{"start":{"line":268,"column":6},"end":{"line":271,"column":7}},"129":{"start":{"line":269,"column":8},"end":{"line":269,"column":83}},"130":{"start":{"line":270,"column":8},"end":{"line":270,"column":25}},"131":{"start":{"line":272,"column":6},"end":{"line":272,"column":43}},"132":{"start":{"line":273,"column":6},"end":{"line":273,"column":69}},"133":{"start":{"line":274,"column":6},"end":{"line":274,"column":60}},"134":{"start":{"line":275,"column":6},"end":{"line":275,"column":43}},"135":{"start":{"line":276,"column":6},"end":{"line":276,"column":44}},"136":{"start":{"line":277,"column":6},"end":{"line":277,"column":21}},"137":{"start":{"line":278,"column":6},"end":{"line":298,"column":7}},"138":{"start":{"line":279,"column":8},"end":{"line":279,"column":122}},"139":{"start":{"line":279,"column":31},"end":{"line":279,"column":122}},"140":{"start":{"line":280,"column":8},"end":{"line":280,"column":123}},"141":{"start":{"line":280,"column":32},"end":{"line":280,"column":123}},"142":{"start":{"line":281,"column":8},"end":{"line":281,"column":124}},"143":{"start":{"line":281,"column":33},"end":{"line":281,"column":124}},"144":{"start":{"line":282,"column":8},"end":{"line":282,"column":119}},"145":{"start":{"line":282,"column":28},"end":{"line":282,"column":119}},"146":{"start":{"line":283,"column":8},"end":{"line":283,"column":121}},"147":{"start":{"line":283,"column":29},"end":{"line":283,"column":121}},"148":{"start":{"line":284,"column":8},"end":{"line":284,"column":119}},"149":{"start":{"line":284,"column":28},"end":{"line":284,"column":119}},"150":{"start":{"line":285,"column":8},"end":{"line":285,"column":121}},"151":{"start":{"line":285,"column":29},"end":{"line":285,"column":121}},"152":{"start":{"line":286,"column":8},"end":{"line":291,"column":9}},"153":{"start":{"line":287,"column":22},"end":{"line":287,"column":23}},"154":{"start":{"line":288,"column":10},"end":{"line":290,"column":11}},"155":{"start":{"line":289,"column":12},"end":{"line":289,"column":111}},"156":{"start":{"line":292,"column":8},"end":{"line":297,"column":9}},"157":{"start":{"line":293,"column":22},"end":{"line":293,"column":23}},"158":{"start":{"line":294,"column":10},"end":{"line":296,"column":11}},"159":{"start":{"line":295,"column":12},"end":{"line":295,"column":111}},"160":{"start":{"line":299,"column":6},"end":{"line":312,"column":7}},"161":{"start":{"line":300,"column":8},"end":{"line":305,"column":9}},"162":{"start":{"line":301,"column":22},"end":{"line":301,"column":23}},"163":{"start":{"line":302,"column":10},"end":{"line":304,"column":11}},"164":{"start":{"line":303,"column":12},"end":{"line":303,"column":83}},"165":{"start":{"line":306,"column":8},"end":{"line":311,"column":9}},"166":{"start":{"line":307,"column":22},"end":{"line":307,"column":23}},"167":{"start":{"line":308,"column":10},"end":{"line":310,"column":11}},"168":{"start":{"line":309,"column":12},"end":{"line":309,"column":83}},"169":{"start":{"line":316,"column":4},"end":{"line":354,"column":5}},"170":{"start":{"line":317,"column":21},"end":{"line":317,"column":75}},"171":{"start":{"line":318,"column":23},"end":{"line":318,"column":77}},"172":{"start":{"line":319,"column":6},"end":{"line":322,"column":7}},"173":{"start":{"line":320,"column":8},"end":{"line":320,"column":83}},"174":{"start":{"line":321,"column":8},"end":{"line":321,"column":25}},"175":{"start":{"line":323,"column":6},"end":{"line":323,"column":44}},"176":{"start":{"line":324,"column":6},"end":{"line":324,"column":38}},"177":{"start":{"line":325,"column":6},"end":{"line":325,"column":63}},"178":{"start":{"line":326,"column":6},"end":{"line":326,"column":46}},"179":{"start":{"line":327,"column":6},"end":{"line":327,"column":30}},"180":{"start":{"line":328,"column":6},"end":{"line":349,"column":7}},"181":{"start":{"line":329,"column":8},"end":{"line":334,"column":9}},"182":{"start":{"line":330,"column":23},"end":{"line":330,"column":50}},"183":{"start":{"line":331,"column":10},"end":{"line":331,"column":114}},"184":{"start":{"line":331,"column":23},"end":{"line":331,"column":114}},"185":{"start":{"line":332,"column":10},"end":{"line":332,"column":117}},"186":{"start":{"line":332,"column":24},"end":{"line":332,"column":117}},"187":{"start":{"line":333,"column":10},"end":{"line":333,"column":120}},"188":{"start":{"line":333,"column":25},"end":{"line":333,"column":120}},"189":{"start":{"line":335,"column":8},"end":{"line":342,"column":9}},"190":{"start":{"line":336,"column":22},"end":{"line":336,"column":49}},"191":{"start":{"line":337,"column":10},"end":{"line":341,"column":11}},"192":{"start":{"line":338,"column":12},"end":{"line":338,"column":101}},"193":{"start":{"line":339,"column":24},"end":{"line":339,"column":48}},"194":{"start":{"line":340,"column":12},"end":{"line":340,"column":45}},"195":{"start":{"line":343,"column":8},"end":{"line":343,"column":119}},"196":{"start":{"line":343,"column":28},"end":{"line":343,"column":119}},"197":{"start":{"line":344,"column":8},"end":{"line":344,"column":115}},"198":{"start":{"line":344,"column":26},"end":{"line":344,"column":115}},"199":{"start":{"line":345,"column":8},"end":{"line":345,"column":121}},"200":{"start":{"line":345,"column":29},"end":{"line":345,"column":121}},"201":{"start":{"line":346,"column":8},"end":{"line":346,"column":117}},"202":{"start":{"line":346,"column":27},"end":{"line":346,"column":117}},"203":{"start":{"line":347,"column":8},"end":{"line":347,"column":132}},"204":{"start":{"line":347,"column":39},"end":{"line":347,"column":132}},"205":{"start":{"line":348,"column":8},"end":{"line":348,"column":133}},"206":{"start":{"line":348,"column":36},"end":{"line":348,"column":133}},"207":{"start":{"line":350,"column":6},"end":{"line":353,"column":7}},"208":{"start":{"line":351,"column":8},"end":{"line":351,"column":101}},"209":{"start":{"line":351,"column":39},"end":{"line":351,"column":101}},"210":{"start":{"line":352,"column":8},"end":{"line":352,"column":98}},"211":{"start":{"line":352,"column":36},"end":{"line":352,"column":98}},"212":{"start":{"line":356,"column":4},"end":{"line":356,"column":31}},"213":{"start":{"line":358,"column":4},"end":{"line":366,"column":5}},"214":{"start":{"line":359,"column":20},"end":{"line":359,"column":48}},"215":{"start":{"line":360,"column":6},"end":{"line":365,"column":7}},"216":{"start":{"line":361,"column":8},"end":{"line":361,"column":161}},"217":{"start":{"line":361,"column":40},"end":{"line":361,"column":161}},"218":{"start":{"line":362,"column":8},"end":{"line":362,"column":162}},"219":{"start":{"line":362,"column":75},"end":{"line":362,"column":162}},"220":{"start":{"line":364,"column":8},"end":{"line":364,"column":69}},"221":{"start":{"line":368,"column":4},"end":{"line":373,"column":6}},"222":{"start":{"line":370,"column":8},"end":{"line":370,"column":154}},"223":{"start":{"line":370,"column":59},"end":{"line":370,"column":154}},"224":{"start":{"line":375,"column":4},"end":{"line":375,"column":18}},"225":{"start":{"line":379,"column":4},"end":{"line":399,"column":5}},"226":{"start":{"line":380,"column":6},"end":{"line":389,"column":7}},"227":{"start":{"line":381,"column":8},"end":{"line":388,"column":9}},"228":{"start":{"line":382,"column":22},"end":{"line":382,"column":23}},"229":{"start":{"line":383,"column":10},"end":{"line":387,"column":11}},"230":{"start":{"line":384,"column":30},"end":{"line":384,"column":80}},"231":{"start":{"line":385,"column":12},"end":{"line":386,"column":134}},"232":{"start":{"line":385,"column":27},"end":{"line":385,"column":78}},"233":{"start":{"line":386,"column":17},"end":{"line":386,"column":134}},"234":{"start":{"line":390,"column":11},"end":{"line":399,"column":5}},"235":{"start":{"line":391,"column":6},"end":{"line":398,"column":7}},"236":{"start":{"line":392,"column":8},"end":{"line":397,"column":9}},"237":{"start":{"line":393,"column":24},"end":{"line":393,"column":47}},"238":{"start":{"line":394,"column":28},"end":{"line":394,"column":50}},"239":{"start":{"line":395,"column":10},"end":{"line":396,"column":107}},"240":{"start":{"line":395,"column":25},"end":{"line":395,"column":78}},"241":{"start":{"line":396,"column":15},"end":{"line":396,"column":107}},"242":{"start":{"line":403,"column":20},"end":{"line":403,"column":70}},"243":{"start":{"line":404,"column":19},"end":{"line":404,"column":63}},"244":{"start":{"line":405,"column":4},"end":{"line":408,"column":5}},"245":{"start":{"line":406,"column":6},"end":{"line":406,"column":80}},"246":{"start":{"line":407,"column":6},"end":{"line":407,"column":13}},"247":{"start":{"line":409,"column":4},"end":{"line":409,"column":24}},"248":{"start":{"line":410,"column":4},"end":{"line":410,"column":31}},"249":{"start":{"line":414,"column":4},"end":{"line":418,"column":5}},"250":{"start":{"line":415,"column":6},"end":{"line":415,"column":59}},"251":{"start":{"line":415,"column":32},"end":{"line":415,"column":59}},"252":{"start":{"line":416,"column":6},"end":{"line":416,"column":73}},"253":{"start":{"line":416,"column":46},"end":{"line":416,"column":73}},"254":{"start":{"line":417,"column":6},"end":{"line":417,"column":75}},"255":{"start":{"line":417,"column":46},"end":{"line":417,"column":75}},"256":{"start":{"line":419,"column":4},"end":{"line":423,"column":5}},"257":{"start":{"line":420,"column":6},"end":{"line":420,"column":59}},"258":{"start":{"line":420,"column":32},"end":{"line":420,"column":59}},"259":{"start":{"line":421,"column":6},"end":{"line":421,"column":73}},"260":{"start":{"line":421,"column":46},"end":{"line":421,"column":73}},"261":{"start":{"line":422,"column":6},"end":{"line":422,"column":75}},"262":{"start":{"line":422,"column":46},"end":{"line":422,"column":75}},"263":{"start":{"line":424,"column":4},"end":{"line":428,"column":5}},"264":{"start":{"line":425,"column":6},"end":{"line":425,"column":59}},"265":{"start":{"line":425,"column":32},"end":{"line":425,"column":59}},"266":{"start":{"line":426,"column":6},"end":{"line":426,"column":59}},"267":{"start":{"line":426,"column":32},"end":{"line":426,"column":59}},"268":{"start":{"line":427,"column":6},"end":{"line":427,"column":63}},"269":{"start":{"line":427,"column":34},"end":{"line":427,"column":63}},"270":{"start":{"line":429,"column":4},"end":{"line":433,"column":5}},"271":{"start":{"line":430,"column":6},"end":{"line":430,"column":60}},"272":{"start":{"line":430,"column":32},"end":{"line":430,"column":60}},"273":{"start":{"line":431,"column":6},"end":{"line":431,"column":60}},"274":{"start":{"line":431,"column":32},"end":{"line":431,"column":60}},"275":{"start":{"line":432,"column":6},"end":{"line":432,"column":64}},"276":{"start":{"line":432,"column":34},"end":{"line":432,"column":64}},"277":{"start":{"line":434,"column":16},"end":{"line":434,"column":43}},"278":{"start":{"line":435,"column":4},"end":{"line":447,"column":5}},"279":{"start":{"line":436,"column":23},"end":{"line":436,"column":39}},"280":{"start":{"line":437,"column":6},"end":{"line":440,"column":7}},"281":{"start":{"line":438,"column":8},"end":{"line":438,"column":74}},"282":{"start":{"line":439,"column":8},"end":{"line":439,"column":20}},"283":{"start":{"line":441,"column":19},"end":{"line":441,"column":40}},"284":{"start":{"line":443,"column":6},"end":{"line":443,"column":32}},"285":{"start":{"line":445,"column":6},"end":{"line":445,"column":60}},"286":{"start":{"line":446,"column":6},"end":{"line":446,"column":18}},"287":{"start":{"line":468,"column":4},"end":{"line":480,"column":5}},"288":{"start":{"line":469,"column":23},"end":{"line":469,"column":89}},"289":{"start":{"line":470,"column":6},"end":{"line":473,"column":7}},"290":{"start":{"line":471,"column":8},"end":{"line":471,"column":94}},"291":{"start":{"line":472,"column":8},"end":{"line":472,"column":25}},"292":{"start":{"line":474,"column":19},"end":{"line":474,"column":40}},"293":{"start":{"line":475,"column":6},"end":{"line":475,"column":24}},"294":{"start":{"line":476,"column":6},"end":{"line":476,"column":18}},"295":{"start":{"line":478,"column":6},"end":{"line":478,"column":75}},"296":{"start":{"line":479,"column":6},"end":{"line":479,"column":23}},"297":{"start":{"line":499,"column":4},"end":{"line":501,"column":6}},"298":{"start":{"line":502,"column":4},"end":{"line":507,"column":5}},"299":{"start":{"line":503,"column":6},"end":{"line":503,"column":78}},"300":{"start":{"line":504,"column":6},"end":{"line":506,"column":7}},"301":{"start":{"line":505,"column":8},"end":{"line":505,"column":144}},"302":{"start":{"line":511,"column":0},"end":{"line":548,"column":1}},"303":{"start":{"line":512,"column":14},"end":{"line":512,"column":122}},"304":{"start":{"line":514,"column":17},"end":{"line":514,"column":64}},"305":{"start":{"line":515,"column":2},"end":{"line":515,"column":33}},"306":{"start":{"line":515,"column":14},"end":{"line":515,"column":33}},"307":{"start":{"line":516,"column":2},"end":{"line":516,"column":22}},"308":{"start":{"line":543,"column":2},"end":{"line":545,"column":5}},"309":{"start":{"line":544,"column":4},"end":{"line":544,"column":19}}},"fnMap":{"0":{"name":"(anonymous_0)","decl":{"start":{"line":19,"column":2},"end":{"line":19,"column":14}},"loc":{"start":{"line":19,"column":76},"end":{"line":23,"column":3}}},"1":{"name":"(anonymous_1)","decl":{"start":{"line":25,"column":2},"end":{"line":25,"column":6}},"loc":{"start":{"line":25,"column":11},"end":{"line":27,"column":3}}},"2":{"name":"(anonymous_2)","decl":{"start":{"line":29,"column":2},"end":{"line":29,"column":6}},"loc":{"start":{"line":29,"column":33},"end":{"line":31,"column":3}}},"3":{"name":"(anonymous_3)","decl":{"start":{"line":55,"column":2},"end":{"line":55,"column":14}},"loc":{"start":{"line":55,"column":79},"end":{"line":95,"column":3}}},"4":{"name":"(anonymous_4)","decl":{"start":{"line":67,"column":41},"end":{"line":67,"column":null}},"loc":{"start":{"line":67,"column":41},"end":{"line":69,"column":7}}},"5":{"name":"(anonymous_5)","decl":{"start":{"line":71,"column":42},"end":{"line":71,"column":null}},"loc":{"start":{"line":71,"column":42},"end":{"line":73,"column":7}}},"6":{"name":"(anonymous_6)","decl":{"start":{"line":75,"column":45},"end":{"line":75,"column":null}},"loc":{"start":{"line":75,"column":45},"end":{"line":78,"column":7}}},"7":{"name":"(anonymous_7)","decl":{"start":{"line":83,"column":43},"end":{"line":83,"column":null}},"loc":{"start":{"line":83,"column":43},"end":{"line":85,"column":7}}},"8":{"name":"(anonymous_8)","decl":{"start":{"line":87,"column":44},"end":{"line":87,"column":null}},"loc":{"start":{"line":87,"column":44},"end":{"line":89,"column":7}}},"9":{"name":"(anonymous_9)","decl":{"start":{"line":91,"column":43},"end":{"line":91,"column":null}},"loc":{"start":{"line":91,"column":43},"end":{"line":93,"column":7}}},"10":{"name":"(anonymous_10)","decl":{"start":{"line":97,"column":2},"end":{"line":97,"column":13}},"loc":{"start":{"line":97,"column":25},"end":{"line":99,"column":3}}},"11":{"name":"(anonymous_11)","decl":{"start":{"line":101,"column":2},"end":{"line":101,"column":13}},"loc":{"start":{"line":101,"column":25},"end":{"line":103,"column":3}}},"12":{"name":"(anonymous_12)","decl":{"start":{"line":105,"column":2},"end":{"line":105,"column":13}},"loc":{"start":{"line":105,"column":38},"end":{"line":108,"column":3}}},"13":{"name":"(anonymous_13)","decl":{"start":{"line":110,"column":2},"end":{"line":110,"column":10}},"loc":{"start":{"line":110,"column":45},"end":{"line":114,"column":3}}},"14":{"name":"(anonymous_14)","decl":{"start":{"line":116,"column":2},"end":{"line":116,"column":10}},"loc":{"start":{"line":116,"column":22},"end":{"line":120,"column":3}}},"15":{"name":"(anonymous_15)","decl":{"start":{"line":122,"column":2},"end":{"line":122,"column":6}},"loc":{"start":{"line":122,"column":16},"end":{"line":124,"column":3}}},"16":{"name":"(anonymous_16)","decl":{"start":{"line":126,"column":2},"end":{"line":126,"column":3}},"loc":{"start":{"line":126,"column":20},"end":{"line":130,"column":3}}},"17":{"name":"(anonymous_17)","decl":{"start":{"line":132,"column":2},"end":{"line":132,"column":8}},"loc":{"start":{"line":132,"column":25},"end":{"line":147,"column":3}}},"18":{"name":"(anonymous_18)","decl":{"start":{"line":149,"column":2},"end":{"line":149,"column":7}},"loc":{"start":{"line":149,"column":19},"end":{"line":179,"column":3}}},"19":{"name":"(anonymous_19)","decl":{"start":{"line":181,"column":2},"end":{"line":181,"column":14}},"loc":{"start":{"line":181,"column":14},"end":{"line":186,"column":3}}},"20":{"name":"(anonymous_20)","decl":{"start":{"line":206,"column":2},"end":{"line":206,"column":22}},"loc":{"start":{"line":206,"column":51},"end":{"line":210,"column":3}}},"21":{"name":"(anonymous_21)","decl":{"start":{"line":212,"column":2},"end":{"line":212,"column":9}},"loc":{"start":{"line":212,"column":9},"end":{"line":217,"column":3}}},"22":{"name":"(anonymous_22)","decl":{"start":{"line":219,"column":2},"end":{"line":219,"column":14}},"loc":{"start":{"line":219,"column":25},"end":{"line":221,"column":3}}},"23":{"name":"(anonymous_23)","decl":{"start":{"line":223,"column":2},"end":{"line":223,"column":14}},"loc":{"start":{"line":223,"column":25},"end":{"line":225,"column":3}}},"24":{"name":"(anonymous_24)","decl":{"start":{"line":227,"column":2},"end":{"line":227,"column":14}},"loc":{"start":{"line":227,"column":41},"end":{"line":230,"column":3}}},"25":{"name":"(anonymous_25)","decl":{"start":{"line":232,"column":2},"end":{"line":232,"column":24}},"loc":{"start":{"line":232,"column":54},"end":{"line":241,"column":3}}},"26":{"name":"(anonymous_26)","decl":{"start":{"line":243,"column":2},"end":{"line":243,"column":6}},"loc":{"start":{"line":243,"column":16},"end":{"line":245,"column":3}}},"27":{"name":"(anonymous_27)","decl":{"start":{"line":247,"column":2},"end":{"line":247,"column":3}},"loc":{"start":{"line":247,"column":20},"end":{"line":251,"column":3}}},"28":{"name":"(anonymous_28)","decl":{"start":{"line":253,"column":2},"end":{"line":253,"column":8}},"loc":{"start":{"line":253,"column":51},"end":{"line":376,"column":3}}},"29":{"name":"(anonymous_29)","decl":{"start":{"line":369,"column":6},"end":{"line":369,"column":9}},"loc":{"start":{"line":369,"column":11},"end":{"line":371,"column":7}}},"30":{"name":"(anonymous_30)","decl":{"start":{"line":378,"column":2},"end":{"line":378,"column":8}},"loc":{"start":{"line":378,"column":25},"end":{"line":400,"column":3}}},"31":{"name":"(anonymous_31)","decl":{"start":{"line":402,"column":2},"end":{"line":402,"column":7}},"loc":{"start":{"line":402,"column":19},"end":{"line":411,"column":3}}},"32":{"name":"(anonymous_32)","decl":{"start":{"line":413,"column":2},"end":{"line":413,"column":8}},"loc":{"start":{"line":413,"column":53},"end":{"line":448,"column":3}}},"33":{"name":"(anonymous_33)","decl":{"start":{"line":467,"column":2},"end":{"line":467,"column":7}},"loc":{"start":{"line":467,"column":87},"end":{"line":481,"column":3}}},"34":{"name":"(anonymous_34)","decl":{"start":{"line":497,"column":2},"end":{"line":497,"column":11}},"loc":{"start":{"line":497,"column":11},"end":{"line":508,"column":3}}},"35":{"name":"(anonymous_35)","decl":{"start":{"line":543,"column":23},"end":{"line":543,"column":null}},"loc":{"start":{"line":543,"column":23},"end":{"line":545,"column":3}}}},"branchMap":{"0":{"loc":{"start":{"line":61,"column":6},"end":{"line":61,"column":100}},"type":"if","locations":[{"start":{"line":61,"column":6},"end":{"line":61,"column":100}}]},"1":{"loc":{"start":{"line":66,"column":4},"end":{"line":79,"column":5}},"type":"if","locations":[{"start":{"line":66,"column":4},"end":{"line":79,"column":5}}]},"2":{"loc":{"start":{"line":82,"column":4},"end":{"line":94,"column":5}},"type":"if","locations":[{"start":{"line":82,"column":4},"end":{"line":94,"column":5}}]},"3":{"loc":{"start":{"line":112,"column":4},"end":{"line":112,"column":41}},"type":"if","locations":[{"start":{"line":112,"column":4},"end":{"line":112,"column":41}}]},"4":{"loc":{"start":{"line":118,"column":4},"end":{"line":118,"column":40}},"type":"if","locations":[{"start":{"line":118,"column":4},"end":{"line":118,"column":40}}]},"5":{"loc":{"start":{"line":135,"column":6},"end":{"line":145,"column":7}},"type":"if","locations":[{"start":{"line":135,"column":6},"end":{"line":145,"column":7}}]},"6":{"loc":{"start":{"line":137,"column":8},"end":{"line":140,"column":9}},"type":"if","locations":[{"start":{"line":137,"column":8},"end":{"line":140,"column":9}}]},"7":{"loc":{"start":{"line":139,"column":10},"end":{"line":139,"column":45}},"type":"if","locations":[{"start":{"line":139,"column":10},"end":{"line":139,"column":45}}]},"8":{"loc":{"start":{"line":141,"column":8},"end":{"line":144,"column":9}},"type":"if","locations":[{"start":{"line":141,"column":8},"end":{"line":144,"column":9}}]},"9":{"loc":{"start":{"line":143,"column":10},"end":{"line":143,"column":45}},"type":"if","locations":[{"start":{"line":143,"column":10},"end":{"line":143,"column":45}}]},"10":{"loc":{"start":{"line":150,"column":4},"end":{"line":150,"column":37}},"type":"if","locations":[{"start":{"line":150,"column":4},"end":{"line":150,"column":37}}]},"11":{"loc":{"start":{"line":151,"column":4},"end":{"line":151,"column":38}},"type":"if","locations":[{"start":{"line":151,"column":4},"end":{"line":151,"column":38}}]},"12":{"loc":{"start":{"line":152,"column":15},"end":{"line":152,"column":72}},"type":"cond-expr","locations":[{"start":{"line":152,"column":39},"end":{"line":152,"column":60}},{"start":{"line":152,"column":63},"end":{"line":152,"column":72}}]},"13":{"loc":{"start":{"line":153,"column":20},"end":{"line":153,"column":124}},"type":"cond-expr","locations":[{"start":{"line":153,"column":44},"end":{"line":153,"column":69}},{"start":{"line":153,"column":72},"end":{"line":153,"column":124}}]},"14":{"loc":{"start":{"line":153,"column":101},"end":{"line":153,"column":122}},"type":"cond-expr","locations":[{"start":{"line":153,"column":106},"end":{"line":153,"column":117}},{"start":{"line":153,"column":120},"end":{"line":153,"column":122}}]},"15":{"loc":{"start":{"line":155,"column":4},"end":{"line":176,"column":5}},"type":"if","locations":[{"start":{"line":155,"column":4},"end":{"line":176,"column":5}},{"start":{"line":174,"column":11},"end":{"line":176,"column":5}}]},"16":{"loc":{"start":{"line":156,"column":6},"end":{"line":173,"column":7}},"type":"if","locations":[{"start":{"line":156,"column":6},"end":{"line":173,"column":7}},{"start":{"line":159,"column":13},"end":{"line":173,"column":7}}]},"17":{"loc":{"start":{"line":159,"column":13},"end":{"line":173,"column":7}},"type":"if","locations":[{"start":{"line":159,"column":13},"end":{"line":173,"column":7}},{"start":{"line":162,"column":13},"end":{"line":173,"column":7}}]},"18":{"loc":{"start":{"line":162,"column":13},"end":{"line":173,"column":7}},"type":"if","locations":[{"start":{"line":162,"column":13},"end":{"line":173,"column":7}},{"start":{"line":165,"column":13},"end":{"line":173,"column":7}}]},"19":{"loc":{"start":{"line":165,"column":13},"end":{"line":173,"column":7}},"type":"if","locations":[{"start":{"line":165,"column":13},"end":{"line":173,"column":7}},{"start":{"line":168,"column":13},"end":{"line":173,"column":7}}]},"20":{"loc":{"start":{"line":167,"column":15},"end":{"line":167,"column":69}},"type":"cond-expr","locations":[{"start":{"line":167,"column":34},"end":{"line":167,"column":64}},{"start":{"line":167,"column":67},"end":{"line":167,"column":69}}]},"21":{"loc":{"start":{"line":168,"column":13},"end":{"line":173,"column":7}},"type":"if","locations":[{"start":{"line":168,"column":13},"end":{"line":173,"column":7}},{"start":{"line":171,"column":13},"end":{"line":173,"column":7}}]},"22":{"loc":{"start":{"line":170,"column":15},"end":{"line":170,"column":65}},"type":"cond-expr","locations":[{"start":{"line":170,"column":32},"end":{"line":170,"column":60}},{"start":{"line":170,"column":63},"end":{"line":170,"column":65}}]},"23":{"loc":{"start":{"line":177,"column":4},"end":{"line":178,"column":114}},"type":"if","locations":[{"start":{"line":177,"column":4},"end":{"line":178,"column":114}},{"start":{"line":178,"column":9},"end":{"line":178,"column":114}}]},"24":{"loc":{"start":{"line":184,"column":41},"end":{"line":184,"column":143}},"type":"cond-expr","locations":[{"start":{"line":184,"column":96},"end":{"line":184,"column":126}},{"start":{"line":184,"column":129},"end":{"line":184,"column":143}}]},"25":{"loc":{"start":{"line":184,"column":41},"end":{"line":184,"column":93}},"type":"binary-expr","locations":[{"start":{"line":184,"column":41},"end":{"line":184,"column":55}},{"start":{"line":184,"column":59},"end":{"line":184,"column":93}}]},"26":{"loc":{"start":{"line":213,"column":4},"end":{"line":213,"column":68}},"type":"if","locations":[{"start":{"line":213,"column":4},"end":{"line":213,"column":68}}]},"27":{"loc":{"start":{"line":234,"column":4},"end":{"line":239,"column":5}},"type":"if","locations":[{"start":{"line":234,"column":4},"end":{"line":239,"column":5}}]},"28":{"loc":{"start":{"line":255,"column":4},"end":{"line":258,"column":5}},"type":"if","locations":[{"start":{"line":255,"column":4},"end":{"line":258,"column":5}}]},"29":{"loc":{"start":{"line":265,"column":4},"end":{"line":313,"column":5}},"type":"if","locations":[{"start":{"line":265,"column":4},"end":{"line":313,"column":5}}]},"30":{"loc":{"start":{"line":268,"column":6},"end":{"line":271,"column":7}},"type":"if","locations":[{"start":{"line":268,"column":6},"end":{"line":271,"column":7}}]},"31":{"loc":{"start":{"line":268,"column":10},"end":{"line":268,"column":30}},"type":"binary-expr","locations":[{"start":{"line":268,"column":10},"end":{"line":268,"column":17}},{"start":{"line":268,"column":21},"end":{"line":268,"column":30}}]},"32":{"loc":{"start":{"line":279,"column":8},"end":{"line":279,"column":122}},"type":"if","locations":[{"start":{"line":279,"column":8},"end":{"line":279,"column":122}}]},"33":{"loc":{"start":{"line":280,"column":8},"end":{"line":280,"column":123}},"type":"if","locations":[{"start":{"line":280,"column":8},"end":{"line":280,"column":123}}]},"34":{"loc":{"start":{"line":281,"column":8},"end":{"line":281,"column":124}},"type":"if","locations":[{"start":{"line":281,"column":8},"end":{"line":281,"column":124}}]},"35":{"loc":{"start":{"line":282,"column":8},"end":{"line":282,"column":119}},"type":"if","locations":[{"start":{"line":282,"column":8},"end":{"line":282,"column":119}}]},"36":{"loc":{"start":{"line":283,"column":8},"end":{"line":283,"column":121}},"type":"if","locations":[{"start":{"line":283,"column":8},"end":{"line":283,"column":121}}]},"37":{"loc":{"start":{"line":284,"column":8},"end":{"line":284,"column":119}},"type":"if","locations":[{"start":{"line":284,"column":8},"end":{"line":284,"column":119}}]},"38":{"loc":{"start":{"line":285,"column":8},"end":{"line":285,"column":121}},"type":"if","locations":[{"start":{"line":285,"column":8},"end":{"line":285,"column":121}}]},"39":{"loc":{"start":{"line":286,"column":8},"end":{"line":291,"column":9}},"type":"if","locations":[{"start":{"line":286,"column":8},"end":{"line":291,"column":9}}]},"40":{"loc":{"start":{"line":292,"column":8},"end":{"line":297,"column":9}},"type":"if","locations":[{"start":{"line":292,"column":8},"end":{"line":297,"column":9}}]},"41":{"loc":{"start":{"line":300,"column":8},"end":{"line":305,"column":9}},"type":"if","locations":[{"start":{"line":300,"column":8},"end":{"line":305,"column":9}}]},"42":{"loc":{"start":{"line":306,"column":8},"end":{"line":311,"column":9}},"type":"if","locations":[{"start":{"line":306,"column":8},"end":{"line":311,"column":9}}]},"43":{"loc":{"start":{"line":316,"column":4},"end":{"line":354,"column":5}},"type":"if","locations":[{"start":{"line":316,"column":4},"end":{"line":354,"column":5}}]},"44":{"loc":{"start":{"line":316,"column":8},"end":{"line":316,"column":44}},"type":"binary-expr","locations":[{"start":{"line":316,"column":8},"end":{"line":316,"column":24}},{"start":{"line":316,"column":28},"end":{"line":316,"column":44}}]},"45":{"loc":{"start":{"line":319,"column":6},"end":{"line":322,"column":7}},"type":"if","locations":[{"start":{"line":319,"column":6},"end":{"line":322,"column":7}}]},"46":{"loc":{"start":{"line":319,"column":10},"end":{"line":319,"column":30}},"type":"binary-expr","locations":[{"start":{"line":319,"column":10},"end":{"line":319,"column":17}},{"start":{"line":319,"column":21},"end":{"line":319,"column":30}}]},"47":{"loc":{"start":{"line":329,"column":8},"end":{"line":334,"column":9}},"type":"if","locations":[{"start":{"line":329,"column":8},"end":{"line":334,"column":9}}]},"48":{"loc":{"start":{"line":331,"column":10},"end":{"line":331,"column":114}},"type":"if","locations":[{"start":{"line":331,"column":10},"end":{"line":331,"column":114}}]},"49":{"loc":{"start":{"line":332,"column":10},"end":{"line":332,"column":117}},"type":"if","locations":[{"start":{"line":332,"column":10},"end":{"line":332,"column":117}}]},"50":{"loc":{"start":{"line":333,"column":10},"end":{"line":333,"column":120}},"type":"if","locations":[{"start":{"line":333,"column":10},"end":{"line":333,"column":120}}]},"51":{"loc":{"start":{"line":335,"column":8},"end":{"line":342,"column":9}},"type":"if","locations":[{"start":{"line":335,"column":8},"end":{"line":342,"column":9}}]},"52":{"loc":{"start":{"line":337,"column":10},"end":{"line":341,"column":11}},"type":"if","locations":[{"start":{"line":337,"column":10},"end":{"line":341,"column":11}}]},"53":{"loc":{"start":{"line":343,"column":8},"end":{"line":343,"column":119}},"type":"if","locations":[{"start":{"line":343,"column":8},"end":{"line":343,"column":119}}]},"54":{"loc":{"start":{"line":344,"column":8},"end":{"line":344,"column":115}},"type":"if","locations":[{"start":{"line":344,"column":8},"end":{"line":344,"column":115}}]},"55":{"loc":{"start":{"line":345,"column":8},"end":{"line":345,"column":121}},"type":"if","locations":[{"start":{"line":345,"column":8},"end":{"line":345,"column":121}}]},"56":{"loc":{"start":{"line":346,"column":8},"end":{"line":346,"column":117}},"type":"if","locations":[{"start":{"line":346,"column":8},"end":{"line":346,"column":117}}]},"57":{"loc":{"start":{"line":347,"column":8},"end":{"line":347,"column":132}},"type":"if","locations":[{"start":{"line":347,"column":8},"end":{"line":347,"column":132}}]},"58":{"loc":{"start":{"line":348,"column":8},"end":{"line":348,"column":133}},"type":"if","locations":[{"start":{"line":348,"column":8},"end":{"line":348,"column":133}}]},"59":{"loc":{"start":{"line":351,"column":8},"end":{"line":351,"column":101}},"type":"if","locations":[{"start":{"line":351,"column":8},"end":{"line":351,"column":101}}]},"60":{"loc":{"start":{"line":352,"column":8},"end":{"line":352,"column":98}},"type":"if","locations":[{"start":{"line":352,"column":8},"end":{"line":352,"column":98}}]},"61":{"loc":{"start":{"line":358,"column":4},"end":{"line":366,"column":5}},"type":"if","locations":[{"start":{"line":358,"column":4},"end":{"line":366,"column":5}}]},"62":{"loc":{"start":{"line":360,"column":6},"end":{"line":365,"column":7}},"type":"if","locations":[{"start":{"line":360,"column":6},"end":{"line":365,"column":7}},{"start":{"line":363,"column":13},"end":{"line":365,"column":7}}]},"63":{"loc":{"start":{"line":361,"column":8},"end":{"line":361,"column":161}},"type":"if","locations":[{"start":{"line":361,"column":8},"end":{"line":361,"column":161}}]},"64":{"loc":{"start":{"line":362,"column":8},"end":{"line":362,"column":162}},"type":"if","locations":[{"start":{"line":362,"column":8},"end":{"line":362,"column":162}}]},"65":{"loc":{"start":{"line":362,"column":12},"end":{"line":362,"column":73}},"type":"binary-expr","locations":[{"start":{"line":362,"column":12},"end":{"line":362,"column":35}},{"start":{"line":362,"column":39},"end":{"line":362,"column":73}}]},"66":{"loc":{"start":{"line":370,"column":8},"end":{"line":370,"column":154}},"type":"if","locations":[{"start":{"line":370,"column":8},"end":{"line":370,"column":154}}]},"67":{"loc":{"start":{"line":379,"column":4},"end":{"line":399,"column":5}},"type":"if","locations":[{"start":{"line":379,"column":4},"end":{"line":399,"column":5}},{"start":{"line":390,"column":11},"end":{"line":399,"column":5}}]},"68":{"loc":{"start":{"line":381,"column":8},"end":{"line":388,"column":9}},"type":"if","locations":[{"start":{"line":381,"column":8},"end":{"line":388,"column":9}}]},"69":{"loc":{"start":{"line":381,"column":12},"end":{"line":381,"column":48}},"type":"binary-expr","locations":[{"start":{"line":381,"column":12},"end":{"line":381,"column":28}},{"start":{"line":381,"column":32},"end":{"line":381,"column":48}}]},"70":{"loc":{"start":{"line":385,"column":12},"end":{"line":386,"column":134}},"type":"if","locations":[{"start":{"line":385,"column":12},"end":{"line":386,"column":134}},{"start":{"line":386,"column":17},"end":{"line":386,"column":134}}]},"71":{"loc":{"start":{"line":390,"column":11},"end":{"line":399,"column":5}},"type":"if","locations":[{"start":{"line":390,"column":11},"end":{"line":399,"column":5}}]},"72":{"loc":{"start":{"line":390,"column":15},"end":{"line":390,"column":47}},"type":"binary-expr","locations":[{"start":{"line":390,"column":15},"end":{"line":390,"column":29}},{"start":{"line":390,"column":33},"end":{"line":390,"column":47}}]},"73":{"loc":{"start":{"line":392,"column":8},"end":{"line":397,"column":9}},"type":"if","locations":[{"start":{"line":392,"column":8},"end":{"line":397,"column":9}}]},"74":{"loc":{"start":{"line":395,"column":10},"end":{"line":396,"column":107}},"type":"if","locations":[{"start":{"line":395,"column":10},"end":{"line":396,"column":107}},{"start":{"line":396,"column":15},"end":{"line":396,"column":107}}]},"75":{"loc":{"start":{"line":403,"column":20},"end":{"line":403,"column":70}},"type":"cond-expr","locations":[{"start":{"line":403,"column":37},"end":{"line":403,"column":45}},{"start":{"line":403,"column":48},"end":{"line":403,"column":70}}]},"76":{"loc":{"start":{"line":405,"column":4},"end":{"line":408,"column":5}},"type":"if","locations":[{"start":{"line":405,"column":4},"end":{"line":408,"column":5}}]},"77":{"loc":{"start":{"line":413,"column":35},"end":{"line":413,"column":53}},"type":"default-arg","locations":[{"start":{"line":413,"column":45},"end":{"line":413,"column":53}}]},"78":{"loc":{"start":{"line":414,"column":4},"end":{"line":418,"column":5}},"type":"if","locations":[{"start":{"line":414,"column":4},"end":{"line":418,"column":5}}]},"79":{"loc":{"start":{"line":415,"column":6},"end":{"line":415,"column":59}},"type":"if","locations":[{"start":{"line":415,"column":6},"end":{"line":415,"column":59}}]},"80":{"loc":{"start":{"line":416,"column":6},"end":{"line":416,"column":73}},"type":"if","locations":[{"start":{"line":416,"column":6},"end":{"line":416,"column":73}}]},"81":{"loc":{"start":{"line":417,"column":6},"end":{"line":417,"column":75}},"type":"if","locations":[{"start":{"line":417,"column":6},"end":{"line":417,"column":75}}]},"82":{"loc":{"start":{"line":419,"column":4},"end":{"line":423,"column":5}},"type":"if","locations":[{"start":{"line":419,"column":4},"end":{"line":423,"column":5}}]},"83":{"loc":{"start":{"line":420,"column":6},"end":{"line":420,"column":59}},"type":"if","locations":[{"start":{"line":420,"column":6},"end":{"line":420,"column":59}}]},"84":{"loc":{"start":{"line":421,"column":6},"end":{"line":421,"column":73}},"type":"if","locations":[{"start":{"line":421,"column":6},"end":{"line":421,"column":73}}]},"85":{"loc":{"start":{"line":422,"column":6},"end":{"line":422,"column":75}},"type":"if","locations":[{"start":{"line":422,"column":6},"end":{"line":422,"column":75}}]},"86":{"loc":{"start":{"line":424,"column":4},"end":{"line":428,"column":5}},"type":"if","locations":[{"start":{"line":424,"column":4},"end":{"line":428,"column":5}}]},"87":{"loc":{"start":{"line":425,"column":6},"end":{"line":425,"column":59}},"type":"if","locations":[{"start":{"line":425,"column":6},"end":{"line":425,"column":59}}]},"88":{"loc":{"start":{"line":426,"column":6},"end":{"line":426,"column":59}},"type":"if","locations":[{"start":{"line":426,"column":6},"end":{"line":426,"column":59}}]},"89":{"loc":{"start":{"line":427,"column":6},"end":{"line":427,"column":63}},"type":"if","locations":[{"start":{"line":427,"column":6},"end":{"line":427,"column":63}}]},"90":{"loc":{"start":{"line":429,"column":4},"end":{"line":433,"column":5}},"type":"if","locations":[{"start":{"line":429,"column":4},"end":{"line":433,"column":5}}]},"91":{"loc":{"start":{"line":430,"column":6},"end":{"line":430,"column":60}},"type":"if","locations":[{"start":{"line":430,"column":6},"end":{"line":430,"column":60}}]},"92":{"loc":{"start":{"line":431,"column":6},"end":{"line":431,"column":60}},"type":"if","locations":[{"start":{"line":431,"column":6},"end":{"line":431,"column":60}}]},"93":{"loc":{"start":{"line":432,"column":6},"end":{"line":432,"column":64}},"type":"if","locations":[{"start":{"line":432,"column":6},"end":{"line":432,"column":64}}]},"94":{"loc":{"start":{"line":437,"column":6},"end":{"line":440,"column":7}},"type":"if","locations":[{"start":{"line":437,"column":6},"end":{"line":440,"column":7}}]},"95":{"loc":{"start":{"line":470,"column":6},"end":{"line":473,"column":7}},"type":"if","locations":[{"start":{"line":470,"column":6},"end":{"line":473,"column":7}}]},"96":{"loc":{"start":{"line":505,"column":38},"end":{"line":505,"column":140}},"type":"cond-expr","locations":[{"start":{"line":505,"column":93},"end":{"line":505,"column":123}},{"start":{"line":505,"column":126},"end":{"line":505,"column":140}}]},"97":{"loc":{"start":{"line":505,"column":38},"end":{"line":505,"column":90}},"type":"binary-expr","locations":[{"start":{"line":505,"column":38},"end":{"line":505,"column":52}},{"start":{"line":505,"column":56},"end":{"line":505,"column":90}}]},"98":{"loc":{"start":{"line":511,"column":0},"end":{"line":548,"column":1}},"type":"if","locations":[{"start":{"line":511,"column":0},"end":{"line":548,"column":1}}]},"99":{"loc":{"start":{"line":515,"column":2},"end":{"line":515,"column":33}},"type":"if","locations":[{"start":{"line":515,"column":2},"end":{"line":515,"column":33}}]}},"s":{"0":1250,"1":1250,"2":1250,"3":736,"4":37,"5":141,"6":141,"7":141,"8":141,"9":141,"10":141,"11":830,"12":230,"13":830,"14":141,"15":20,"16":0,"17":20,"18":0,"19":20,"20":0,"21":0,"22":141,"23":0,"24":0,"25":0,"26":0,"27":0,"28":0,"29":4,"30":90,"31":1250,"32":1250,"33":11,"34":11,"35":11,"36":11,"37":36,"38":36,"39":35,"40":1,"41":2,"42":52,"43":347,"44":14,"45":39,"46":39,"47":24,"48":24,"49":1,"50":1,"51":1,"52":24,"53":1,"54":1,"55":1,"56":17,"57":2,"58":15,"59":1,"60":14,"61":14,"62":14,"63":14,"64":6,"65":1,"66":1,"67":5,"68":1,"69":1,"70":4,"71":1,"72":1,"73":3,"74":1,"75":1,"76":2,"77":1,"78":1,"79":1,"80":8,"81":14,"82":14,"83":0,"84":17,"85":17,"86":115,"87":16,"88":16,"89":16,"90":16,"91":16,"92":16,"93":16,"94":16,"95":16,"96":16,"97":16,"98":16,"99":16,"100":16,"101":16,"102":16,"103":16,"104":16,"105":8,"106":46,"107":141,"108":141,"109":20,"110":20,"111":19,"112":190,"113":19,"114":1,"115":2,"116":4,"117":34,"118":16,"119":16,"120":0,"121":0,"122":16,"123":16,"124":16,"125":16,"126":8,"127":8,"128":8,"129":0,"130":0,"131":8,"132":8,"133":8,"134":8,"135":8,"136":8,"137":8,"138":368,"139":8,"140":368,"141":8,"142":368,"143":8,"144":368,"145":8,"146":368,"147":8,"148":368,"149":8,"150":368,"151":8,"152":368,"153":8,"154":8,"155":8,"156":368,"157":0,"158":0,"159":0,"160":8,"161":240,"162":8,"163":8,"164":8,"165":240,"166":0,"167":0,"168":0,"169":16,"170":8,"171":8,"172":8,"173":0,"174":0,"175":8,"176":8,"177":8,"178":8,"179":8,"180":8,"181":76,"182":8,"183":8,"184":8,"185":8,"186":8,"187":8,"188":8,"189":76,"190":8,"191":8,"192":8,"193":8,"194":8,"195":76,"196":8,"197":76,"198":8,"199":76,"200":8,"201":76,"202":8,"203":76,"204":11,"205":76,"206":0,"207":8,"208":76,"209":11,"210":76,"211":0,"212":16,"213":16,"214":8,"215":8,"216":8,"217":0,"218":8,"219":8,"220":0,"221":16,"222":0,"223":0,"224":16,"225":18,"226":9,"227":270,"228":9,"229":9,"230":9,"231":9,"232":9,"233":0,"234":9,"235":9,"236":79,"237":2,"238":2,"239":2,"240":2,"241":0,"242":18,"243":18,"244":18,"245":0,"246":0,"247":18,"248":18,"249":80,"250":0,"251":0,"252":0,"253":0,"254":0,"255":0,"256":80,"257":15,"258":5,"259":10,"260":5,"261":5,"262":5,"263":65,"264":21,"265":7,"266":14,"267":7,"268":7,"269":7,"270":44,"271":0,"272":0,"273":0,"274":0,"275":0,"276":0,"277":44,"278":44,"279":44,"280":44,"281":0,"282":0,"283":44,"284":44,"285":0,"286":0,"287":2,"288":2,"289":2,"290":2,"291":2,"292":0,"293":0,"294":0,"295":0,"296":0,"297":2,"298":2,"299":17,"300":17,"301":115,"302":1,"303":0,"304":0,"305":0,"306":0,"307":0,"308":0,"309":0},"f":{"0":1250,"1":736,"2":37,"3":141,"4":0,"5":0,"6":0,"7":0,"8":0,"9":0,"10":4,"11":90,"12":1250,"13":11,"14":36,"15":2,"16":52,"17":14,"18":17,"19":17,"20":16,"21":16,"22":8,"23":46,"24":141,"25":20,"26":2,"27":4,"28":16,"29":0,"30":18,"31":18,"32":80,"33":2,"34":2,"35":0},"b":{"0":[230],"1":[20],"2":[0],"3":[11],"4":[35],"5":[24],"6":[1],"7":[1],"8":[1],"9":[1],"10":[2],"11":[1],"12":[2,12],"13":[6,8],"14":[1,7],"15":[6,8],"16":[1,5],"17":[1,4],"18":[1,3],"19":[1,2],"20":[0,1],"21":[1,1],"22":[0,1],"23":[14,0],"24":[7,108],"25":[115,63],"26":[16],"27":[19],"28":[0],"29":[8],"30":[0],"31":[8,8],"32":[8],"33":[8],"34":[8],"35":[8],"36":[8],"37":[8],"38":[8],"39":[8],"40":[0],"41":[8],"42":[0],"43":[8],"44":[16,8],"45":[0],"46":[8,8],"47":[8],"48":[8],"49":[8],"50":[8],"51":[8],"52":[8],"53":[8],"54":[8],"55":[8],"56":[8],"57":[11],"58":[0],"59":[11],"60":[0],"61":[8],"62":[8,0],"63":[0],"64":[8],"65":[8,8],"66":[0],"67":[9,9],"68":[9],"69":[270,261],"70":[9,0],"71":[9],"72":[9,0],"73":[2],"74":[2,0],"75":[9,9],"76":[0],"77":[0],"78":[0],"79":[0],"80":[0],"81":[0],"82":[15],"83":[5],"84":[5],"85":[5],"86":[21],"87":[7],"88":[7],"89":[7],"90":[0],"91":[0],"92":[0],"93":[0],"94":[0],"95":[2],"96":[7,108],"97":[115,63],"98":[0],"99":[0]}}
,"C:\\Users\\lligu\\GitHub\\matterbridge-shelly\\src\\shellydimmer2.ts": {"path":"C:\\Users\\lligu\\GitHub\\matterbridge-shelly\\src\\shellydimmer2.ts","statementMap":{"0":{"start":{"line":4,"column":47},"end":{"line":14,"column":2}},"1":{"start":{"line":17,"column":47},"end":{"line":102,"column":2}},"2":{"start":{"line":105,"column":49},"end":{"line":257,"column":2}}},"fnMap":{},"branchMap":{},"s":{"0":1,"1":1,"2":1},"f":{},"b":{}}
,"C:\\Users\\lligu\\GitHub\\matterbridge-shelly\\src\\shellyplus1pm.ts": {"path":"C:\\Users\\lligu\\GitHub\\matterbridge-shelly\\src\\shellyplus1pm.ts","statementMap":{"0":{"start":{"line":4,"column":47},"end":{"line":16,"column":2}},"1":{"start":{"line":19,"column":47},"end":{"line":74,"column":2}},"2":{"start":{"line":77,"column":49},"end":{"line":202,"column":2}}},"fnMap":{},"branchMap":{},"s":{"0":1,"1":1,"2":1},"f":{},"b":{}}
,"C:\\Users\\lligu\\GitHub\\matterbridge-shelly\\src\\shellyplus2pm.ts": {"path":"C:\\Users\\lligu\\GitHub\\matterbridge-shelly\\src\\shellyplus2pm.ts","statementMap":{"0":{"start":{"line":4,"column":47},"end":{"line":17,"column":2}},"1":{"start":{"line":20,"column":47},"end":{"line":110,"column":2}},"2":{"start":{"line":113,"column":49},"end":{"line":263,"column":2}}},"fnMap":{},"branchMap":{},"s":{"0":1,"1":1,"2":1},"f":{},"b":{}}
,"C:\\Users\\lligu\\GitHub\\matterbridge-shelly\\src\\shellypmminig3.ts": {"path":"C:\\Users\\lligu\\GitHub\\matterbridge-shelly\\src\\shellypmminig3.ts","statementMap":{"0":{"start":{"line":4,"column":48},"end":{"line":16,"column":2}},"1":{"start":{"line":19,"column":48},"end":{"line":73,"column":2}},"2":{"start":{"line":76,"column":50},"end":{"line":183,"column":2}}},"fnMap":{},"branchMap":{},"s":{"0":1,"1":1,"2":1},"f":{},"b":{}}
}
