{"C:\\Users\\lligu\\GitHub\\matterbridge-shelly\\src\\auth.ts": {"path":"C:\\Users\\lligu\\GitHub\\matterbridge-shelly\\src\\auth.ts","statementMap":{"0":{"start":{"line":19,"column":2},"end":{"line":19,"column":48}},"1":{"start":{"line":20,"column":45},"end":{"line":20,"column":47}},"2":{"start":{"line":21,"column":2},"end":{"line":24,"column":5}},"3":{"start":{"line":22,"column":25},"end":{"line":22,"column":41}},"4":{"start":{"line":23,"column":4},"end":{"line":23,"column":53}},"5":{"start":{"line":25,"column":2},"end":{"line":25,"column":20}},"6":{"start":{"line":30,"column":2},"end":{"line":30,"column":49}},"7":{"start":{"line":31,"column":45},"end":{"line":31,"column":47}},"8":{"start":{"line":32,"column":2},"end":{"line":35,"column":5}},"9":{"start":{"line":33,"column":25},"end":{"line":33,"column":41}},"10":{"start":{"line":34,"column":4},"end":{"line":34,"column":53}},"11":{"start":{"line":36,"column":2},"end":{"line":36,"column":20}},"12":{"start":{"line":40,"column":2},"end":{"line":40,"column":67}},"13":{"start":{"line":44,"column":27},"end":{"line":44,"column":97}},"14":{"start":{"line":45,"column":14},"end":{"line":45,"column":97}},"15":{"start":{"line":46,"column":14},"end":{"line":46,"column":88}},"16":{"start":{"line":47,"column":2},"end":{"line":47,"column":119}},"17":{"start":{"line":48,"column":2},"end":{"line":48,"column":14}},"18":{"start":{"line":53,"column":2},"end":{"line":53,"column":55}},"19":{"start":{"line":57,"column":80},"end":{"line":57,"column":82}},"20":{"start":{"line":58,"column":2},"end":{"line":58,"column":23}},"21":{"start":{"line":59,"column":2},"end":{"line":59,"column":15}},"22":{"start":{"line":60,"column":2},"end":{"line":60,"column":28}},"23":{"start":{"line":61,"column":2},"end":{"line":61,"column":23}},"24":{"start":{"line":62,"column":2},"end":{"line":62,"column":35}},"25":{"start":{"line":62,"column":14},"end":{"line":62,"column":35}},"26":{"start":{"line":63,"column":2},"end":{"line":63,"column":29}},"27":{"start":{"line":63,"column":12},"end":{"line":63,"column":29}},"28":{"start":{"line":64,"column":2},"end":{"line":64,"column":30}}},"fnMap":{"0":{"name":"parseBasicAuthenticateHeader","decl":{"start":{"line":17,"column":16},"end":{"line":17,"column":44}},"loc":{"start":{"line":17,"column":63},"end":{"line":26,"column":1}}},"1":{"name":"(anonymous_1)","decl":{"start":{"line":21,"column":33},"end":{"line":21,"column":34}},"loc":{"start":{"line":21,"column":43},"end":{"line":24,"column":3}}},"2":{"name":"parseDigestAuthenticateHeader","decl":{"start":{"line":28,"column":16},"end":{"line":28,"column":45}},"loc":{"start":{"line":28,"column":64},"end":{"line":37,"column":1}}},"3":{"name":"(anonymous_3)","decl":{"start":{"line":32,"column":33},"end":{"line":32,"column":34}},"loc":{"start":{"line":32,"column":43},"end":{"line":35,"column":3}}},"4":{"name":"createBasicShellyAuth","decl":{"start":{"line":39,"column":16},"end":{"line":39,"column":37}},"loc":{"start":{"line":39,"column":72},"end":{"line":41,"column":1}}},"5":{"name":"createDigestShellyAuth","decl":{"start":{"line":43,"column":16},"end":{"line":43,"column":38}},"loc":{"start":{"line":43,"column":127},"end":{"line":49,"column":1}}},"6":{"name":"getGen1BodyOptions","decl":{"start":{"line":51,"column":16},"end":{"line":51,"column":34}},"loc":{"start":{"line":51,"column":85},"end":{"line":54,"column":1}}},"7":{"name":"getGen2BodyOptions","decl":{"start":{"line":56,"column":16},"end":{"line":56,"column":34}},"loc":{"start":{"line":56,"column":162},"end":{"line":65,"column":1}}}},"branchMap":{"0":{"loc":{"start":{"line":43,"column":121},"end":{"line":43,"column":127}},"type":"default-arg","locations":[{"start":{"line":43,"column":126},"end":{"line":43,"column":127}}]},"1":{"loc":{"start":{"line":62,"column":2},"end":{"line":62,"column":35}},"type":"if","locations":[{"start":{"line":62,"column":2},"end":{"line":62,"column":35}}]},"2":{"loc":{"start":{"line":63,"column":2},"end":{"line":63,"column":29}},"type":"if","locations":[{"start":{"line":63,"column":2},"end":{"line":63,"column":29}}]}},"s":{"0":4,"1":4,"2":4,"3":4,"4":4,"5":4,"6":2,"7":2,"8":2,"9":8,"10":8,"11":2,"12":4,"13":1,"14":1,"15":1,"16":1,"17":1,"18":13,"19":27,"20":27,"21":27,"22":27,"23":27,"24":27,"25":27,"26":27,"27":1,"28":27},"f":{"0":4,"1":4,"2":2,"3":8,"4":4,"5":1,"6":13,"7":27},"b":{"0":[1],"1":[27],"2":[1]}}
,"C:\\Users\\lligu\\GitHub\\matterbridge-shelly\\src\\coapServer.ts": {"path":"C:\\Users\\lligu\\GitHub\\matterbridge-shelly\\src\\coapServer.ts","statementMap":{"0":{"start":{"line":7,"column":34},"end":{"line":7,"column":40}},"1":{"start":{"line":8,"column":37},"end":{"line":8,"column":43}},"2":{"start":{"line":9,"column":35},"end":{"line":9,"column":41}},"3":{"start":{"line":11,"column":31},"end":{"line":11,"column":44}},"4":{"start":{"line":57,"column":25},"end":{"line":57,"column":30}},"5":{"start":{"line":58,"column":29},"end":{"line":58,"column":66}},"6":{"start":{"line":61,"column":4},"end":{"line":61,"column":12}},"7":{"start":{"line":62,"column":4},"end":{"line":62,"column":123}},"8":{"start":{"line":64,"column":4},"end":{"line":64,"column":33}},"9":{"start":{"line":71,"column":4},"end":{"line":71,"column":29}},"10":{"start":{"line":75,"column":4},"end":{"line":75,"column":68}},"11":{"start":{"line":76,"column":4},"end":{"line":96,"column":7}},"12":{"start":{"line":78,"column":23},"end":{"line":95,"column":14}},"13":{"start":{"line":86,"column":10},"end":{"line":86,"column":161}},"14":{"start":{"line":87,"column":10},"end":{"line":87,"column":29}},"15":{"start":{"line":88,"column":10},"end":{"line":88,"column":39}},"16":{"start":{"line":89,"column":10},"end":{"line":89,"column":23}},"17":{"start":{"line":92,"column":10},"end":{"line":92,"column":83}},"18":{"start":{"line":93,"column":10},"end":{"line":93,"column":22}},"19":{"start":{"line":100,"column":4},"end":{"line":100,"column":63}},"20":{"start":{"line":101,"column":4},"end":{"line":120,"column":7}},"21":{"start":{"line":103,"column":23},"end":{"line":119,"column":14}},"22":{"start":{"line":111,"column":10},"end":{"line":111,"column":156}},"23":{"start":{"line":112,"column":10},"end":{"line":112,"column":39}},"24":{"start":{"line":113,"column":10},"end":{"line":113,"column":23}},"25":{"start":{"line":116,"column":10},"end":{"line":116,"column":78}},"26":{"start":{"line":117,"column":10},"end":{"line":117,"column":22}},"27":{"start":{"line":124,"column":4},"end":{"line":124,"column":60}},"28":{"start":{"line":125,"column":4},"end":{"line":157,"column":7}},"29":{"start":{"line":126,"column":22},"end":{"line":146,"column":14}},"30":{"start":{"line":136,"column":10},"end":{"line":136,"column":30}},"31":{"start":{"line":137,"column":10},"end":{"line":137,"column":146}},"32":{"start":{"line":138,"column":10},"end":{"line":138,"column":39}},"33":{"start":{"line":139,"column":10},"end":{"line":139,"column":23}},"34":{"start":{"line":142,"column":10},"end":{"line":142,"column":30}},"35":{"start":{"line":143,"column":10},"end":{"line":143,"column":91}},"36":{"start":{"line":144,"column":10},"end":{"line":144,"column":22}},"37":{"start":{"line":148,"column":20},"end":{"line":155,"column":null}},"38":{"start":{"line":150,"column":10},"end":{"line":150,"column":62}},"39":{"start":{"line":151,"column":10},"end":{"line":151,"column":46}},"40":{"start":{"line":152,"column":10},"end":{"line":152,"column":33}},"41":{"start":{"line":153,"column":10},"end":{"line":153,"column":24}},"42":{"start":{"line":161,"column":4},"end":{"line":173,"column":6}},"43":{"start":{"line":164,"column":8},"end":{"line":164,"column":48}},"44":{"start":{"line":166,"column":8},"end":{"line":168,"column":9}},"45":{"start":{"line":167,"column":10},"end":{"line":167,"column":45}},"46":{"start":{"line":170,"column":8},"end":{"line":170,"column":66}},"47":{"start":{"line":172,"column":15},"end":{"line":172,"column":29}},"48":{"start":{"line":175,"column":4},"end":{"line":190,"column":6}},"49":{"start":{"line":178,"column":8},"end":{"line":178,"column":51}},"50":{"start":{"line":180,"column":8},"end":{"line":185,"column":9}},"51":{"start":{"line":182,"column":25},"end":{"line":182,"column":40}},"52":{"start":{"line":183,"column":10},"end":{"line":183,"column":53}},"53":{"start":{"line":184,"column":10},"end":{"line":184,"column":24}},"54":{"start":{"line":187,"column":8},"end":{"line":187,"column":69}},"55":{"start":{"line":189,"column":15},"end":{"line":189,"column":34}},"56":{"start":{"line":192,"column":4},"end":{"line":207,"column":6}},"57":{"start":{"line":195,"column":8},"end":{"line":195,"column":49}},"58":{"start":{"line":197,"column":8},"end":{"line":202,"column":9}},"59":{"start":{"line":199,"column":25},"end":{"line":199,"column":40}},"60":{"start":{"line":200,"column":10},"end":{"line":200,"column":53}},"61":{"start":{"line":201,"column":10},"end":{"line":201,"column":24}},"62":{"start":{"line":204,"column":8},"end":{"line":204,"column":67}},"63":{"start":{"line":206,"column":15},"end":{"line":206,"column":34}},"64":{"start":{"line":211,"column":4},"end":{"line":211,"column":54}},"65":{"start":{"line":213,"column":17},"end":{"line":213,"column":35}},"66":{"start":{"line":215,"column":20},"end":{"line":215,"column":38}},"67":{"start":{"line":217,"column":17},"end":{"line":217,"column":25}},"68":{"start":{"line":218,"column":16},"end":{"line":218,"column":23}},"69":{"start":{"line":219,"column":21},"end":{"line":219,"column":23}},"70":{"start":{"line":220,"column":19},"end":{"line":220,"column":21}},"71":{"start":{"line":221,"column":27},"end":{"line":221,"column":29}},"72":{"start":{"line":222,"column":19},"end":{"line":222,"column":20}},"73":{"start":{"line":223,"column":17},"end":{"line":223,"column":18}},"74":{"start":{"line":226,"column":4},"end":{"line":231,"column":5}},"75":{"start":{"line":227,"column":20},"end":{"line":227,"column":65}},"76":{"start":{"line":228,"column":6},"end":{"line":228,"column":28}},"77":{"start":{"line":229,"column":6},"end":{"line":229,"column":26}},"78":{"start":{"line":230,"column":6},"end":{"line":230,"column":34}},"79":{"start":{"line":233,"column":4},"end":{"line":240,"column":5}},"80":{"start":{"line":234,"column":23},"end":{"line":234,"column":60}},"81":{"start":{"line":235,"column":6},"end":{"line":239,"column":7}},"82":{"start":{"line":236,"column":8},"end":{"line":236,"column":45}},"83":{"start":{"line":238,"column":8},"end":{"line":238,"column":32}},"84":{"start":{"line":242,"column":4},"end":{"line":244,"column":5}},"85":{"start":{"line":243,"column":6},"end":{"line":243,"column":51}},"86":{"start":{"line":246,"column":4},"end":{"line":250,"column":5}},"87":{"start":{"line":247,"column":6},"end":{"line":247,"column":51}},"88":{"start":{"line":249,"column":6},"end":{"line":249,"column":39}},"89":{"start":{"line":252,"column":4},"end":{"line":252,"column":47}},"90":{"start":{"line":253,"column":4},"end":{"line":253,"column":48}},"91":{"start":{"line":254,"column":4},"end":{"line":254,"column":52}},"92":{"start":{"line":255,"column":4},"end":{"line":255,"column":60}},"93":{"start":{"line":256,"column":4},"end":{"line":256,"column":56}},"94":{"start":{"line":257,"column":4},"end":{"line":257,"column":65}},"95":{"start":{"line":258,"column":4},"end":{"line":258,"column":44}},"96":{"start":{"line":259,"column":4},"end":{"line":259,"column":40}},"97":{"start":{"line":260,"column":4},"end":{"line":260,"column":48}},"98":{"start":{"line":262,"column":4},"end":{"line":288,"column":5}},"99":{"start":{"line":263,"column":39},"end":{"line":263,"column":41}},"100":{"start":{"line":264,"column":6},"end":{"line":264,"column":55}},"101":{"start":{"line":265,"column":39},"end":{"line":265,"column":50}},"102":{"start":{"line":267,"column":6},"end":{"line":282,"column":9}},"103":{"start":{"line":268,"column":8},"end":{"line":268,"column":85}},"104":{"start":{"line":269,"column":40},"end":{"line":269,"column":51}},"105":{"start":{"line":270,"column":8},"end":{"line":281,"column":13}},"106":{"start":{"line":271,"column":25},"end":{"line":271,"column":36}},"107":{"start":{"line":273,"column":12},"end":{"line":275,"column":14}},"108":{"start":{"line":276,"column":12},"end":{"line":276,"column":121}},"109":{"start":{"line":276,"column":34},"end":{"line":276,"column":121}},"110":{"start":{"line":277,"column":12},"end":{"line":277,"column":131}},"111":{"start":{"line":277,"column":38},"end":{"line":277,"column":131}},"112":{"start":{"line":278,"column":12},"end":{"line":278,"column":106}},"113":{"start":{"line":278,"column":32},"end":{"line":278,"column":106}},"114":{"start":{"line":279,"column":12},"end":{"line":279,"column":122}},"115":{"start":{"line":279,"column":34},"end":{"line":279,"column":122}},"116":{"start":{"line":280,"column":12},"end":{"line":280,"column":131}},"117":{"start":{"line":280,"column":37},"end":{"line":280,"column":131}},"118":{"start":{"line":283,"column":6},"end":{"line":283,"column":57}},"119":{"start":{"line":284,"column":6},"end":{"line":286,"column":9}},"120":{"start":{"line":285,"column":8},"end":{"line":285,"column":152}},"121":{"start":{"line":287,"column":6},"end":{"line":287,"column":35}},"122":{"start":{"line":290,"column":4},"end":{"line":312,"column":5}},"123":{"start":{"line":291,"column":47},"end":{"line":291,"column":75}},"124":{"start":{"line":292,"column":6},"end":{"line":294,"column":7}},"125":{"start":{"line":296,"column":36},"end":{"line":300,"column":9}},"126":{"start":{"line":296,"column":65},"end":{"line":300,"column":8}},"127":{"start":{"line":301,"column":6},"end":{"line":301,"column":74}},"128":{"start":{"line":302,"column":6},"end":{"line":311,"column":9}},"129":{"start":{"line":303,"column":21},"end":{"line":303,"column":60}},"130":{"start":{"line":303,"column":46},"end":{"line":303,"column":59}},"131":{"start":{"line":304,"column":8},"end":{"line":309,"column":9}},"132":{"start":{"line":305,"column":10},"end":{"line":307,"column":12}},"133":{"start":{"line":308,"column":10},"end":{"line":308,"column":115}},"134":{"start":{"line":314,"column":4},"end":{"line":314,"column":107}},"135":{"start":{"line":319,"column":4},"end":{"line":321,"column":7}},"136":{"start":{"line":340,"column":4},"end":{"line":350,"column":7}},"137":{"start":{"line":341,"column":6},"end":{"line":341,"column":147}},"138":{"start":{"line":342,"column":6},"end":{"line":349,"column":7}},"139":{"start":{"line":345,"column":8},"end":{"line":345,"column":37}},"140":{"start":{"line":347,"column":8},"end":{"line":347,"column":159}},"141":{"start":{"line":352,"column":4},"end":{"line":358,"column":7}},"142":{"start":{"line":353,"column":6},"end":{"line":357,"column":7}},"143":{"start":{"line":354,"column":8},"end":{"line":354,"column":65}},"144":{"start":{"line":356,"column":8},"end":{"line":356,"column":54}},"145":{"start":{"line":362,"column":4},"end":{"line":362,"column":52}},"146":{"start":{"line":363,"column":4},"end":{"line":363,"column":42}},"147":{"start":{"line":364,"column":4},"end":{"line":364,"column":49}},"148":{"start":{"line":368,"column":4},"end":{"line":368,"column":32}},"149":{"start":{"line":369,"column":4},"end":{"line":369,"column":34}},"150":{"start":{"line":369,"column":27},"end":{"line":369,"column":34}},"151":{"start":{"line":370,"column":4},"end":{"line":370,"column":65}},"152":{"start":{"line":371,"column":4},"end":{"line":371,"column":29}},"153":{"start":{"line":372,"column":4},"end":{"line":372,"column":34}},"154":{"start":{"line":373,"column":4},"end":{"line":373,"column":62}},"155":{"start":{"line":377,"column":4},"end":{"line":377,"column":65}},"156":{"start":{"line":378,"column":4},"end":{"line":378,"column":30}},"157":{"start":{"line":379,"column":4},"end":{"line":379,"column":30}},"158":{"start":{"line":380,"column":4},"end":{"line":380,"column":24}},"159":{"start":{"line":382,"column":4},"end":{"line":382,"column":49}},"160":{"start":{"line":382,"column":25},"end":{"line":382,"column":49}},"161":{"start":{"line":383,"column":4},"end":{"line":383,"column":25}},"162":{"start":{"line":384,"column":4},"end":{"line":384,"column":62}}},"fnMap":{"0":{"name":"(anonymous_0)","decl":{"start":{"line":60,"column":2},"end":{"line":60,"column":14}},"loc":{"start":{"line":60,"column":27},"end":{"line":68,"column":3}}},"1":{"name":"(anonymous_1)","decl":{"start":{"line":70,"column":2},"end":{"line":70,"column":6}},"loc":{"start":{"line":70,"column":17},"end":{"line":72,"column":3}}},"2":{"name":"(anonymous_2)","decl":{"start":{"line":74,"column":2},"end":{"line":74,"column":22}},"loc":{"start":{"line":74,"column":35},"end":{"line":97,"column":3}}},"3":{"name":"(anonymous_3)","decl":{"start":{"line":76,"column":23},"end":{"line":76,"column":24}},"loc":{"start":{"line":76,"column":43},"end":{"line":96,"column":5}}},"4":{"name":"(anonymous_4)","decl":{"start":{"line":85,"column":24},"end":{"line":85,"column":25}},"loc":{"start":{"line":85,"column":49},"end":{"line":90,"column":9}}},"5":{"name":"(anonymous_5)","decl":{"start":{"line":91,"column":21},"end":{"line":91,"column":22}},"loc":{"start":{"line":91,"column":29},"end":{"line":94,"column":9}}},"6":{"name":"(anonymous_6)","decl":{"start":{"line":99,"column":2},"end":{"line":99,"column":17}},"loc":{"start":{"line":99,"column":30},"end":{"line":121,"column":3}}},"7":{"name":"(anonymous_7)","decl":{"start":{"line":101,"column":23},"end":{"line":101,"column":24}},"loc":{"start":{"line":101,"column":43},"end":{"line":120,"column":5}}},"8":{"name":"(anonymous_8)","decl":{"start":{"line":110,"column":24},"end":{"line":110,"column":25}},"loc":{"start":{"line":110,"column":49},"end":{"line":114,"column":9}}},"9":{"name":"(anonymous_9)","decl":{"start":{"line":115,"column":21},"end":{"line":115,"column":22}},"loc":{"start":{"line":115,"column":29},"end":{"line":118,"column":9}}},"10":{"name":"(anonymous_10)","decl":{"start":{"line":123,"column":2},"end":{"line":123,"column":26}},"loc":{"start":{"line":123,"column":39},"end":{"line":158,"column":3}}},"11":{"name":"(anonymous_11)","decl":{"start":{"line":125,"column":23},"end":{"line":125,"column":24}},"loc":{"start":{"line":125,"column":43},"end":{"line":157,"column":5}}},"12":{"name":"(anonymous_12)","decl":{"start":{"line":135,"column":24},"end":{"line":135,"column":25}},"loc":{"start":{"line":135,"column":49},"end":{"line":140,"column":9}}},"13":{"name":"(anonymous_13)","decl":{"start":{"line":141,"column":21},"end":{"line":141,"column":22}},"loc":{"start":{"line":141,"column":29},"end":{"line":145,"column":9}}},"14":{"name":"(anonymous_14)","decl":{"start":{"line":149,"column":8},"end":{"line":149,"column":11}},"loc":{"start":{"line":149,"column":13},"end":{"line":154,"column":9}}},"15":{"name":"(anonymous_15)","decl":{"start":{"line":160,"column":10},"end":{"line":160,"column":31}},"loc":{"start":{"line":160,"column":31},"end":{"line":208,"column":3}}},"16":{"name":"(anonymous_16)","decl":{"start":{"line":163,"column":6},"end":{"line":163,"column":7}},"loc":{"start":{"line":163,"column":14},"end":{"line":171,"column":7}}},"17":{"name":"(anonymous_17)","decl":{"start":{"line":172,"column":6},"end":{"line":172,"column":7}},"loc":{"start":{"line":172,"column":15},"end":{"line":172,"column":29}}},"18":{"name":"(anonymous_18)","decl":{"start":{"line":177,"column":6},"end":{"line":177,"column":7}},"loc":{"start":{"line":177,"column":14},"end":{"line":188,"column":7}}},"19":{"name":"(anonymous_19)","decl":{"start":{"line":189,"column":6},"end":{"line":189,"column":7}},"loc":{"start":{"line":189,"column":15},"end":{"line":189,"column":34}}},"20":{"name":"(anonymous_20)","decl":{"start":{"line":194,"column":6},"end":{"line":194,"column":7}},"loc":{"start":{"line":194,"column":14},"end":{"line":205,"column":7}}},"21":{"name":"(anonymous_21)","decl":{"start":{"line":206,"column":6},"end":{"line":206,"column":7}},"loc":{"start":{"line":206,"column":15},"end":{"line":206,"column":34}}},"22":{"name":"(anonymous_22)","decl":{"start":{"line":210,"column":10},"end":{"line":210,"column":28}},"loc":{"start":{"line":210,"column":49},"end":{"line":315,"column":3}}},"23":{"name":"(anonymous_23)","decl":{"start":{"line":267,"column":18},"end":{"line":267,"column":19}},"loc":{"start":{"line":267,"column":24},"end":{"line":282,"column":7}}},"24":{"name":"(anonymous_24)","decl":{"start":{"line":271,"column":18},"end":{"line":271,"column":19}},"loc":{"start":{"line":271,"column":25},"end":{"line":271,"column":36}}},"25":{"name":"(anonymous_25)","decl":{"start":{"line":272,"column":19},"end":{"line":272,"column":20}},"loc":{"start":{"line":272,"column":25},"end":{"line":281,"column":11}}},"26":{"name":"(anonymous_26)","decl":{"start":{"line":284,"column":19},"end":{"line":284,"column":20}},"loc":{"start":{"line":284,"column":25},"end":{"line":286,"column":7}}},"27":{"name":"(anonymous_27)","decl":{"start":{"line":296,"column":50},"end":{"line":296,"column":51}},"loc":{"start":{"line":296,"column":65},"end":{"line":300,"column":8}}},"28":{"name":"(anonymous_28)","decl":{"start":{"line":302,"column":21},"end":{"line":302,"column":22}},"loc":{"start":{"line":302,"column":27},"end":{"line":311,"column":7}}},"29":{"name":"(anonymous_29)","decl":{"start":{"line":303,"column":39},"end":{"line":303,"column":40}},"loc":{"start":{"line":303,"column":46},"end":{"line":303,"column":59}}},"30":{"name":"(anonymous_30)","decl":{"start":{"line":318,"column":10},"end":{"line":318,"column":32}},"loc":{"start":{"line":318,"column":58},"end":{"line":359,"column":3}}},"31":{"name":"(anonymous_31)","decl":{"start":{"line":340,"column":34},"end":{"line":340,"column":35}},"loc":{"start":{"line":340,"column":81},"end":{"line":350,"column":5}}},"32":{"name":"(anonymous_32)","decl":{"start":{"line":352,"column":27},"end":{"line":352,"column":28}},"loc":{"start":{"line":352,"column":35},"end":{"line":358,"column":5}}},"33":{"name":"(anonymous_33)","decl":{"start":{"line":361,"column":2},"end":{"line":361,"column":7}},"loc":{"start":{"line":361,"column":35},"end":{"line":365,"column":3}}},"34":{"name":"(anonymous_34)","decl":{"start":{"line":367,"column":2},"end":{"line":367,"column":7}},"loc":{"start":{"line":367,"column":21},"end":{"line":374,"column":3}}},"35":{"name":"(anonymous_35)","decl":{"start":{"line":376,"column":2},"end":{"line":376,"column":6}},"loc":{"start":{"line":376,"column":6},"end":{"line":385,"column":3}}}},"branchMap":{"0":{"loc":{"start":{"line":60,"column":14},"end":{"line":60,"column":27}},"type":"default-arg","locations":[{"start":{"line":60,"column":22},"end":{"line":60,"column":27}}]},"1":{"loc":{"start":{"line":123,"column":27},"end":{"line":123,"column":39}},"type":"default-arg","locations":[{"start":{"line":123,"column":37},"end":{"line":123,"column":39}}]},"2":{"loc":{"start":{"line":166,"column":8},"end":{"line":168,"column":9}},"type":"if","locations":[{"start":{"line":166,"column":8},"end":{"line":168,"column":9}}]},"3":{"loc":{"start":{"line":166,"column":12},"end":{"line":166,"column":82}},"type":"binary-expr","locations":[{"start":{"line":166,"column":12},"end":{"line":166,"column":35}},{"start":{"line":166,"column":40},"end":{"line":166,"column":43}},{"start":{"line":166,"column":47},"end":{"line":166,"column":81}}]},"4":{"loc":{"start":{"line":180,"column":8},"end":{"line":185,"column":9}},"type":"if","locations":[{"start":{"line":180,"column":8},"end":{"line":185,"column":9}}]},"5":{"loc":{"start":{"line":197,"column":8},"end":{"line":202,"column":9}},"type":"if","locations":[{"start":{"line":197,"column":8},"end":{"line":202,"column":9}}]},"6":{"loc":{"start":{"line":226,"column":4},"end":{"line":231,"column":5}},"type":"if","locations":[{"start":{"line":226,"column":4},"end":{"line":231,"column":5}}]},"7":{"loc":{"start":{"line":233,"column":4},"end":{"line":240,"column":5}},"type":"if","locations":[{"start":{"line":233,"column":4},"end":{"line":240,"column":5}}]},"8":{"loc":{"start":{"line":235,"column":6},"end":{"line":239,"column":7}},"type":"if","locations":[{"start":{"line":235,"column":6},"end":{"line":239,"column":7}},{"start":{"line":237,"column":13},"end":{"line":239,"column":7}}]},"9":{"loc":{"start":{"line":242,"column":4},"end":{"line":244,"column":5}},"type":"if","locations":[{"start":{"line":242,"column":4},"end":{"line":244,"column":5}}]},"10":{"loc":{"start":{"line":262,"column":4},"end":{"line":288,"column":5}},"type":"if","locations":[{"start":{"line":262,"column":4},"end":{"line":288,"column":5}}]},"11":{"loc":{"start":{"line":276,"column":12},"end":{"line":276,"column":121}},"type":"if","locations":[{"start":{"line":276,"column":12},"end":{"line":276,"column":121}}]},"12":{"loc":{"start":{"line":277,"column":12},"end":{"line":277,"column":131}},"type":"if","locations":[{"start":{"line":277,"column":12},"end":{"line":277,"column":131}}]},"13":{"loc":{"start":{"line":278,"column":12},"end":{"line":278,"column":106}},"type":"if","locations":[{"start":{"line":278,"column":12},"end":{"line":278,"column":106}}]},"14":{"loc":{"start":{"line":279,"column":12},"end":{"line":279,"column":122}},"type":"if","locations":[{"start":{"line":279,"column":12},"end":{"line":279,"column":122}}]},"15":{"loc":{"start":{"line":280,"column":12},"end":{"line":280,"column":131}},"type":"if","locations":[{"start":{"line":280,"column":12},"end":{"line":280,"column":131}}]},"16":{"loc":{"start":{"line":290,"column":4},"end":{"line":312,"column":5}},"type":"if","locations":[{"start":{"line":290,"column":4},"end":{"line":312,"column":5}}]},"17":{"loc":{"start":{"line":291,"column":47},"end":{"line":291,"column":75}},"type":"binary-expr","locations":[{"start":{"line":291,"column":47},"end":{"line":291,"column":69}},{"start":{"line":291,"column":73},"end":{"line":291,"column":75}}]},"18":{"loc":{"start":{"line":292,"column":6},"end":{"line":294,"column":7}},"type":"if","locations":[{"start":{"line":292,"column":6},"end":{"line":294,"column":7}}]},"19":{"loc":{"start":{"line":292,"column":10},"end":{"line":292,"column":52}},"type":"binary-expr","locations":[{"start":{"line":292,"column":10},"end":{"line":292,"column":23}},{"start":{"line":292,"column":27},"end":{"line":292,"column":52}}]},"20":{"loc":{"start":{"line":304,"column":8},"end":{"line":309,"column":9}},"type":"if","locations":[{"start":{"line":304,"column":8},"end":{"line":309,"column":9}}]},"21":{"loc":{"start":{"line":306,"column":171},"end":{"line":306,"column":217}},"type":"cond-expr","locations":[{"start":{"line":306,"column":194},"end":{"line":306,"column":207}},{"start":{"line":306,"column":210},"end":{"line":306,"column":217}}]},"22":{"loc":{"start":{"line":308,"column":67},"end":{"line":308,"column":113}},"type":"cond-expr","locations":[{"start":{"line":308,"column":90},"end":{"line":308,"column":103}},{"start":{"line":308,"column":106},"end":{"line":308,"column":113}}]},"23":{"loc":{"start":{"line":342,"column":6},"end":{"line":349,"column":7}},"type":"if","locations":[{"start":{"line":342,"column":6},"end":{"line":349,"column":7}},{"start":{"line":346,"column":13},"end":{"line":349,"column":7}}]},"24":{"loc":{"start":{"line":342,"column":10},"end":{"line":342,"column":53}},"type":"binary-expr","locations":[{"start":{"line":342,"column":10},"end":{"line":342,"column":29}},{"start":{"line":342,"column":33},"end":{"line":342,"column":53}}]},"25":{"loc":{"start":{"line":353,"column":6},"end":{"line":357,"column":7}},"type":"if","locations":[{"start":{"line":353,"column":6},"end":{"line":357,"column":7}},{"start":{"line":355,"column":13},"end":{"line":357,"column":7}}]},"26":{"loc":{"start":{"line":367,"column":8},"end":{"line":367,"column":21}},"type":"default-arg","locations":[{"start":{"line":367,"column":16},"end":{"line":367,"column":21}}]},"27":{"loc":{"start":{"line":369,"column":4},"end":{"line":369,"column":34}},"type":"if","locations":[{"start":{"line":369,"column":4},"end":{"line":369,"column":34}}]},"28":{"loc":{"start":{"line":382,"column":4},"end":{"line":382,"column":49}},"type":"if","locations":[{"start":{"line":382,"column":4},"end":{"line":382,"column":49}}]}},"s":{"0":5,"1":5,"2":5,"3":5,"4":5,"5":5,"6":5,"7":5,"8":5,"9":5,"10":1,"11":1,"12":1,"13":1,"14":1,"15":1,"16":1,"17":0,"18":0,"19":1,"20":1,"21":1,"22":1,"23":1,"24":1,"25":0,"26":0,"27":2,"28":2,"29":2,"30":0,"31":0,"32":0,"33":0,"34":0,"35":0,"36":0,"37":2,"38":2,"39":2,"40":2,"41":2,"42":5,"43":0,"44":0,"45":0,"46":0,"47":2,"48":5,"49":0,"50":0,"51":0,"52":0,"53":0,"54":0,"55":1,"56":5,"57":0,"58":0,"59":0,"60":0,"61":0,"62":0,"63":1,"64":2,"65":2,"66":2,"67":2,"68":2,"69":2,"70":2,"71":2,"72":2,"73":2,"74":2,"75":2,"76":2,"77":2,"78":2,"79":2,"80":1,"81":1,"82":1,"83":0,"84":2,"85":1,"86":2,"87":2,"88":0,"89":2,"90":2,"91":2,"92":2,"93":2,"94":2,"95":2,"96":2,"97":2,"98":2,"99":1,"100":1,"101":1,"102":1,"103":4,"104":4,"105":4,"106":72,"107":18,"108":18,"109":1,"110":18,"111":1,"112":18,"113":1,"114":18,"115":0,"116":18,"117":0,"118":1,"119":1,"120":3,"121":1,"122":2,"123":1,"124":1,"125":1,"126":18,"127":1,"128":1,"129":18,"130":51,"131":18,"132":3,"133":3,"134":2,"135":1,"136":1,"137":0,"138":0,"139":0,"140":0,"141":1,"142":0,"143":0,"144":0,"145":0,"146":0,"147":0,"148":1,"149":1,"150":0,"151":1,"152":1,"153":1,"154":1,"155":3,"156":3,"157":3,"158":3,"159":3,"160":1,"161":3,"162":3},"f":{"0":5,"1":5,"2":1,"3":1,"4":1,"5":0,"6":1,"7":1,"8":1,"9":0,"10":2,"11":2,"12":0,"13":0,"14":2,"15":5,"16":0,"17":2,"18":0,"19":1,"20":0,"21":1,"22":2,"23":4,"24":72,"25":18,"26":3,"27":18,"28":18,"29":51,"30":1,"31":0,"32":0,"33":0,"34":1,"35":3},"b":{"0":[0],"1":[0],"2":[0],"3":[0,0,0],"4":[0],"5":[0],"6":[2],"7":[1],"8":[1,0],"9":[1],"10":[1],"11":[1],"12":[1],"13":[1],"14":[0],"15":[0],"16":[1],"17":[1,0],"18":[0],"19":[1,1],"20":[3],"21":[1,2],"22":[1,2],"23":[0,0],"24":[0,0],"25":[0,0],"26":[0],"27":[0],"28":[1]}}
,"C:\\Users\\lligu\\GitHub\\matterbridge-shelly\\src\\mcastServer.ts": {"path":"C:\\Users\\lligu\\GitHub\\matterbridge-shelly\\src\\mcastServer.ts","statementMap":{"0":{"start":{"line":10,"column":21},"end":{"line":10,"column":26}},"1":{"start":{"line":11,"column":21},"end":{"line":11,"column":26}},"2":{"start":{"line":14,"column":4},"end":{"line":14,"column":123}},"3":{"start":{"line":18,"column":4},"end":{"line":18,"column":56}},"4":{"start":{"line":19,"column":30},"end":{"line":19,"column":43}},"5":{"start":{"line":20,"column":17},"end":{"line":20,"column":21}},"6":{"start":{"line":21,"column":22},"end":{"line":21,"column":47}},"7":{"start":{"line":23,"column":4},"end":{"line":23,"column":77}},"8":{"start":{"line":25,"column":4},"end":{"line":28,"column":7}},"9":{"start":{"line":26,"column":6},"end":{"line":26,"column":75}},"10":{"start":{"line":27,"column":6},"end":{"line":27,"column":32}},"11":{"start":{"line":30,"column":4},"end":{"line":32,"column":7}},"12":{"start":{"line":31,"column":6},"end":{"line":31,"column":85}},"13":{"start":{"line":34,"column":4},"end":{"line":43,"column":7}},"14":{"start":{"line":35,"column":6},"end":{"line":38,"column":7}},"15":{"start":{"line":36,"column":8},"end":{"line":36,"column":91}},"16":{"start":{"line":37,"column":8},"end":{"line":37,"column":15}},"17":{"start":{"line":39,"column":22},"end":{"line":39,"column":48}},"18":{"start":{"line":40,"column":6},"end":{"line":40,"column":94}},"19":{"start":{"line":41,"column":6},"end":{"line":41,"column":67}},"20":{"start":{"line":42,"column":6},"end":{"line":42,"column":137}},"21":{"start":{"line":45,"column":4},"end":{"line":55,"column":7}},"22":{"start":{"line":46,"column":6},"end":{"line":49,"column":7}},"23":{"start":{"line":47,"column":8},"end":{"line":47,"column":89}},"24":{"start":{"line":48,"column":8},"end":{"line":48,"column":15}},"25":{"start":{"line":50,"column":6},"end":{"line":50,"column":42}},"26":{"start":{"line":51,"column":6},"end":{"line":51,"column":44}},"27":{"start":{"line":52,"column":6},"end":{"line":52,"column":35}},"28":{"start":{"line":53,"column":6},"end":{"line":53,"column":98}},"29":{"start":{"line":54,"column":6},"end":{"line":54,"column":31}},"30":{"start":{"line":54,"column":20},"end":{"line":54,"column":31}},"31":{"start":{"line":59,"column":4},"end":{"line":59,"column":56}},"32":{"start":{"line":60,"column":30},"end":{"line":60,"column":43}},"33":{"start":{"line":61,"column":17},"end":{"line":61,"column":21}},"34":{"start":{"line":62,"column":22},"end":{"line":62,"column":47}},"35":{"start":{"line":64,"column":20},"end":{"line":64,"column":57}},"36":{"start":{"line":66,"column":4},"end":{"line":66,"column":77}},"37":{"start":{"line":68,"column":4},"end":{"line":89,"column":7}},"38":{"start":{"line":69,"column":6},"end":{"line":72,"column":7}},"39":{"start":{"line":70,"column":8},"end":{"line":70,"column":89}},"40":{"start":{"line":71,"column":8},"end":{"line":71,"column":15}},"41":{"start":{"line":73,"column":6},"end":{"line":73,"column":43}},"42":{"start":{"line":74,"column":6},"end":{"line":74,"column":45}},"43":{"start":{"line":75,"column":6},"end":{"line":75,"column":68}},"44":{"start":{"line":76,"column":6},"end":{"line":76,"column":35}},"45":{"start":{"line":77,"column":6},"end":{"line":77,"column":122}},"46":{"start":{"line":78,"column":6},"end":{"line":78,"column":31}},"47":{"start":{"line":78,"column":20},"end":{"line":78,"column":31}},"48":{"start":{"line":80,"column":6},"end":{"line":88,"column":15}},"49":{"start":{"line":81,"column":8},"end":{"line":87,"column":11}},"50":{"start":{"line":82,"column":10},"end":{"line":86,"column":11}},"51":{"start":{"line":83,"column":12},"end":{"line":83,"column":92}},"52":{"start":{"line":85,"column":12},"end":{"line":85,"column":122}},"53":{"start":{"line":93,"column":4},"end":{"line":93,"column":65}},"54":{"start":{"line":94,"column":4},"end":{"line":94,"column":51}},"55":{"start":{"line":94,"column":26},"end":{"line":94,"column":51}},"56":{"start":{"line":95,"column":4},"end":{"line":95,"column":33}},"57":{"start":{"line":97,"column":4},"end":{"line":97,"column":65}},"58":{"start":{"line":98,"column":4},"end":{"line":98,"column":61}},"59":{"start":{"line":98,"column":28},"end":{"line":98,"column":61}},"60":{"start":{"line":99,"column":4},"end":{"line":99,"column":35}},"61":{"start":{"line":100,"column":4},"end":{"line":100,"column":51}},"62":{"start":{"line":100,"column":26},"end":{"line":100,"column":51}},"63":{"start":{"line":101,"column":4},"end":{"line":101,"column":33}},"64":{"start":{"line":103,"column":4},"end":{"line":103,"column":73}}},"fnMap":{"0":{"name":"(anonymous_0)","decl":{"start":{"line":13,"column":2},"end":{"line":13,"column":null}},"loc":{"start":{"line":13,"column":2},"end":{"line":15,"column":3}}},"1":{"name":"(anonymous_1)","decl":{"start":{"line":17,"column":2},"end":{"line":17,"column":18}},"loc":{"start":{"line":17,"column":40},"end":{"line":56,"column":3}}},"2":{"name":"(anonymous_2)","decl":{"start":{"line":25,"column":33},"end":{"line":25,"column":34}},"loc":{"start":{"line":25,"column":41},"end":{"line":28,"column":5}}},"3":{"name":"(anonymous_3)","decl":{"start":{"line":30,"column":35},"end":{"line":30,"column":36}},"loc":{"start":{"line":30,"column":50},"end":{"line":32,"column":5}}},"4":{"name":"(anonymous_4)","decl":{"start":{"line":34,"column":37},"end":{"line":34,"column":40}},"loc":{"start":{"line":34,"column":42},"end":{"line":43,"column":5}}},"5":{"name":"(anonymous_5)","decl":{"start":{"line":45,"column":43},"end":{"line":45,"column":46}},"loc":{"start":{"line":45,"column":48},"end":{"line":55,"column":5}}},"6":{"name":"(anonymous_6)","decl":{"start":{"line":58,"column":2},"end":{"line":58,"column":18}},"loc":{"start":{"line":58,"column":40},"end":{"line":90,"column":3}}},"7":{"name":"(anonymous_7)","decl":{"start":{"line":68,"column":26},"end":{"line":68,"column":29}},"loc":{"start":{"line":68,"column":31},"end":{"line":89,"column":5}}},"8":{"name":"(anonymous_8)","decl":{"start":{"line":80,"column":39},"end":{"line":80,"column":42}},"loc":{"start":{"line":80,"column":44},"end":{"line":88,"column":7}}},"9":{"name":"(anonymous_9)","decl":{"start":{"line":81,"column":84},"end":{"line":81,"column":85}},"loc":{"start":{"line":81,"column":108},"end":{"line":87,"column":9}}},"10":{"name":"(anonymous_10)","decl":{"start":{"line":92,"column":2},"end":{"line":92,"column":6}},"loc":{"start":{"line":92,"column":6},"end":{"line":104,"column":3}}}},"branchMap":{"0":{"loc":{"start":{"line":35,"column":6},"end":{"line":38,"column":7}},"type":"if","locations":[{"start":{"line":35,"column":6},"end":{"line":38,"column":7}}]},"1":{"loc":{"start":{"line":46,"column":6},"end":{"line":49,"column":7}},"type":"if","locations":[{"start":{"line":46,"column":6},"end":{"line":49,"column":7}}]},"2":{"loc":{"start":{"line":54,"column":6},"end":{"line":54,"column":31}},"type":"if","locations":[{"start":{"line":54,"column":6},"end":{"line":54,"column":31}}]},"3":{"loc":{"start":{"line":69,"column":6},"end":{"line":72,"column":7}},"type":"if","locations":[{"start":{"line":69,"column":6},"end":{"line":72,"column":7}}]},"4":{"loc":{"start":{"line":78,"column":6},"end":{"line":78,"column":31}},"type":"if","locations":[{"start":{"line":78,"column":6},"end":{"line":78,"column":31}}]},"5":{"loc":{"start":{"line":82,"column":10},"end":{"line":86,"column":11}},"type":"if","locations":[{"start":{"line":82,"column":10},"end":{"line":86,"column":11}},{"start":{"line":84,"column":17},"end":{"line":86,"column":11}}]},"6":{"loc":{"start":{"line":94,"column":4},"end":{"line":94,"column":51}},"type":"if","locations":[{"start":{"line":94,"column":4},"end":{"line":94,"column":51}}]},"7":{"loc":{"start":{"line":98,"column":4},"end":{"line":98,"column":61}},"type":"if","locations":[{"start":{"line":98,"column":4},"end":{"line":98,"column":61}}]},"8":{"loc":{"start":{"line":100,"column":4},"end":{"line":100,"column":51}},"type":"if","locations":[{"start":{"line":100,"column":4},"end":{"line":100,"column":51}}]}},"s":{"0":1,"1":1,"2":1,"3":1,"4":1,"5":1,"6":1,"7":1,"8":1,"9":0,"10":0,"11":1,"12":0,"13":1,"14":1,"15":0,"16":0,"17":1,"18":1,"19":1,"20":1,"21":1,"22":1,"23":0,"24":0,"25":1,"26":1,"27":1,"28":1,"29":1,"30":1,"31":1,"32":1,"33":1,"34":1,"35":1,"36":1,"37":1,"38":1,"39":0,"40":0,"41":1,"42":1,"43":1,"44":1,"45":1,"46":1,"47":1,"48":1,"49":0,"50":0,"51":0,"52":0,"53":1,"54":1,"55":1,"56":1,"57":1,"58":1,"59":1,"60":1,"61":1,"62":1,"63":1,"64":1},"f":{"0":1,"1":1,"2":0,"3":0,"4":1,"5":1,"6":1,"7":1,"8":0,"9":0,"10":1},"b":{"0":[0],"1":[0],"2":[1],"3":[0],"4":[1],"5":[0,0],"6":[1],"7":[1],"8":[1]}}
,"C:\\Users\\lligu\\GitHub\\matterbridge-shelly\\src\\mdnsScanner.ts": {"path":"C:\\Users\\lligu\\GitHub\\matterbridge-shelly\\src\\mdnsScanner.ts","statementMap":{"0":{"start":{"line":15,"column":30},"end":{"line":15,"column":65}},"1":{"start":{"line":18,"column":24},"end":{"line":18,"column":29}},"2":{"start":{"line":23,"column":4},"end":{"line":23,"column":12}},"3":{"start":{"line":24,"column":4},"end":{"line":24,"column":131}},"4":{"start":{"line":28,"column":4},"end":{"line":28,"column":28}},"5":{"start":{"line":32,"column":4},"end":{"line":35,"column":7}},"6":{"start":{"line":36,"column":4},"end":{"line":36,"column":57}},"7":{"start":{"line":40,"column":4},"end":{"line":40,"column":71}},"8":{"start":{"line":41,"column":4},"end":{"line":41,"column":28}},"9":{"start":{"line":43,"column":4},"end":{"line":43,"column":26}},"10":{"start":{"line":44,"column":4},"end":{"line":112,"column":7}},"11":{"start":{"line":45,"column":17},"end":{"line":45,"column":18}},"12":{"start":{"line":46,"column":16},"end":{"line":46,"column":17}},"13":{"start":{"line":47,"column":6},"end":{"line":76,"column":7}},"14":{"start":{"line":48,"column":8},"end":{"line":50,"column":9}},"15":{"start":{"line":49,"column":10},"end":{"line":49,"column":154}},"16":{"start":{"line":51,"column":8},"end":{"line":53,"column":9}},"17":{"start":{"line":52,"column":10},"end":{"line":52,"column":150}},"18":{"start":{"line":54,"column":8},"end":{"line":56,"column":9}},"19":{"start":{"line":55,"column":10},"end":{"line":55,"column":150}},"20":{"start":{"line":57,"column":8},"end":{"line":59,"column":9}},"21":{"start":{"line":58,"column":10},"end":{"line":58,"column":150}},"22":{"start":{"line":60,"column":8},"end":{"line":62,"column":9}},"23":{"start":{"line":61,"column":10},"end":{"line":61,"column":150}},"24":{"start":{"line":63,"column":8},"end":{"line":65,"column":9}},"25":{"start":{"line":64,"column":10},"end":{"line":64,"column":96}},"26":{"start":{"line":66,"column":8},"end":{"line":68,"column":9}},"27":{"start":{"line":67,"column":10},"end":{"line":67,"column":29}},"28":{"start":{"line":69,"column":8},"end":{"line":75,"column":9}},"29":{"start":{"line":70,"column":10},"end":{"line":74,"column":11}},"30":{"start":{"line":71,"column":12},"end":{"line":71,"column":169}},"31":{"start":{"line":72,"column":12},"end":{"line":72,"column":135}},"32":{"start":{"line":73,"column":12},"end":{"line":73,"column":102}},"33":{"start":{"line":77,"column":6},"end":{"line":111,"column":7}},"34":{"start":{"line":78,"column":8},"end":{"line":80,"column":9}},"35":{"start":{"line":79,"column":10},"end":{"line":79,"column":154}},"36":{"start":{"line":81,"column":8},"end":{"line":83,"column":9}},"37":{"start":{"line":82,"column":10},"end":{"line":82,"column":150}},"38":{"start":{"line":84,"column":8},"end":{"line":86,"column":9}},"39":{"start":{"line":85,"column":10},"end":{"line":85,"column":150}},"40":{"start":{"line":87,"column":8},"end":{"line":89,"column":9}},"41":{"start":{"line":88,"column":10},"end":{"line":88,"column":150}},"42":{"start":{"line":90,"column":8},"end":{"line":92,"column":9}},"43":{"start":{"line":91,"column":10},"end":{"line":91,"column":150}},"44":{"start":{"line":93,"column":8},"end":{"line":95,"column":9}},"45":{"start":{"line":94,"column":10},"end":{"line":94,"column":96}},"46":{"start":{"line":96,"column":8},"end":{"line":98,"column":9}},"47":{"start":{"line":97,"column":10},"end":{"line":97,"column":29}},"48":{"start":{"line":99,"column":8},"end":{"line":101,"column":9}},"49":{"start":{"line":100,"column":10},"end":{"line":100,"column":64}},"50":{"start":{"line":102,"column":8},"end":{"line":110,"column":9}},"51":{"start":{"line":103,"column":10},"end":{"line":109,"column":11}},"52":{"start":{"line":104,"column":12},"end":{"line":106,"column":14}},"53":{"start":{"line":107,"column":12},"end":{"line":107,"column":160}},"54":{"start":{"line":108,"column":12},"end":{"line":108,"column":113}},"55":{"start":{"line":114,"column":4},"end":{"line":114,"column":21}},"56":{"start":{"line":116,"column":4},"end":{"line":118,"column":18}},"57":{"start":{"line":117,"column":6},"end":{"line":117,"column":23}},"58":{"start":{"line":120,"column":4},"end":{"line":124,"column":5}},"59":{"start":{"line":121,"column":6},"end":{"line":123,"column":33}},"60":{"start":{"line":122,"column":8},"end":{"line":122,"column":20}},"61":{"start":{"line":125,"column":4},"end":{"line":125,"column":68}},"62":{"start":{"line":129,"column":4},"end":{"line":129,"column":52}},"63":{"start":{"line":130,"column":4},"end":{"line":130,"column":63}},"64":{"start":{"line":130,"column":29},"end":{"line":130,"column":63}},"65":{"start":{"line":131,"column":4},"end":{"line":131,"column":59}},"66":{"start":{"line":131,"column":27},"end":{"line":131,"column":59}},"67":{"start":{"line":132,"column":4},"end":{"line":132,"column":29}},"68":{"start":{"line":133,"column":4},"end":{"line":133,"column":36}},"69":{"start":{"line":134,"column":4},"end":{"line":134,"column":34}},"70":{"start":{"line":135,"column":4},"end":{"line":135,"column":28}},"71":{"start":{"line":136,"column":4},"end":{"line":136,"column":29}},"72":{"start":{"line":137,"column":4},"end":{"line":137,"column":30}},"73":{"start":{"line":138,"column":4},"end":{"line":138,"column":25}},"74":{"start":{"line":139,"column":4},"end":{"line":139,"column":49}},"75":{"start":{"line":143,"column":4},"end":{"line":143,"column":79}},"76":{"start":{"line":145,"column":4},"end":{"line":147,"column":5}},"77":{"start":{"line":146,"column":6},"end":{"line":146,"column":119}},"78":{"start":{"line":148,"column":4},"end":{"line":148,"column":39}}},"fnMap":{"0":{"name":"(anonymous_0)","decl":{"start":{"line":22,"column":2},"end":{"line":22,"column":14}},"loc":{"start":{"line":22,"column":27},"end":{"line":25,"column":3}}},"1":{"name":"(anonymous_1)","decl":{"start":{"line":27,"column":2},"end":{"line":27,"column":6}},"loc":{"start":{"line":27,"column":16},"end":{"line":29,"column":3}}},"2":{"name":"(anonymous_2)","decl":{"start":{"line":31,"column":10},"end":{"line":31,"column":19}},"loc":{"start":{"line":31,"column":19},"end":{"line":37,"column":3}}},"3":{"name":"(anonymous_3)","decl":{"start":{"line":39,"column":2},"end":{"line":39,"column":7}},"loc":{"start":{"line":39,"column":47},"end":{"line":126,"column":3}}},"4":{"name":"(anonymous_4)","decl":{"start":{"line":44,"column":32},"end":{"line":44,"column":37}},"loc":{"start":{"line":44,"column":67},"end":{"line":112,"column":5}}},"5":{"name":"(anonymous_5)","decl":{"start":{"line":116,"column":36},"end":{"line":116,"column":39}},"loc":{"start":{"line":116,"column":41},"end":{"line":118,"column":5}}},"6":{"name":"(anonymous_6)","decl":{"start":{"line":121,"column":39},"end":{"line":121,"column":42}},"loc":{"start":{"line":121,"column":44},"end":{"line":123,"column":7}}},"7":{"name":"(anonymous_7)","decl":{"start":{"line":128,"column":2},"end":{"line":128,"column":6}},"loc":{"start":{"line":128,"column":6},"end":{"line":140,"column":3}}},"8":{"name":"(anonymous_8)","decl":{"start":{"line":142,"column":2},"end":{"line":142,"column":15}},"loc":{"start":{"line":142,"column":15},"end":{"line":149,"column":3}}}},"branchMap":{"0":{"loc":{"start":{"line":22,"column":14},"end":{"line":22,"column":27}},"type":"default-arg","locations":[{"start":{"line":22,"column":22},"end":{"line":22,"column":27}}]},"1":{"loc":{"start":{"line":39,"column":34},"end":{"line":39,"column":47}},"type":"default-arg","locations":[{"start":{"line":39,"column":42},"end":{"line":39,"column":47}}]},"2":{"loc":{"start":{"line":48,"column":8},"end":{"line":50,"column":9}},"type":"if","locations":[{"start":{"line":48,"column":8},"end":{"line":50,"column":9}}]},"3":{"loc":{"start":{"line":48,"column":12},"end":{"line":48,"column":37}},"type":"binary-expr","locations":[{"start":{"line":48,"column":12},"end":{"line":48,"column":17}},{"start":{"line":48,"column":21},"end":{"line":48,"column":37}}]},"4":{"loc":{"start":{"line":49,"column":90},"end":{"line":49,"column":150}},"type":"cond-expr","locations":[{"start":{"line":49,"column":119},"end":{"line":49,"column":125}},{"start":{"line":49,"column":128},"end":{"line":49,"column":150}}]},"5":{"loc":{"start":{"line":51,"column":8},"end":{"line":53,"column":9}},"type":"if","locations":[{"start":{"line":51,"column":8},"end":{"line":53,"column":9}}]},"6":{"loc":{"start":{"line":51,"column":12},"end":{"line":51,"column":70}},"type":"binary-expr","locations":[{"start":{"line":51,"column":12},"end":{"line":51,"column":17}},{"start":{"line":51,"column":21},"end":{"line":51,"column":37}},{"start":{"line":51,"column":41},"end":{"line":51,"column":70}}]},"7":{"loc":{"start":{"line":52,"column":86},"end":{"line":52,"column":146}},"type":"cond-expr","locations":[{"start":{"line":52,"column":115},"end":{"line":52,"column":121}},{"start":{"line":52,"column":124},"end":{"line":52,"column":146}}]},"8":{"loc":{"start":{"line":54,"column":8},"end":{"line":56,"column":9}},"type":"if","locations":[{"start":{"line":54,"column":8},"end":{"line":56,"column":9}}]},"9":{"loc":{"start":{"line":54,"column":12},"end":{"line":54,"column":66}},"type":"binary-expr","locations":[{"start":{"line":54,"column":12},"end":{"line":54,"column":17}},{"start":{"line":54,"column":21},"end":{"line":54,"column":35}},{"start":{"line":54,"column":39},"end":{"line":54,"column":66}}]},"10":{"loc":{"start":{"line":55,"column":86},"end":{"line":55,"column":146}},"type":"cond-expr","locations":[{"start":{"line":55,"column":115},"end":{"line":55,"column":121}},{"start":{"line":55,"column":124},"end":{"line":55,"column":146}}]},"11":{"loc":{"start":{"line":57,"column":8},"end":{"line":59,"column":9}},"type":"if","locations":[{"start":{"line":57,"column":8},"end":{"line":59,"column":9}}]},"12":{"loc":{"start":{"line":57,"column":12},"end":{"line":57,"column":69}},"type":"binary-expr","locations":[{"start":{"line":57,"column":12},"end":{"line":57,"column":17}},{"start":{"line":57,"column":21},"end":{"line":57,"column":38}},{"start":{"line":57,"column":42},"end":{"line":57,"column":69}}]},"13":{"loc":{"start":{"line":58,"column":86},"end":{"line":58,"column":146}},"type":"cond-expr","locations":[{"start":{"line":58,"column":115},"end":{"line":58,"column":121}},{"start":{"line":58,"column":124},"end":{"line":58,"column":146}}]},"14":{"loc":{"start":{"line":60,"column":8},"end":{"line":62,"column":9}},"type":"if","locations":[{"start":{"line":60,"column":8},"end":{"line":62,"column":9}}]},"15":{"loc":{"start":{"line":60,"column":12},"end":{"line":60,"column":68}},"type":"binary-expr","locations":[{"start":{"line":60,"column":12},"end":{"line":60,"column":17}},{"start":{"line":60,"column":21},"end":{"line":60,"column":37}},{"start":{"line":60,"column":41},"end":{"line":60,"column":68}}]},"16":{"loc":{"start":{"line":61,"column":86},"end":{"line":61,"column":146}},"type":"cond-expr","locations":[{"start":{"line":61,"column":115},"end":{"line":61,"column":121}},{"start":{"line":61,"column":124},"end":{"line":61,"column":146}}]},"17":{"loc":{"start":{"line":63,"column":8},"end":{"line":65,"column":9}},"type":"if","locations":[{"start":{"line":63,"column":8},"end":{"line":65,"column":9}}]},"18":{"loc":{"start":{"line":63,"column":12},"end":{"line":63,"column":68}},"type":"binary-expr","locations":[{"start":{"line":63,"column":12},"end":{"line":63,"column":17}},{"start":{"line":63,"column":21},"end":{"line":63,"column":37}},{"start":{"line":63,"column":41},"end":{"line":63,"column":68}}]},"19":{"loc":{"start":{"line":66,"column":8},"end":{"line":68,"column":9}},"type":"if","locations":[{"start":{"line":66,"column":8},"end":{"line":68,"column":9}}]},"20":{"loc":{"start":{"line":66,"column":12},"end":{"line":66,"column":59}},"type":"binary-expr","locations":[{"start":{"line":66,"column":12},"end":{"line":66,"column":28}},{"start":{"line":66,"column":32},"end":{"line":66,"column":59}}]},"21":{"loc":{"start":{"line":69,"column":8},"end":{"line":75,"column":9}},"type":"if","locations":[{"start":{"line":69,"column":8},"end":{"line":75,"column":9}}]},"22":{"loc":{"start":{"line":69,"column":12},"end":{"line":69,"column":57}},"type":"binary-expr","locations":[{"start":{"line":69,"column":12},"end":{"line":69,"column":26}},{"start":{"line":69,"column":30},"end":{"line":69,"column":57}}]},"23":{"loc":{"start":{"line":70,"column":10},"end":{"line":74,"column":11}},"type":"if","locations":[{"start":{"line":70,"column":10},"end":{"line":74,"column":11}}]},"24":{"loc":{"start":{"line":78,"column":8},"end":{"line":80,"column":9}},"type":"if","locations":[{"start":{"line":78,"column":8},"end":{"line":80,"column":9}}]},"25":{"loc":{"start":{"line":78,"column":12},"end":{"line":78,"column":37}},"type":"binary-expr","locations":[{"start":{"line":78,"column":12},"end":{"line":78,"column":17}},{"start":{"line":78,"column":21},"end":{"line":78,"column":37}}]},"26":{"loc":{"start":{"line":79,"column":90},"end":{"line":79,"column":150}},"type":"cond-expr","locations":[{"start":{"line":79,"column":119},"end":{"line":79,"column":125}},{"start":{"line":79,"column":128},"end":{"line":79,"column":150}}]},"27":{"loc":{"start":{"line":81,"column":8},"end":{"line":83,"column":9}},"type":"if","locations":[{"start":{"line":81,"column":8},"end":{"line":83,"column":9}}]},"28":{"loc":{"start":{"line":81,"column":12},"end":{"line":81,"column":70}},"type":"binary-expr","locations":[{"start":{"line":81,"column":12},"end":{"line":81,"column":17}},{"start":{"line":81,"column":21},"end":{"line":81,"column":37}},{"start":{"line":81,"column":41},"end":{"line":81,"column":70}}]},"29":{"loc":{"start":{"line":82,"column":86},"end":{"line":82,"column":146}},"type":"cond-expr","locations":[{"start":{"line":82,"column":115},"end":{"line":82,"column":121}},{"start":{"line":82,"column":124},"end":{"line":82,"column":146}}]},"30":{"loc":{"start":{"line":84,"column":8},"end":{"line":86,"column":9}},"type":"if","locations":[{"start":{"line":84,"column":8},"end":{"line":86,"column":9}}]},"31":{"loc":{"start":{"line":84,"column":12},"end":{"line":84,"column":66}},"type":"binary-expr","locations":[{"start":{"line":84,"column":12},"end":{"line":84,"column":17}},{"start":{"line":84,"column":21},"end":{"line":84,"column":35}},{"start":{"line":84,"column":39},"end":{"line":84,"column":66}}]},"32":{"loc":{"start":{"line":85,"column":86},"end":{"line":85,"column":146}},"type":"cond-expr","locations":[{"start":{"line":85,"column":115},"end":{"line":85,"column":121}},{"start":{"line":85,"column":124},"end":{"line":85,"column":146}}]},"33":{"loc":{"start":{"line":87,"column":8},"end":{"line":89,"column":9}},"type":"if","locations":[{"start":{"line":87,"column":8},"end":{"line":89,"column":9}}]},"34":{"loc":{"start":{"line":87,"column":12},"end":{"line":87,"column":69}},"type":"binary-expr","locations":[{"start":{"line":87,"column":12},"end":{"line":87,"column":17}},{"start":{"line":87,"column":21},"end":{"line":87,"column":38}},{"start":{"line":87,"column":42},"end":{"line":87,"column":69}}]},"35":{"loc":{"start":{"line":88,"column":86},"end":{"line":88,"column":146}},"type":"cond-expr","locations":[{"start":{"line":88,"column":115},"end":{"line":88,"column":121}},{"start":{"line":88,"column":124},"end":{"line":88,"column":146}}]},"36":{"loc":{"start":{"line":90,"column":8},"end":{"line":92,"column":9}},"type":"if","locations":[{"start":{"line":90,"column":8},"end":{"line":92,"column":9}}]},"37":{"loc":{"start":{"line":90,"column":12},"end":{"line":90,"column":37}},"type":"binary-expr","locations":[{"start":{"line":90,"column":12},"end":{"line":90,"column":17}},{"start":{"line":90,"column":21},"end":{"line":90,"column":37}}]},"38":{"loc":{"start":{"line":91,"column":86},"end":{"line":91,"column":146}},"type":"cond-expr","locations":[{"start":{"line":91,"column":115},"end":{"line":91,"column":121}},{"start":{"line":91,"column":124},"end":{"line":91,"column":146}}]},"39":{"loc":{"start":{"line":93,"column":8},"end":{"line":95,"column":9}},"type":"if","locations":[{"start":{"line":93,"column":8},"end":{"line":95,"column":9}}]},"40":{"loc":{"start":{"line":93,"column":12},"end":{"line":93,"column":37}},"type":"binary-expr","locations":[{"start":{"line":93,"column":12},"end":{"line":93,"column":17}},{"start":{"line":93,"column":21},"end":{"line":93,"column":37}}]},"41":{"loc":{"start":{"line":96,"column":8},"end":{"line":98,"column":9}},"type":"if","locations":[{"start":{"line":96,"column":8},"end":{"line":98,"column":9}}]},"42":{"loc":{"start":{"line":96,"column":12},"end":{"line":96,"column":59}},"type":"binary-expr","locations":[{"start":{"line":96,"column":12},"end":{"line":96,"column":28}},{"start":{"line":96,"column":32},"end":{"line":96,"column":59}}]},"43":{"loc":{"start":{"line":99,"column":8},"end":{"line":101,"column":9}},"type":"if","locations":[{"start":{"line":99,"column":8},"end":{"line":101,"column":9}}]},"44":{"loc":{"start":{"line":99,"column":12},"end":{"line":99,"column":59}},"type":"binary-expr","locations":[{"start":{"line":99,"column":12},"end":{"line":99,"column":28}},{"start":{"line":99,"column":32},"end":{"line":99,"column":59}}]},"45":{"loc":{"start":{"line":102,"column":8},"end":{"line":110,"column":9}},"type":"if","locations":[{"start":{"line":102,"column":8},"end":{"line":110,"column":9}}]},"46":{"loc":{"start":{"line":102,"column":12},"end":{"line":102,"column":57}},"type":"binary-expr","locations":[{"start":{"line":102,"column":12},"end":{"line":102,"column":26}},{"start":{"line":102,"column":30},"end":{"line":102,"column":57}}]},"47":{"loc":{"start":{"line":103,"column":10},"end":{"line":109,"column":11}},"type":"if","locations":[{"start":{"line":103,"column":10},"end":{"line":109,"column":11}}]},"48":{"loc":{"start":{"line":120,"column":4},"end":{"line":124,"column":5}},"type":"if","locations":[{"start":{"line":120,"column":4},"end":{"line":124,"column":5}}]},"49":{"loc":{"start":{"line":120,"column":8},"end":{"line":120,"column":46}},"type":"binary-expr","locations":[{"start":{"line":120,"column":8},"end":{"line":120,"column":23}},{"start":{"line":120,"column":27},"end":{"line":120,"column":46}}]},"50":{"loc":{"start":{"line":130,"column":4},"end":{"line":130,"column":63}},"type":"if","locations":[{"start":{"line":130,"column":4},"end":{"line":130,"column":63}}]},"51":{"loc":{"start":{"line":131,"column":4},"end":{"line":131,"column":59}},"type":"if","locations":[{"start":{"line":131,"column":4},"end":{"line":131,"column":59}}]}},"s":{"0":5,"1":5,"2":5,"3":5,"4":4,"5":3,"6":3,"7":2,"8":2,"9":2,"10":2,"11":46,"12":46,"13":46,"14":513,"15":44,"16":513,"17":13,"18":513,"19":7,"20":513,"21":7,"22":513,"23":7,"24":513,"25":7,"26":513,"27":7,"28":513,"29":7,"30":2,"31":2,"32":2,"33":46,"34":71,"35":0,"36":71,"37":0,"38":71,"39":0,"40":71,"41":0,"42":71,"43":12,"44":71,"45":12,"46":71,"47":6,"48":71,"49":6,"50":71,"51":6,"52":6,"53":6,"54":6,"55":2,"56":2,"57":1,"58":2,"59":2,"60":1,"61":2,"62":5,"63":5,"64":2,"65":5,"66":2,"67":5,"68":5,"69":5,"70":5,"71":5,"72":5,"73":5,"74":5,"75":6,"76":6,"77":32,"78":6},"f":{"0":5,"1":4,"2":3,"3":2,"4":46,"5":1,"6":1,"7":5,"8":6},"b":{"0":[1],"1":[0],"2":[44],"3":[513,306],"4":[44,0],"5":[13],"6":[513,306,44],"7":[13,0],"8":[7],"9":[513,306,15],"10":[7,0],"11":[7],"12":[513,306,7],"13":[0,7],"14":[7],"15":[513,306,93],"16":[0,7],"17":[7],"18":[513,306,99],"19":[7],"20":[513,167],"21":[7],"22":[513,19],"23":[2],"24":[0],"25":[71,51],"26":[0,0],"27":[0],"28":[71,51,0],"29":[0,0],"30":[0],"31":[71,51,10],"32":[0,0],"33":[0],"34":[71,51,8],"35":[0,0],"36":[12],"37":[71,51],"38":[0,12],"39":[12],"40":[71,51],"41":[6],"42":[71,16],"43":[6],"44":[71,16],"45":[6],"46":[71,13],"47":[6],"48":[2],"49":[2,2],"50":[2],"51":[2]}}
,"C:\\Users\\lligu\\GitHub\\matterbridge-shelly\\src\\shelly.ts": {"path":"C:\\Users\\lligu\\GitHub\\matterbridge-shelly\\src\\shelly.ts","statementMap":{"0":{"start":{"line":8,"column":30},"end":{"line":8,"column":61}},"1":{"start":{"line":18,"column":4},"end":{"line":18,"column":12}},"2":{"start":{"line":19,"column":4},"end":{"line":19,"column":19}},"3":{"start":{"line":20,"column":4},"end":{"line":20,"column":29}},"4":{"start":{"line":21,"column":4},"end":{"line":21,"column":29}},"5":{"start":{"line":22,"column":4},"end":{"line":22,"column":23}},"6":{"start":{"line":23,"column":4},"end":{"line":23,"column":46}},"7":{"start":{"line":24,"column":4},"end":{"line":24,"column":44}},"8":{"start":{"line":26,"column":4},"end":{"line":29,"column":7}},"9":{"start":{"line":27,"column":6},"end":{"line":27,"column":165}},"10":{"start":{"line":28,"column":6},"end":{"line":28,"column":38}},"11":{"start":{"line":31,"column":4},"end":{"line":43,"column":7}},"12":{"start":{"line":32,"column":27},"end":{"line":32,"column":53}},"13":{"start":{"line":33,"column":6},"end":{"line":42,"column":7}},"14":{"start":{"line":34,"column":8},"end":{"line":37,"column":12}},"15":{"start":{"line":35,"column":10},"end":{"line":37,"column":12}},"16":{"start":{"line":38,"column":8},"end":{"line":38,"column":72}},"17":{"start":{"line":39,"column":8},"end":{"line":39,"column":175}},"18":{"start":{"line":39,"column":101},"end":{"line":39,"column":175}},"19":{"start":{"line":41,"column":8},"end":{"line":41,"column":43}},"20":{"start":{"line":47,"column":4},"end":{"line":47,"column":69}},"21":{"start":{"line":47,"column":32},"end":{"line":47,"column":69}},"22":{"start":{"line":48,"column":4},"end":{"line":48,"column":39}},"23":{"start":{"line":49,"column":4},"end":{"line":52,"column":7}},"24":{"start":{"line":50,"column":6},"end":{"line":50,"column":23}},"25":{"start":{"line":51,"column":6},"end":{"line":51,"column":32}},"26":{"start":{"line":53,"column":4},"end":{"line":53,"column":30}},"27":{"start":{"line":54,"column":4},"end":{"line":54,"column":43}},"28":{"start":{"line":55,"column":4},"end":{"line":55,"column":29}},"29":{"start":{"line":56,"column":4},"end":{"line":56,"column":33}},"30":{"start":{"line":57,"column":4},"end":{"line":57,"column":42}},"31":{"start":{"line":58,"column":4},"end":{"line":58,"column":28}},"32":{"start":{"line":59,"column":4},"end":{"line":59,"column":32}},"33":{"start":{"line":63,"column":4},"end":{"line":63,"column":33}},"34":{"start":{"line":67,"column":20},"end":{"line":67,"column":73}},"35":{"start":{"line":67,"column":52},"end":{"line":67,"column":72}},"36":{"start":{"line":68,"column":4},"end":{"line":68,"column":30}},"37":{"start":{"line":72,"column":4},"end":{"line":72,"column":33}},"38":{"start":{"line":76,"column":20},"end":{"line":76,"column":73}},"39":{"start":{"line":76,"column":52},"end":{"line":76,"column":72}},"40":{"start":{"line":77,"column":4},"end":{"line":77,"column":47}},"41":{"start":{"line":77,"column":30},"end":{"line":77,"column":47}},"42":{"start":{"line":78,"column":4},"end":{"line":78,"column":44}},"43":{"start":{"line":82,"column":4},"end":{"line":85,"column":5}},"44":{"start":{"line":83,"column":6},"end":{"line":83,"column":175}},"45":{"start":{"line":84,"column":6},"end":{"line":84,"column":18}},"46":{"start":{"line":86,"column":4},"end":{"line":86,"column":41}},"47":{"start":{"line":87,"column":4},"end":{"line":90,"column":5}},"48":{"start":{"line":88,"column":6},"end":{"line":88,"column":57}},"49":{"start":{"line":89,"column":6},"end":{"line":89,"column":37}},"50":{"start":{"line":91,"column":4},"end":{"line":91,"column":29}},"51":{"start":{"line":92,"column":4},"end":{"line":92,"column":16}},"52":{"start":{"line":99,"column":15},"end":{"line":99,"column":74}},"53":{"start":{"line":100,"column":4},"end":{"line":100,"column":29}},"54":{"start":{"line":101,"column":4},"end":{"line":101,"column":16}},"55":{"start":{"line":105,"column":4},"end":{"line":105,"column":46}},"56":{"start":{"line":109,"column":4},"end":{"line":111,"column":5}},"57":{"start":{"line":110,"column":6},"end":{"line":110,"column":25}},"58":{"start":{"line":115,"column":4},"end":{"line":115,"column":56}},"59":{"start":{"line":119,"column":4},"end":{"line":125,"column":5}},"60":{"start":{"line":120,"column":6},"end":{"line":122,"column":34}},"61":{"start":{"line":121,"column":8},"end":{"line":121,"column":38}},"62":{"start":{"line":124,"column":6},"end":{"line":124,"column":36}},"63":{"start":{"line":129,"column":4},"end":{"line":129,"column":71}},"64":{"start":{"line":130,"column":4},"end":{"line":132,"column":5}},"65":{"start":{"line":131,"column":6},"end":{"line":131,"column":174}}},"fnMap":{"0":{"name":"(anonymous_0)","decl":{"start":{"line":17,"column":2},"end":{"line":17,"column":14}},"loc":{"start":{"line":17,"column":82},"end":{"line":44,"column":3}}},"1":{"name":"(anonymous_1)","decl":{"start":{"line":26,"column":38},"end":{"line":26,"column":43}},"loc":{"start":{"line":26,"column":73},"end":{"line":29,"column":5}}},"2":{"name":"(anonymous_2)","decl":{"start":{"line":31,"column":33},"end":{"line":31,"column":38}},"loc":{"start":{"line":31,"column":127},"end":{"line":43,"column":5}}},"3":{"name":"(anonymous_3)","decl":{"start":{"line":46,"column":2},"end":{"line":46,"column":9}},"loc":{"start":{"line":46,"column":9},"end":{"line":60,"column":3}}},"4":{"name":"(anonymous_4)","decl":{"start":{"line":49,"column":25},"end":{"line":49,"column":26}},"loc":{"start":{"line":49,"column":36},"end":{"line":52,"column":5}}},"5":{"name":"(anonymous_5)","decl":{"start":{"line":62,"column":2},"end":{"line":62,"column":11}},"loc":{"start":{"line":62,"column":22},"end":{"line":64,"column":3}}},"6":{"name":"(anonymous_6)","decl":{"start":{"line":66,"column":2},"end":{"line":66,"column":15}},"loc":{"start":{"line":66,"column":28},"end":{"line":69,"column":3}}},"7":{"name":"(anonymous_7)","decl":{"start":{"line":67,"column":40},"end":{"line":67,"column":41}},"loc":{"start":{"line":67,"column":52},"end":{"line":67,"column":72}}},"8":{"name":"(anonymous_8)","decl":{"start":{"line":71,"column":2},"end":{"line":71,"column":11}},"loc":{"start":{"line":71,"column":22},"end":{"line":73,"column":3}}},"9":{"name":"(anonymous_9)","decl":{"start":{"line":75,"column":2},"end":{"line":75,"column":17}},"loc":{"start":{"line":75,"column":30},"end":{"line":79,"column":3}}},"10":{"name":"(anonymous_10)","decl":{"start":{"line":76,"column":40},"end":{"line":76,"column":41}},"loc":{"start":{"line":76,"column":52},"end":{"line":76,"column":72}}},"11":{"name":"(anonymous_11)","decl":{"start":{"line":81,"column":2},"end":{"line":81,"column":7}},"loc":{"start":{"line":81,"column":38},"end":{"line":93,"column":3}}},"12":{"name":"(anonymous_12)","decl":{"start":{"line":98,"column":2},"end":{"line":98,"column":14}},"loc":{"start":{"line":98,"column":48},"end":{"line":102,"column":3}}},"13":{"name":"(anonymous_13)","decl":{"start":{"line":104,"column":2},"end":{"line":104,"column":6}},"loc":{"start":{"line":104,"column":13},"end":{"line":106,"column":3}}},"14":{"name":"(anonymous_14)","decl":{"start":{"line":108,"column":2},"end":{"line":108,"column":3}},"loc":{"start":{"line":108,"column":20},"end":{"line":112,"column":3}}},"15":{"name":"(anonymous_15)","decl":{"start":{"line":114,"column":2},"end":{"line":114,"column":11}},"loc":{"start":{"line":114,"column":55},"end":{"line":116,"column":3}}},"16":{"name":"(anonymous_16)","decl":{"start":{"line":118,"column":2},"end":{"line":118,"column":11}},"loc":{"start":{"line":118,"column":52},"end":{"line":126,"column":3}}},"17":{"name":"(anonymous_17)","decl":{"start":{"line":120,"column":42},"end":{"line":120,"column":45}},"loc":{"start":{"line":120,"column":47},"end":{"line":122,"column":7}}},"18":{"name":"(anonymous_18)","decl":{"start":{"line":128,"column":2},"end":{"line":128,"column":12}},"loc":{"start":{"line":128,"column":12},"end":{"line":133,"column":3}}}},"branchMap":{"0":{"loc":{"start":{"line":17,"column":69},"end":{"line":17,"column":82}},"type":"default-arg","locations":[{"start":{"line":17,"column":77},"end":{"line":17,"column":82}}]},"1":{"loc":{"start":{"line":33,"column":6},"end":{"line":42,"column":7}},"type":"if","locations":[{"start":{"line":33,"column":6},"end":{"line":42,"column":7}}]},"2":{"loc":{"start":{"line":34,"column":8},"end":{"line":37,"column":12}},"type":"if","locations":[{"start":{"line":34,"column":8},"end":{"line":37,"column":12}}]},"3":{"loc":{"start":{"line":39,"column":8},"end":{"line":39,"column":175}},"type":"if","locations":[{"start":{"line":39,"column":8},"end":{"line":39,"column":175}}]},"4":{"loc":{"start":{"line":39,"column":12},"end":{"line":39,"column":99}},"type":"binary-expr","locations":[{"start":{"line":39,"column":13},"end":{"line":39,"column":42}},{"start":{"line":39,"column":46},"end":{"line":39,"column":75}},{"start":{"line":39,"column":80},"end":{"line":39,"column":99}}]},"5":{"loc":{"start":{"line":47,"column":4},"end":{"line":47,"column":69}},"type":"if","locations":[{"start":{"line":47,"column":4},"end":{"line":47,"column":69}}]},"6":{"loc":{"start":{"line":77,"column":4},"end":{"line":77,"column":47}},"type":"if","locations":[{"start":{"line":77,"column":4},"end":{"line":77,"column":47}}]},"7":{"loc":{"start":{"line":82,"column":4},"end":{"line":85,"column":5}},"type":"if","locations":[{"start":{"line":82,"column":4},"end":{"line":85,"column":5}}]},"8":{"loc":{"start":{"line":87,"column":4},"end":{"line":90,"column":5}},"type":"if","locations":[{"start":{"line":87,"column":4},"end":{"line":90,"column":5}}]},"9":{"loc":{"start":{"line":87,"column":8},"end":{"line":87,"column":58}},"type":"binary-expr","locations":[{"start":{"line":87,"column":8},"end":{"line":87,"column":24}},{"start":{"line":87,"column":28},"end":{"line":87,"column":58}}]},"10":{"loc":{"start":{"line":99,"column":15},"end":{"line":99,"column":74}},"type":"cond-expr","locations":[{"start":{"line":99,"column":48},"end":{"line":99,"column":58}},{"start":{"line":99,"column":61},"end":{"line":99,"column":74}}]},"11":{"loc":{"start":{"line":114,"column":42},"end":{"line":114,"column":55}},"type":"default-arg","locations":[{"start":{"line":114,"column":50},"end":{"line":114,"column":55}}]},"12":{"loc":{"start":{"line":118,"column":39},"end":{"line":118,"column":52}},"type":"default-arg","locations":[{"start":{"line":118,"column":47},"end":{"line":118,"column":52}}]},"13":{"loc":{"start":{"line":119,"column":4},"end":{"line":125,"column":5}},"type":"if","locations":[{"start":{"line":119,"column":4},"end":{"line":125,"column":5}},{"start":{"line":123,"column":11},"end":{"line":125,"column":5}}]}},"s":{"0":4,"1":4,"2":4,"3":4,"4":4,"5":4,"6":4,"7":4,"8":4,"9":0,"10":0,"11":4,"12":0,"13":0,"14":0,"15":0,"16":0,"17":0,"18":0,"19":0,"20":5,"21":1,"22":5,"23":5,"24":0,"25":0,"26":5,"27":5,"28":5,"29":5,"30":5,"31":5,"32":5,"33":10,"34":0,"35":0,"36":0,"37":4,"38":0,"39":0,"40":0,"41":0,"42":0,"43":3,"44":0,"45":0,"46":3,"47":3,"48":0,"49":0,"50":3,"51":3,"52":3,"53":3,"54":3,"55":20,"56":2,"57":6,"58":1,"59":2,"60":1,"61":1,"62":1,"63":1,"64":1,"65":3},"f":{"0":4,"1":0,"2":0,"3":5,"4":0,"5":10,"6":0,"7":0,"8":4,"9":0,"10":0,"11":3,"12":3,"13":20,"14":2,"15":1,"16":2,"17":1,"18":1},"b":{"0":[1],"1":[0],"2":[0],"3":[0],"4":[0,0,0],"5":[1],"6":[0],"7":[0],"8":[0],"9":[3,1],"10":[1,2],"11":[0],"12":[0],"13":[1,1]}}
,"C:\\Users\\lligu\\GitHub\\matterbridge-shelly\\src\\shellyComponent.ts": {"path":"C:\\Users\\lligu\\GitHub\\matterbridge-shelly\\src\\shellyComponent.ts","statementMap":{"0":{"start":{"line":34,"column":33},"end":{"line":34,"column":66}},"1":{"start":{"line":35,"column":31},"end":{"line":35,"column":59}},"2":{"start":{"line":38,"column":4},"end":{"line":38,"column":12}},"3":{"start":{"line":39,"column":4},"end":{"line":39,"column":17}},"4":{"start":{"line":40,"column":4},"end":{"line":40,"column":68}},"5":{"start":{"line":41,"column":4},"end":{"line":41,"column":21}},"6":{"start":{"line":42,"column":4},"end":{"line":42,"column":25}},"7":{"start":{"line":43,"column":4},"end":{"line":47,"column":5}},"8":{"start":{"line":44,"column":6},"end":{"line":44,"column":85}},"9":{"start":{"line":46,"column":6},"end":{"line":46,"column":147}},"10":{"start":{"line":46,"column":83},"end":{"line":46,"column":147}},"11":{"start":{"line":50,"column":4},"end":{"line":78,"column":5}},"12":{"start":{"line":52,"column":7},"end":{"line":56,"column":8}},"13":{"start":{"line":53,"column":8},"end":{"line":53,"column":37}},"14":{"start":{"line":54,"column":8},"end":{"line":54,"column":139}},"15":{"start":{"line":54,"column":30},"end":{"line":54,"column":139}},"16":{"start":{"line":55,"column":8},"end":{"line":55,"column":124}},"17":{"start":{"line":55,"column":30},"end":{"line":55,"column":124}},"18":{"start":{"line":58,"column":7},"end":{"line":62,"column":8}},"19":{"start":{"line":59,"column":8},"end":{"line":59,"column":38}},"20":{"start":{"line":60,"column":8},"end":{"line":60,"column":140}},"21":{"start":{"line":60,"column":30},"end":{"line":60,"column":140}},"22":{"start":{"line":61,"column":8},"end":{"line":61,"column":125}},"23":{"start":{"line":61,"column":30},"end":{"line":61,"column":125}},"24":{"start":{"line":64,"column":7},"end":{"line":69,"column":8}},"25":{"start":{"line":65,"column":29},"end":{"line":65,"column":51}},"26":{"start":{"line":66,"column":8},"end":{"line":66,"column":46}},"27":{"start":{"line":67,"column":8},"end":{"line":67,"column":143}},"28":{"start":{"line":67,"column":30},"end":{"line":67,"column":143}},"29":{"start":{"line":68,"column":8},"end":{"line":68,"column":114}},"30":{"start":{"line":68,"column":30},"end":{"line":68,"column":114}},"31":{"start":{"line":71,"column":7},"end":{"line":77,"column":8}},"32":{"start":{"line":72,"column":8},"end":{"line":72,"column":52}},"33":{"start":{"line":72,"column":45},"end":{"line":72,"column":52}},"34":{"start":{"line":73,"column":30},"end":{"line":73,"column":75}},"35":{"start":{"line":74,"column":8},"end":{"line":74,"column":51}},"36":{"start":{"line":75,"column":8},"end":{"line":75,"column":154}},"37":{"start":{"line":75,"column":30},"end":{"line":75,"column":154}},"38":{"start":{"line":76,"column":8},"end":{"line":76,"column":141}},"39":{"start":{"line":76,"column":30},"end":{"line":76,"column":141}},"40":{"start":{"line":81,"column":4},"end":{"line":105,"column":5}},"41":{"start":{"line":82,"column":7},"end":{"line":86,"column":8}},"42":{"start":{"line":83,"column":8},"end":{"line":83,"column":39}},"43":{"start":{"line":84,"column":8},"end":{"line":84,"column":139}},"44":{"start":{"line":84,"column":30},"end":{"line":84,"column":139}},"45":{"start":{"line":85,"column":8},"end":{"line":85,"column":115}},"46":{"start":{"line":85,"column":30},"end":{"line":85,"column":115}},"47":{"start":{"line":88,"column":7},"end":{"line":92,"column":8}},"48":{"start":{"line":89,"column":8},"end":{"line":89,"column":40}},"49":{"start":{"line":90,"column":8},"end":{"line":90,"column":140}},"50":{"start":{"line":90,"column":30},"end":{"line":90,"column":140}},"51":{"start":{"line":91,"column":8},"end":{"line":91,"column":116}},"52":{"start":{"line":91,"column":30},"end":{"line":91,"column":116}},"53":{"start":{"line":94,"column":7},"end":{"line":98,"column":8}},"54":{"start":{"line":95,"column":8},"end":{"line":95,"column":39}},"55":{"start":{"line":96,"column":8},"end":{"line":96,"column":139}},"56":{"start":{"line":96,"column":30},"end":{"line":96,"column":139}},"57":{"start":{"line":97,"column":8},"end":{"line":97,"column":115}},"58":{"start":{"line":97,"column":30},"end":{"line":97,"column":115}},"59":{"start":{"line":100,"column":7},"end":{"line":104,"column":8}},"60":{"start":{"line":101,"column":8},"end":{"line":101,"column":58}},"61":{"start":{"line":102,"column":8},"end":{"line":102,"column":158}},"62":{"start":{"line":102,"column":30},"end":{"line":102,"column":158}},"63":{"start":{"line":103,"column":8},"end":{"line":103,"column":134}},"64":{"start":{"line":103,"column":30},"end":{"line":103,"column":134}},"65":{"start":{"line":109,"column":4},"end":{"line":109,"column":37}},"66":{"start":{"line":113,"column":4},"end":{"line":113,"column":37}},"67":{"start":{"line":117,"column":4},"end":{"line":117,"column":49}},"68":{"start":{"line":118,"column":4},"end":{"line":118,"column":16}},"69":{"start":{"line":122,"column":21},"end":{"line":122,"column":42}},"70":{"start":{"line":123,"column":4},"end":{"line":141,"column":5}},"71":{"start":{"line":124,"column":6},"end":{"line":135,"column":7}},"72":{"start":{"line":125,"column":8},"end":{"line":127,"column":10}},"73":{"start":{"line":128,"column":8},"end":{"line":128,"column":56}},"74":{"start":{"line":129,"column":8},"end":{"line":129,"column":49}},"75":{"start":{"line":130,"column":8},"end":{"line":130,"column":31}},"76":{"start":{"line":132,"column":8},"end":{"line":134,"column":10}},"77":{"start":{"line":137,"column":6},"end":{"line":137,"column":61}},"78":{"start":{"line":138,"column":6},"end":{"line":140,"column":8}},"79":{"start":{"line":142,"column":4},"end":{"line":142,"column":16}},"80":{"start":{"line":146,"column":21},"end":{"line":146,"column":42}},"81":{"start":{"line":147,"column":4},"end":{"line":151,"column":5}},"82":{"start":{"line":147,"column":18},"end":{"line":147,"column":40}},"83":{"start":{"line":149,"column":6},"end":{"line":149,"column":137}},"84":{"start":{"line":150,"column":6},"end":{"line":150,"column":23}},"85":{"start":{"line":155,"column":4},"end":{"line":155,"column":49}},"86":{"start":{"line":159,"column":4},"end":{"line":161,"column":5}},"87":{"start":{"line":160,"column":6},"end":{"line":160,"column":28}},"88":{"start":{"line":165,"column":4},"end":{"line":178,"column":5}},"89":{"start":{"line":166,"column":23},"end":{"line":166,"column":44}},"90":{"start":{"line":167,"column":6},"end":{"line":177,"column":7}},"91":{"start":{"line":168,"column":8},"end":{"line":168,"column":44}},"92":{"start":{"line":169,"column":8},"end":{"line":172,"column":9}},"93":{"start":{"line":170,"column":24},"end":{"line":170,"column":49}},"94":{"start":{"line":171,"column":10},"end":{"line":171,"column":54}},"95":{"start":{"line":171,"column":21},"end":{"line":171,"column":54}},"96":{"start":{"line":173,"column":8},"end":{"line":176,"column":9}},"97":{"start":{"line":174,"column":24},"end":{"line":174,"column":49}},"98":{"start":{"line":175,"column":10},"end":{"line":175,"column":54}},"99":{"start":{"line":175,"column":21},"end":{"line":175,"column":54}},"100":{"start":{"line":182,"column":4},"end":{"line":182,"column":90}},"101":{"start":{"line":183,"column":4},"end":{"line":185,"column":5}},"102":{"start":{"line":184,"column":6},"end":{"line":184,"column":147}}},"fnMap":{"0":{"name":"(anonymous_0)","decl":{"start":{"line":37,"column":2},"end":{"line":37,"column":14}},"loc":{"start":{"line":37,"column":79},"end":{"line":106,"column":3}}},"1":{"name":"(anonymous_1)","decl":{"start":{"line":52,"column":41},"end":{"line":52,"column":null}},"loc":{"start":{"line":52,"column":41},"end":{"line":56,"column":7}}},"2":{"name":"(anonymous_2)","decl":{"start":{"line":58,"column":42},"end":{"line":58,"column":null}},"loc":{"start":{"line":58,"column":42},"end":{"line":62,"column":7}}},"3":{"name":"(anonymous_3)","decl":{"start":{"line":64,"column":45},"end":{"line":64,"column":null}},"loc":{"start":{"line":64,"column":45},"end":{"line":69,"column":7}}},"4":{"name":"(anonymous_4)","decl":{"start":{"line":71,"column":44},"end":{"line":71,"column":54}},"loc":{"start":{"line":71,"column":67},"end":{"line":77,"column":7}}},"5":{"name":"(anonymous_5)","decl":{"start":{"line":82,"column":43},"end":{"line":82,"column":null}},"loc":{"start":{"line":82,"column":43},"end":{"line":86,"column":7}}},"6":{"name":"(anonymous_6)","decl":{"start":{"line":88,"column":44},"end":{"line":88,"column":null}},"loc":{"start":{"line":88,"column":44},"end":{"line":92,"column":7}}},"7":{"name":"(anonymous_7)","decl":{"start":{"line":94,"column":43},"end":{"line":94,"column":null}},"loc":{"start":{"line":94,"column":43},"end":{"line":98,"column":7}}},"8":{"name":"(anonymous_8)","decl":{"start":{"line":100,"column":51},"end":{"line":100,"column":61}},"loc":{"start":{"line":100,"column":72},"end":{"line":104,"column":7}}},"9":{"name":"(anonymous_9)","decl":{"start":{"line":108,"column":2},"end":{"line":108,"column":13}},"loc":{"start":{"line":108,"column":25},"end":{"line":110,"column":3}}},"10":{"name":"(anonymous_10)","decl":{"start":{"line":112,"column":2},"end":{"line":112,"column":13}},"loc":{"start":{"line":112,"column":25},"end":{"line":114,"column":3}}},"11":{"name":"(anonymous_11)","decl":{"start":{"line":116,"column":2},"end":{"line":116,"column":13}},"loc":{"start":{"line":116,"column":38},"end":{"line":119,"column":3}}},"12":{"name":"(anonymous_12)","decl":{"start":{"line":121,"column":2},"end":{"line":121,"column":10}},"loc":{"start":{"line":121,"column":45},"end":{"line":143,"column":3}}},"13":{"name":"(anonymous_13)","decl":{"start":{"line":145,"column":2},"end":{"line":145,"column":10}},"loc":{"start":{"line":145,"column":22},"end":{"line":152,"column":3}}},"14":{"name":"(anonymous_14)","decl":{"start":{"line":154,"column":2},"end":{"line":154,"column":6}},"loc":{"start":{"line":154,"column":16},"end":{"line":156,"column":3}}},"15":{"name":"(anonymous_15)","decl":{"start":{"line":158,"column":2},"end":{"line":158,"column":3}},"loc":{"start":{"line":158,"column":20},"end":{"line":162,"column":3}}},"16":{"name":"(anonymous_16)","decl":{"start":{"line":164,"column":2},"end":{"line":164,"column":8}},"loc":{"start":{"line":164,"column":34},"end":{"line":179,"column":3}}},"17":{"name":"(anonymous_17)","decl":{"start":{"line":181,"column":2},"end":{"line":181,"column":14}},"loc":{"start":{"line":181,"column":14},"end":{"line":186,"column":3}}}},"branchMap":{"0":{"loc":{"start":{"line":40,"column":17},"end":{"line":40,"column":67}},"type":"cond-expr","locations":[{"start":{"line":40,"column":36},"end":{"line":40,"column":62}},{"start":{"line":40,"column":65},"end":{"line":40,"column":67}}]},"1":{"loc":{"start":{"line":46,"column":6},"end":{"line":46,"column":147}
[...]
cations":[{"start":{"line":415,"column":10},"end":{"line":420,"column":11}}]},"98":{"loc":{"start":{"line":417,"column":28},"end":{"line":417,"column":74}},"type":"cond-expr","locations":[{"start":{"line":417,"column":40},"end":{"line":417,"column":44}},{"start":{"line":417,"column":48},"end":{"line":417,"column":74}}]},"99":{"loc":{"start":{"line":423,"column":92},"end":{"line":423,"column":139}},"type":"cond-expr","locations":[{"start":{"line":423,"column":101},"end":{"line":423,"column":134}},{"start":{"line":423,"column":137},"end":{"line":423,"column":139}}]},"100":{"loc":{"start":{"line":429,"column":22},"end":{"line":429,"column":68}},"type":"cond-expr","locations":[{"start":{"line":429,"column":34},"end":{"line":429,"column":38}},{"start":{"line":429,"column":42},"end":{"line":429,"column":68}}]},"101":{"loc":{"start":{"line":433,"column":89},"end":{"line":433,"column":136}},"type":"cond-expr","locations":[{"start":{"line":433,"column":98},"end":{"line":433,"column":131}},{"start":{"line":433,"column":134},"end":{"line":433,"column":136}}]},"102":{"loc":{"start":{"line":446,"column":38},"end":{"line":446,"column":140}},"type":"cond-expr","locations":[{"start":{"line":446,"column":93},"end":{"line":446,"column":123}},{"start":{"line":446,"column":126},"end":{"line":446,"column":140}}]},"103":{"loc":{"start":{"line":446,"column":38},"end":{"line":446,"column":90}},"type":"binary-expr","locations":[{"start":{"line":446,"column":38},"end":{"line":446,"column":52}},{"start":{"line":446,"column":56},"end":{"line":446,"column":90}}]},"104":{"loc":{"start":{"line":453,"column":4},"end":{"line":470,"column":5}},"type":"if","locations":[{"start":{"line":453,"column":4},"end":{"line":470,"column":5}}]},"105":{"loc":{"start":{"line":453,"column":8},"end":{"line":453,"column":72}},"type":"binary-expr","locations":[{"start":{"line":453,"column":8},"end":{"line":453,"column":26}},{"start":{"line":453,"column":30},"end":{"line":453,"column":48}},{"start":{"line":453,"column":52},"end":{"line":453,"column":72}}]}},"s":{"0":28,"1":28,"2":28,"3":28,"4":28,"5":28,"6":28,"7":28,"8":28,"9":28,"10":28,"11":28,"12":28,"13":28,"14":28,"15":28,"16":28,"17":28,"18":28,"19":28,"20":31,"21":28,"22":31,"23":31,"24":31,"25":18,"26":31,"27":31,"28":31,"29":9,"30":146,"31":294,"32":294,"33":93,"34":93,"35":92,"36":755,"37":92,"38":1,"39":1,"40":2,"41":0,"42":0,"43":28,"44":28,"45":28,"46":28,"47":0,"48":0,"49":28,"50":28,"51":28,"52":28,"53":0,"54":28,"55":9,"56":28,"57":10,"58":10,"59":10,"60":0,"61":0,"62":10,"63":10,"64":10,"65":10,"66":10,"67":10,"68":10,"69":10,"70":460,"71":10,"72":460,"73":10,"74":460,"75":10,"76":460,"77":10,"78":460,"79":10,"80":460,"81":10,"82":460,"83":10,"84":460,"85":10,"86":10,"87":10,"88":460,"89":0,"90":0,"91":0,"92":460,"93":0,"94":0,"95":0,"96":28,"97":18,"98":18,"99":18,"100":0,"101":0,"102":18,"103":18,"104":18,"105":18,"106":18,"107":18,"108":158,"109":18,"110":18,"111":18,"112":18,"113":18,"114":18,"115":18,"116":158,"117":18,"118":18,"119":18,"120":18,"121":18,"122":18,"123":158,"124":18,"125":158,"126":18,"127":158,"128":18,"129":158,"130":18,"131":158,"132":14,"133":158,"134":6,"135":158,"136":0,"137":158,"138":26,"139":158,"140":1,"141":28,"142":28,"143":28,"144":10,"145":10,"146":10,"147":0,"148":10,"149":0,"150":10,"151":10,"152":10,"153":0,"154":0,"155":28,"156":0,"157":0,"158":0,"159":0,"160":0,"161":0,"162":0,"163":0,"164":0,"165":0,"166":0,"167":28,"168":18,"169":18,"170":0,"171":18,"172":0,"173":0,"174":0,"175":0,"176":28,"177":28,"178":28,"179":28,"180":34,"181":11,"182":330,"183":11,"184":11,"185":11,"186":330,"187":0,"188":0,"189":0,"190":330,"191":0,"192":0,"193":0,"194":11,"195":330,"196":11,"197":11,"198":11,"199":11,"200":11,"201":23,"202":23,"203":199,"204":23,"205":23,"206":199,"207":18,"208":199,"209":7,"210":199,"211":0,"212":199,"213":32,"214":199,"215":1,"216":23,"217":199,"218":18,"219":18,"220":18,"221":18,"222":34,"223":7,"224":7,"225":6,"226":0,"227":0,"228":6,"229":102,"230":64,"231":64,"232":64,"233":63,"234":63,"235":21,"236":42,"237":9,"238":33,"239":9,"240":24,"241":12,"242":12,"243":12,"244":0,"245":0,"246":0,"247":38,"248":38,"249":38,"250":38,"251":38,"252":38,"253":38,"254":38,"255":7,"256":31,"257":36,"258":36,"259":3,"260":3,"261":3,"262":3,"263":0,"264":3,"265":3,"266":3,"267":3,"268":0,"269":3,"270":3,"271":0,"272":0,"273":0,"274":0,"275":0,"276":0,"277":0,"278":0,"279":0,"280":3,"281":3,"282":3,"283":3,"284":3,"285":3,"286":0,"287":0,"288":33,"289":33,"290":33,"291":2,"292":2,"293":0,"294":0,"295":0,"296":0,"297":0,"298":0,"299":0,"300":0,"301":0,"302":0,"303":0,"304":0,"305":0,"306":0,"307":0,"308":0},"f":{"0":28,"1":31,"2":9,"3":146,"4":294,"5":93,"6":2,"7":0,"8":28,"9":0,"10":0,"11":0,"12":34,"13":7,"14":102,"15":0,"16":0},"b":{"0":[28],"1":[18],"2":[92,1],"3":[0],"4":[0],"5":[0,0],"6":[9],"7":[10],"8":[0],"9":[10,10],"10":[10,0],"11":[10],"12":[10],"13":[10],"14":[10],"15":[10],"16":[10],"17":[10],"18":[10],"19":[0],"20":[460,0],"21":[0],"22":[460,0],"23":[18],"24":[28,13],"25":[0],"26":[18,18],"27":[18],"28":[18],"29":[18],"30":[18],"31":[18],"32":[18],"33":[18,0],"34":[18],"35":[18],"36":[18],"37":[18],"38":[14],"39":[6],"40":[0],"41":[26],"42":[1],"43":[28],"44":[10],"45":[10,0],"46":[0],"47":[0,10],"48":[0],"49":[10,10],"50":[0,0],"51":[18],"52":[28,13],"53":[0],"54":[11,23],"55":[11],"56":[0],"57":[0],"58":[11],"59":[330,319],"60":[11],"61":[11,11],"62":[23],"63":[23,3],"64":[23],"65":[18],"66":[7],"67":[0],"68":[32],"69":[1],"70":[18],"71":[199,199],"72":[18],"73":[18,18],"74":[1,6],"75":[0],"76":[91],"77":[64],"78":[21],"79":[9],"80":[9],"81":[12],"82":[12],"83":[12,26],"84":[12,26],"85":[12,26],"86":[12,26],"87":[38,0],"88":[7,31],"89":[3],"90":[3],"91":[0],"92":[3,0],"93":[0],"94":[0],"95":[0],"96":[0],"97":[3],"98":[3,0],"99":[0,0],"100":[7,26],"101":[2,0],"102":[0,0],"103":[0,0],"104":[0],"105":[0,0,0]}}
,"C:\\Users\\lligu\\GitHub\\matterbridge-shelly\\src\\shellyProperty.ts": {"path":"C:\\Users\\lligu\\GitHub\\matterbridge-shelly\\src\\shellyProperty.ts","statementMap":{"0":{"start":{"line":10,"column":4},"end":{"line":10,"column":19}},"1":{"start":{"line":11,"column":4},"end":{"line":11,"column":24}},"2":{"start":{"line":12,"column":4},"end":{"line":12,"column":31}},"3":{"start":{"line":16,"column":4},"end":{"line":16,"column":23}},"4":{"start":{"line":20,"column":4},"end":{"line":20,"column":24}}},"fnMap":{"0":{"name":"(anonymous_0)","decl":{"start":{"line":9,"column":2},"end":{"line":9,"column":14}},"loc":{"start":{"line":9,"column":76},"end":{"line":13,"column":3}}},"1":{"name":"(anonymous_1)","decl":{"start":{"line":15,"column":2},"end":{"line":15,"column":6}},"loc":{"start":{"line":15,"column":11},"end":{"line":17,"column":3}}},"2":{"name":"(anonymous_2)","decl":{"start":{"line":19,"column":2},"end":{"line":19,"column":6}},"loc":{"start":{"line":19,"column":33},"end":{"line":21,"column":3}}}},"branchMap":{},"s":{"0":2340,"1":2340,"2":2340,"3":1083,"4":42},"f":{"0":2340,"1":1083,"2":42},"b":{}}
,"C:\\Users\\lligu\\GitHub\\matterbridge-shelly\\src\\wsClient.ts": {"path":"C:\\Users\\lligu\\GitHub\\matterbridge-shelly\\src\\wsClient.ts","statementMap":{"0":{"start":{"line":70,"column":25},"end":{"line":70,"column":30}},"1":{"start":{"line":71,"column":26},"end":{"line":71,"column":31}},"2":{"start":{"line":75,"column":17},"end":{"line":75,"column":22}},"3":{"start":{"line":80,"column":39},"end":{"line":85,"column":4}},"4":{"start":{"line":88,"column":55},"end":{"line":94,"column":4}},"5":{"start":{"line":97,"column":4},"end":{"line":97,"column":12}},"6":{"start":{"line":98,"column":4},"end":{"line":98,"column":121}},"7":{"start":{"line":99,"column":4},"end":{"line":99,"column":25}},"8":{"start":{"line":100,"column":4},"end":{"line":100,"column":43}},"9":{"start":{"line":101,"column":4},"end":{"line":101,"column":29}},"10":{"start":{"line":102,"column":4},"end":{"line":102,"column":47}},"11":{"start":{"line":103,"column":4},"end":{"line":103,"column":42}},"12":{"start":{"line":104,"column":4},"end":{"line":104,"column":50}},"13":{"start":{"line":108,"column":4},"end":{"line":108,"column":29}},"14":{"start":{"line":112,"column":4},"end":{"line":115,"column":5}},"15":{"start":{"line":113,"column":6},"end":{"line":113,"column":95}},"16":{"start":{"line":114,"column":6},"end":{"line":114,"column":13}},"17":{"start":{"line":116,"column":4},"end":{"line":116,"column":38}},"18":{"start":{"line":117,"column":4},"end":{"line":117,"column":38}},"19":{"start":{"line":118,"column":4},"end":{"line":118,"column":59}},"20":{"start":{"line":122,"column":4},"end":{"line":128,"column":5}},"21":{"start":{"line":123,"column":6},"end":{"line":123,"column":32}},"22":{"start":{"line":124,"column":6},"end":{"line":124,"column":48}},"23":{"start":{"line":126,"column":6},"end":{"line":126,"column":89}},"24":{"start":{"line":127,"column":6},"end":{"line":127,"column":13}},"25":{"start":{"line":131,"column":4},"end":{"line":136,"column":7}},"26":{"start":{"line":132,"column":6},"end":{"line":132,"column":100}},"27":{"start":{"line":133,"column":6},"end":{"line":133,"column":33}},"28":{"start":{"line":134,"column":6},"end":{"line":134,"column":31}},"29":{"start":{"line":135,"column":6},"end":{"line":135,"column":61}},"30":{"start":{"line":139,"column":4},"end":{"line":170,"column":7}},"31":{"start":{"line":140,"column":23},"end":{"line":140,"column":50}},"32":{"start":{"line":141,"column":6},"end":{"line":141,"column":29}},"33":{"start":{"line":144,"column":6},"end":{"line":169,"column":7}},"34":{"start":{"line":145,"column":8},"end":{"line":145,"column":25}},"35":{"start":{"line":146,"column":8},"end":{"line":149,"column":9}},"36":{"start":{"line":147,"column":10},"end":{"line":147,"column":112}},"37":{"start":{"line":148,"column":10},"end":{"line":148,"column":17}},"38":{"start":{"line":150,"column":8},"end":{"line":150,"column":68}},"39":{"start":{"line":151,"column":8},"end":{"line":151,"column":68}},"40":{"start":{"line":152,"column":43},"end":{"line":152,"column":77}},"41":{"start":{"line":153,"column":8},"end":{"line":153,"column":68}},"42":{"start":{"line":154,"column":8},"end":{"line":154,"column":153}},"43":{"start":{"line":155,"column":8},"end":{"line":155,"column":71}},"44":{"start":{"line":156,"column":13},"end":{"line":169,"column":7}},"45":{"start":{"line":157,"column":8},"end":{"line":157,"column":144}},"46":{"start":{"line":158,"column":8},"end":{"line":158,"column":47}},"47":{"start":{"line":159,"column":13},"end":{"line":169,"column":7}},"48":{"start":{"line":160,"column":8},"end":{"line":160,"column":131}},"49":{"start":{"line":161,"column":8},"end":{"line":161,"column":45}},"50":{"start":{"line":162,"column":13},"end":{"line":169,"column":7}},"51":{"start":{"line":163,"column":8},"end":{"line":163,"column":137}},"52":{"start":{"line":164,"column":8},"end":{"line":164,"column":51}},"53":{"start":{"line":165,"column":13},"end":{"line":169,"column":7}},"54":{"start":{"line":166,"column":8},"end":{"line":166,"column":126}},"55":{"start":{"line":168,"column":8},"end":{"line":168,"column":127}},"56":{"start":{"line":173,"column":4},"end":{"line":175,"column":7}},"57":{"start":{"line":174,"column":6},"end":{"line":174,"column":99}},"58":{"start":{"line":178,"column":4},"end":{"line":181,"column":7}},"59":{"start":{"line":179,"column":6},"end":{"line":179,"column":96}},"60":{"start":{"line":180,"column":6},"end":{"line":180,"column":32}},"61":{"start":{"line":185,"column":4},"end":{"line":185,"column":32}},"62":{"start":{"line":186,"column":4},"end":{"line":186,"column":85}},"63":{"start":{"line":187,"column":4},"end":{"line":187,"column":34}},"64":{"start":{"line":188,"column":4},"end":{"line":188,"column":84}},"65":{"start":{"line":192,"column":4},"end":{"line":192,"column":32}},"66":{"start":{"line":193,"column":4},"end":{"line":195,"column":6}},"67":{"start":{"line":196,"column":4},"end":{"line":204,"column":5}},"68":{"start":{"line":197,"column":6},"end":{"line":202,"column":15}},"69":{"start":{"line":198,"column":8},"end":{"line":198,"column":54}},"70":{"start":{"line":198,"column":31},"end":{"line":198,"column":54}},"71":{"start":{"line":199,"column":8},"end":{"line":199,"column":34}},"72":{"start":{"line":200,"column":8},"end":{"line":200,"column":44}},"73":{"start":{"line":201,"column":8},"end":{"line":201,"column":88}},"74":{"start":{"line":203,"column":6},"end":{"line":203,"column":13}},"75":{"start":{"line":205,"column":4},"end":{"line":205,"column":50}},"76":{"start":{"line":205,"column":27},"end":{"line":205,"column":50}},"77":{"start":{"line":206,"column":4},"end":{"line":206,"column":30}},"78":{"start":{"line":207,"column":4},"end":{"line":207,"column":40}},"79":{"start":{"line":208,"column":4},"end":{"line":208,"column":84}}},"fnMap":{"0":{"name":"(anonymous_0)","decl":{"start":{"line":96,"column":2},"end":{"line":96,"column":14}},"loc":{"start":{"line":96,"column":47},"end":{"line":105,"column":3}}},"1":{"name":"(anonymous_1)","decl":{"start":{"line":107,"column":2},"end":{"line":107,"column":6}},"loc":{"start":{"line":107,"column":17},"end":{"line":109,"column":3}}},"2":{"name":"(anonymous_2)","decl":{"start":{"line":111,"column":2},"end":{"line":111,"column":7}},"loc":{"start":{"line":111,"column":55},"end":{"line":119,"column":3}}},"3":{"name":"(anonymous_3)","decl":{"start":{"line":121,"column":2},"end":{"line":121,"column":7}},"loc":{"start":{"line":121,"column":30},"end":{"line":182,"column":3}}},"4":{"name":"(anonymous_4)","decl":{"start":{"line":131,"column":29},"end":{"line":131,"column":32}},"loc":{"start":{"line":131,"column":34},"end":{"line":136,"column":5}}},"5":{"name":"(anonymous_5)","decl":{"start":{"line":139,"column":32},"end":{"line":139,"column":33}},"loc":{"start":{"line":139,"column":79},"end":{"line":170,"column":5}}},"6":{"name":"(anonymous_6)","decl":{"start":{"line":173,"column":30},"end":{"line":173,"column":31}},"loc":{"start":{"line":173,"column":47},"end":{"line":175,"column":5}}},"7":{"name":"(anonymous_7)","decl":{"start":{"line":178,"column":30},"end":{"line":178,"column":33}},"loc":{"start":{"line":178,"column":35},"end":{"line":181,"column":5}}},"8":{"name":"(anonymous_8)","decl":{"start":{"line":184,"column":2},"end":{"line":184,"column":7}},"loc":{"start":{"line":184,"column":21},"end":{"line":189,"column":3}}},"9":{"name":"(anonymous_9)","decl":{"start":{"line":191,"column":2},"end":{"line":191,"column":6}},"loc":{"start":{"line":191,"column":20},"end":{"line":209,"column":3}}},"10":{"name":"(anonymous_10)","decl":{"start":{"line":197,"column":17},"end":{"line":197,"column":20}},"loc":{"start":{"line":197,"column":22},"end":{"line":202,"column":7}}}},"branchMap":{"0":{"loc":{"start":{"line":111,"column":36},"end":{"line":111,"column":55}},"type":"default-arg","locations":[{"start":{"line":111,"column":53},"end":{"line":111,"column":55}}]},"1":{"loc":{"start":{"line":112,"column":4},"end":{"line":115,"column":5}},"type":"if","locations":[{"start":{"line":112,"column":4},"end":{"line":115,"column":5}}]},"2":{"loc":{"start":{"line":112,"column":8},"end":{"line":112,"column":44}},"type":"binary-expr","locations":[{"start":{"line":112,"column":8},"end":{"line":112,"column":22}},{"start":{"line":112,"column":26},"end":{"line":112,"column":44}}]},"3":{"loc":{"start":{"line":144,"column":6},"end":{"line":169,"column":7}},"type":"if","locations":[{"start":{"line":144,"column":6},"end":{"line":169,"column":7}},{"start":{"line":156,"column":13},"end":{"line":169,"column":7}}]},"4":{"loc":{"start":{"line":144,"column":10},"end":{"line":144,"column":124}},"type":"binary-expr","locations":[{"start":{"line":144,"column":10},"end":{"line":144,"column":24}},{"start":{"line":144,"column":28},"end":{"line":144,"column":55}},{"start":{"line":144,"column":59},"end":{"line":144,"column":89}},{"start":{"line":144,"column":93},"end":{"line":144,"column":124}}]},"5":{"loc":{"start":{"line":146,"column":8},"end":{"line":149,"column":9}},"type":"if","locations":[{"start":{"line":146,"column":8},"end":{"line":149,"column":9}}]},"6":{"loc":{"start":{"line":156,"column":13},"end":{"line":169,"column":7}},"type":"if","locations":[{"start":{"line":156,"column":13},"end":{"line":169,"column":7}},{"start":{"line":159,"column":13},"end":{"line":169,"column":7}}]},"7":{"loc":{"start":{"line":156,"column":17},"end":{"line":156,"column":101}},"type":"binary-expr","locations":[{"start":{"line":156,"column":17},"end":{"line":156,"column":32}},{"start":{"line":156,"column":36},"end":{"line":156,"column":66}},{"start":{"line":156,"column":70},"end":{"line":156,"column":101}}]},"8":{"loc":{"start":{"line":159,"column":13},"end":{"line":169,"column":7}},"type":"if","locations":[{"start":{"line":159,"column":13},"end":{"line":169,"column":7}},{"start":{"line":162,"column":13},"end":{"line":169,"column":7}}]},"9":{"loc":{"start":{"line":159,"column":17},"end":{"line":159,"column":149}},"type":"binary-expr","locations":[{"start":{"line":159,"column":17},"end":{"line":159,"column":32}},{"start":{"line":159,"column":37},"end":{"line":159,"column":71}},{"start":{"line":159,"column":75},"end":{"line":159,"column":113}},{"start":{"line":159,"column":118},"end":{"line":159,"column":149}}]},"10":{"loc":{"start":{"line":162,"column":13},"end":{"line":169,"column":7}},"type":"if","locations":[{"start":{"line":162,"column":13},"end":{"line":169,"column":7}},{"start":{"line":165,"column":13},"end":{"line":169,"column":7}}]},"11":{"loc":{"start":{"line":162,"column":17},"end":{"line":162,"column":104}},"type":"binary-expr","locations":[{"start":{"line":162,"column":17},"end":{"line":162,"column":32}},{"start":{"line":162,"column":36},"end":{"line":162,"column":69}},{"start":{"line":162,"column":73},"end":{"line":162,"column":104}}]},"12":{"loc":{"start":{"line":165,"column":13},"end":{"line":169,"column":7}},"type":"if","locations":[{"start":{"line":165,"column":13},"end":{"line":169,"column":7}},{"start":{"line":167,"column":13},"end":{"line":169,"column":7}}]},"13":{"loc":{"start":{"line":165,"column":17},"end":{"line":165,"column":100}},"type":"binary-expr","locations":[{"start":{"line":165,"column":17},"end":{"line":165,"column":31}},{"start":{"line":165,"column":35},"end":{"line":165,"column":65}},{"start":{"line":165,"column":69},"end":{"line":165,"column":100}}]},"14":{"loc":{"start":{"line":184,"column":8},"end":{"line":184,"column":21}},"type":"default-arg","locations":[{"start":{"line":184,"column":16},"end":{"line":184,"column":21}}]},"15":{"loc":{"start":{"line":191,"column":7},"end":{"line":191,"column":20}},"type":"default-arg","locations":[{"start":{"line":191,"column":15},"end":{"line":191,"column":20}}]},"16":{"loc":{"start":{"line":196,"column":4},"end":{"line":204,"column":5}},"type":"if","locations":[{"start":{"line":196,"column":4},"end":{"line":204,"column":5}}]},"17":{"loc":{"start":{"line":198,"column":8},"end":{"line":198,"column":54}},"type":"if","locations":[{"start":{"line":198,"column":8},"end":{"line":198,"column":54}}]},"18":{"loc":{"start":{"line":205,"column":4},"end":{"line":205,"column":50}},"type":"if","locations":[{"start":{"line":205,"column":4},"end":{"line":205,"column":50}}]}},"s":{"0":18,"1":18,"2":18,"3":18,"4":18,"5":18,"6":18,"7":18,"8":18,"9":18,"10":18,"11":18,"12":18,"13":0,"14":0,"15":0,"16":0,"17":0,"18":0,"19":0,"20":0,"21":0,"22":0,"23":0,"24":0,"25":0,"26":0,"27":0,"28":0,"29":0,"30":0,"31":0,"32":0,"33":0,"34":0,"35":0,"36":0,"37":0,"38":0,"39":0,"40":0,"41":0,"42":0,"43":0,"44":0,"45":0,"46":0,"47":0,"48":0,"49":0,"50":0,"51":0,"52":0,"53":0,"54":0,"55":0,"56":0,"57":0,"58":0,"59":0,"60":0,"61":0,"62":0,"63":0,"64":0,"65":20,"66":20,"67":20,"68":0,"69":0,"70":0,"71":0,"72":0,"73":0,"74":0,"75":20,"76":0,"77":20,"78":20,"79":20},"f":{"0":18,"1":0,"2":0,"3":0,"4":0,"5":0,"6":0,"7":0,"8":0,"9":20,"10":0},"b":{"0":[0],"1":[0],"2":[0,0],"3":[0,0],"4":[0,0,0,0],"5":[0],"6":[0,0],"7":[0,0,0],"8":[0,0],"9":[0,0,0,0],"10":[0,0],"11":[0,0,0],"12":[0,0],"13":[0,0,0],"14":[0],"15":[20],"16":[0],"17":[0],"18":[0]}}
}
