TN:
SF:src\auth.ts
FN:17,parseBasicAuthenticateHeader
FN:21,(anonymous_1)
FN:28,parseDigestAuthenticateHeader
FN:32,(anonymous_3)
FN:39,createBasicShellyAuth
FN:43,createDigestShellyAuth
FN:51,getGen1BodyOptions
FN:56,getGen2BodyOptions
FNF:8
FNH:8
FNDA:4,parseBasicAuthenticateHeader
FNDA:4,(anonymous_1)
FNDA:2,parseDigestAuthenticateHeader
FNDA:8,(anonymous_3)
FNDA:4,createBasicShellyAuth
FNDA:1,createDigestShellyAuth
FNDA:13,getGen1BodyOptions
FNDA:27,getGen2BodyOptions
DA:19,4
DA:20,4
DA:21,4
DA:22,4
DA:23,4
DA:25,4
DA:30,2
DA:31,2
DA:32,2
DA:33,8
DA:34,8
DA:36,2
DA:40,4
DA:44,1
DA:45,1
DA:46,1
DA:47,1
DA:48,1
DA:53,13
DA:57,27
DA:58,27
DA:59,27
DA:60,27
DA:61,27
DA:62,27
DA:63,27
DA:64,27
LF:27
LH:27
BRDA:43,0,0,1
BRDA:62,1,0,27
BRDA:63,2,0,1
BRF:3
BRH:3
end_of_record
TN:
SF:src\coapServer.ts
FN:60,(anonymous_0)
FN:70,(anonymous_1)
FN:74,(anonymous_2)
FN:76,(anonymous_3)
FN:85,(anonymous_4)
FN:91,(anonymous_5)
FN:99,(anonymous_6)
FN:101,(anonymous_7)
FN:110,(anonymous_8)
FN:115,(anonymous_9)
FN:123,(anonymous_10)
FN:125,(anonymous_11)
FN:135,(anonymous_12)
FN:141,(anonymous_13)
FN:149,(anonymous_14)
FN:160,(anonymous_15)
FN:163,(anonymous_16)
FN:172,(anonymous_17)
FN:177,(anonymous_18)
FN:189,(anonymous_19)
FN:194,(anonymous_20)
FN:206,(anonymous_21)
FN:210,(anonymous_22)
FN:267,(anonymous_23)
FN:271,(anonymous_24)
FN:272,(anonymous_25)
FN:284,(anonymous_26)
FN:296,(anonymous_27)
FN:302,(anonymous_28)
FN:303,(anonymous_29)
FN:318,(anonymous_30)
FN:340,(anonymous_31)
FN:352,(anonymous_32)
FN:361,(anonymous_33)
FN:367,(anonymous_34)
FN:376,(anonymous_35)
FNF:36
FNH:26
FNDA:5,(anonymous_0)
FNDA:5,(anonymous_1)
FNDA:1,(anonymous_2)
FNDA:1,(anonymous_3)
FNDA:1,(anonymous_4)
FNDA:0,(anonymous_5)
FNDA:1,(anonymous_6)
FNDA:1,(anonymous_7)
FNDA:1,(anonymous_8)
FNDA:0,(anonymous_9)
FNDA:2,(anonymous_10)
FNDA:2,(anonymous_11)
FNDA:0,(anonymous_12)
FNDA:0,(anonymous_13)
FNDA:2,(anonymous_14)
FNDA:5,(anonymous_15)
FNDA:0,(anonymous_16)
FNDA:2,(anonymous_17)
FNDA:0,(anonymous_18)
FNDA:1,(anonymous_19)
FNDA:0,(anonymous_20)
FNDA:1,(anonymous_21)
FNDA:2,(anonymous_22)
FNDA:4,(anonymous_23)
FNDA:72,(anonymous_24)
FNDA:18,(anonymous_25)
FNDA:3,(anonymous_26)
FNDA:18,(anonymous_27)
FNDA:18,(anonymous_28)
FNDA:51,(anonymous_29)
FNDA:1,(anonymous_30)
FNDA:0,(anonymous_31)
FNDA:0,(anonymous_32)
FNDA:0,(anonymous_33)
FNDA:1,(anonymous_34)
FNDA:3,(anonymous_35)
DA:7,5
DA:8,5
DA:9,5
DA:11,5
DA:57,5
DA:58,5
DA:61,5
DA:62,5
DA:64,5
DA:71,5
DA:75,1
DA:76,1
DA:78,1
DA:86,1
DA:87,1
DA:88,1
DA:89,1
DA:92,0
DA:93,0
DA:100,1
DA:101,1
DA:103,1
DA:111,1
DA:112,1
DA:113,1
DA:116,0
DA:117,0
DA:124,2
DA:125,2
DA:126,2
DA:136,0
DA:137,0
DA:138,0
DA:139,0
DA:142,0
DA:143,0
DA:144,0
DA:148,2
DA:150,2
DA:151,2
DA:152,2
DA:153,2
DA:161,5
DA:164,0
DA:166,0
DA:167,0
DA:170,0
DA:172,2
DA:175,5
DA:178,0
DA:180,0
DA:182,0
DA:183,0
DA:184,0
DA:187,0
DA:189,1
DA:192,5
DA:195,0
DA:197,0
DA:199,0
DA:200,0
DA:201,0
DA:204,0
DA:206,1
DA:211,2
DA:213,2
DA:215,2
DA:217,2
DA:218,2
DA:219,2
DA:220,2
DA:221,2
DA:222,2
DA:223,2
DA:226,2
DA:227,2
DA:228,2
DA:229,2
DA:230,2
DA:233,2
DA:234,1
DA:235,1
DA:236,1
DA:238,0
DA:242,2
DA:243,1
DA:246,2
DA:247,2
DA:249,0
DA:252,2
DA:253,2
DA:254,2
DA:255,2
DA:256,2
DA:257,2
DA:258,2
DA:259,2
DA:260,2
DA:262,2
DA:263,1
DA:264,1
DA:265,1
DA:267,1
DA:268,4
DA:269,4
DA:270,4
DA:271,72
DA:273,18
DA:276,18
DA:277,18
DA:278,18
DA:279,18
DA:280,18
DA:283,1
DA:284,1
DA:285,3
DA:287,1
DA:290,2
DA:291,1
DA:292,1
DA:296,18
DA:301,1
DA:302,1
DA:303,51
DA:304,18
DA:305,3
DA:308,3
DA:314,2
DA:319,1
DA:340,1
DA:341,0
DA:342,0
DA:345,0
DA:347,0
DA:352,1
DA:353,0
DA:354,0
DA:356,0
DA:362,0
DA:363,0
DA:364,0
DA:368,1
DA:369,1
DA:370,1
DA:371,1
DA:372,1
DA:373,1
DA:377,3
DA:378,3
DA:379,3
DA:380,3
DA:382,3
DA:383,3
DA:384,3
LF:154
LH:115
BRDA:60,0,0,0
BRDA:123,1,0,0
BRDA:166,2,0,0
BRDA:166,3,0,0
BRDA:166,3,1,0
BRDA:166,3,2,0
BRDA:180,4,0,0
BRDA:197,5,0,0
BRDA:226,6,0,2
BRDA:233,7,0,1
BRDA:235,8,0,1
BRDA:235,8,1,0
BRDA:242,9,0,1
BRDA:262,10,0,1
BRDA:276,11,0,1
BRDA:277,12,0,1
BRDA:278,13,0,1
BRDA:279,14,0,0
BRDA:280,15,0,0
BRDA:290,16,0,1
BRDA:291,17,0,1
BRDA:291,17,1,0
BRDA:292,18,0,0
BRDA:292,19,0,1
BRDA:292,19,1,1
BRDA:304,20,0,3
BRDA:306,21,0,1
BRDA:306,21,1,2
BRDA:308,22,0,1
BRDA:308,22,1,2
BRDA:342,23,0,0
BRDA:342,23,1,0
BRDA:342,24,0,0
BRDA:342,24,1,0
BRDA:353,25,0,0
BRDA:353,25,1,0
BRDA:367,26,0,0
BRDA:369,27,0,0
BRDA:382,28,0,1
BRF:39
BRH:18
end_of_record
TN:
SF:src\mcastServer.ts
FN:13,(anonymous_0)
FN:17,(anonymous_1)
FN:25,(anonymous_2)
FN:30,(anonymous_3)
FN:34,(anonymous_4)
FN:45,(anonymous_5)
FN:58,(anonymous_6)
FN:68,(anonymous_7)
FN:80,(anonymous_8)
FN:81,(anonymous_9)
FN:92,(anonymous_10)
FNF:11
FNH:7
FNDA:1,(anonymous_0)
FNDA:1,(anonymous_1)
FNDA:0,(anonymous_2)
FNDA:0,(anonymous_3)
FNDA:1,(anonymous_4)
FNDA:1,(anonymous_5)
FNDA:1,(anonymous_6)
FNDA:1,(anonymous_7)
FNDA:0,(anonymous_8)
FNDA:0,(anonymous_9)
FNDA:1,(anonymous_10)
DA:10,1
DA:11,1
DA:14,1
DA:18,1
DA:19,1
DA:20,1
DA:21,1
DA:23,1
DA:25,1
DA:26,0
DA:27,0
DA:30,1
DA:31,0
DA:34,1
DA:35,1
DA:36,0
DA:37,0
DA:39,1
DA:40,1
DA:41,1
DA:42,1
DA:45,1
DA:46,1
DA:47,0
DA:48,0
DA:50,1
DA:51,1
DA:52,1
DA:53,1
DA:54,1
DA:59,1
DA:60,1
DA:61,1
DA:62,1
DA:64,1
DA:66,1
DA:68,1
DA:69,1
DA:70,0
DA:71,0
DA:73,1
DA:74,1
DA:75,1
DA:76,1
DA:77,1
DA:78,1
DA:80,1
DA:81,0
DA:82,0
DA:83,0
DA:85,0
DA:93,1
DA:94,1
DA:95,1
DA:97,1
DA:98,1
DA:99,1
DA:100,1
DA:101,1
DA:103,1
LF:60
LH:47
BRDA:35,0,0,0
BRDA:46,1,0,0
BRDA:54,2,0,1
BRDA:69,3,0,0
BRDA:78,4,0,1
BRDA:82,5,0,0
BRDA:82,5,1,0
BRDA:94,6,0,1
BRDA:98,7,0,1
BRDA:100,8,0,1
BRF:10
BRH:5
end_of_record
TN:
SF:src\mdnsScanner.ts
FN:22,(anonymous_0)
FN:27,(anonymous_1)
FN:31,(anonymous_2)
FN:39,(anonymous_3)
FN:44,(anonymous_4)
FN:116,(anonymous_5)
FN:121,(anonymous_6)
FN:128,(anonymous_7)
FN:142,(anonymous_8)
FNF:9
FNH:9
FNDA:5,(anonymous_0)
FNDA:4,(anonymous_1)
FNDA:3,(anonymous_2)
FNDA:2,(anonymous_3)
FNDA:46,(anonymous_4)
FNDA:1,(anonymous_5)
FNDA:1,(anonymous_6)
FNDA:5,(anonymous_7)
FNDA:6,(anonymous_8)
DA:15,5
DA:18,5
DA:23,5
DA:24,5
DA:28,4
DA:32,3
DA:36,3
DA:40,2
DA:41,2
DA:43,2
DA:44,2
DA:45,46
DA:46,46
DA:47,46
DA:48,513
DA:49,44
DA:51,513
DA:52,13
DA:54,513
DA:55,7
DA:57,513
DA:58,7
DA:60,513
DA:61,7
DA:63,513
DA:64,7
DA:66,513
DA:67,7
DA:69,513
DA:70,7
DA:71,2
DA:72,2
DA:73,2
DA:77,46
DA:78,71
DA:79,0
DA:81,71
DA:82,0
DA:84,71
DA:85,0
DA:87,71
DA:88,0
DA:90,71
DA:91,12
DA:93,71
DA:94,12
DA:96,71
DA:97,6
DA:99,71
DA:100,6
DA:102,71
DA:103,6
DA:104,6
DA:107,6
DA:108,6
DA:114,2
DA:116,2
DA:117,1
DA:120,2
DA:121,2
DA:122,1
DA:125,2
DA:129,5
DA:130,5
DA:131,5
DA:132,5
DA:133,5
DA:134,5
DA:135,5
DA:136,5
DA:137,5
DA:138,5
DA:139,5
DA:143,6
DA:145,6
DA:146,32
DA:148,6
LF:77
LH:73
BRDA:22,0,0,1
BRDA:39,1,0,0
BRDA:48,2,0,44
BRDA:48,3,0,513
BRDA:48,3,1,306
BRDA:49,4,0,44
BRDA:49,4,1,0
BRDA:51,5,0,13
BRDA:51,6,0,513
BRDA:51,6,1,306
BRDA:51,6,2,44
BRDA:52,7,0,13
BRDA:52,7,1,0
BRDA:54,8,0,7
BRDA:54,9,0,513
BRDA:54,9,1,306
BRDA:54,9,2,15
BRDA:55,10,0,7
BRDA:55,10,1,0
BRDA:57,11,0,7
BRDA:57,12,0,513
BRDA:57,12,1,306
BRDA:57,12,2,7
BRDA:58,13,0,0
BRDA:58,13,1,7
BRDA:60,14,0,7
BRDA:60,15,0,513
BRDA:60,15,1,306
BRDA:60,15,2,93
BRDA:61,16,0,0
BRDA:61,16,1,7
BRDA:63,17,0,7
BRDA:63,18,0,513
BRDA:63,18,1,306
BRDA:63,18,2,99
BRDA:66,19,0,7
BRDA:66,20,0,513
BRDA:66,20,1,167
BRDA:69,21,0,7
BRDA:69,22,0,513
BRDA:69,22,1,19
BRDA:70,23,0,2
BRDA:78,24,0,0
BRDA:78,25,0,71
BRDA:78,25,1,51
BRDA:79,26,0,0
BRDA:79,26,1,0
BRDA:81,27,0,0
BRDA:81,28,0,71
BRDA:81,28,1,51
BRDA:81,28,2,0
BRDA:82,29,0,0
BRDA:82,29,1,0
BRDA:84,30,0,0
BRDA:84,31,0,71
BRDA:84,31,1,51
BRDA:84,31,2,10
BRDA:85,32,0,0
BRDA:85,32,1,0
BRDA:87,33,0,0
BRDA:87,34,0,71
BRDA:87,34,1,51
BRDA:87,34,2,8
BRDA:88,35,0,0
BRDA:88,35,1,0
BRDA:90,36,0,12
BRDA:90,37,0,71
BRDA:90,37,1,51
BRDA:91,38,0,0
BRDA:91,38,1,12
BRDA:93,39,0,12
BRDA:93,40,0,71
BRDA:93,40,1,51
BRDA:96,41,0,6
BRDA:96,42,0,71
BRDA:96,42,1,16
BRDA:99,43,0,6
BRDA:99,44,0,71
BRDA:99,44,1,16
BRDA:102,45,0,6
BRDA:102,46,0,71
BRDA:102,46,1,13
BRDA:103,47,0,6
BRDA:120,48,0,2
BRDA:120,49,0,2
BRDA:120,49,1,2
BRDA:130,50,0,2
BRDA:131,51,0,2
BRF:88
BRH:68
end_of_record
TN:
SF:src\shelly.ts
FN:17,(anonymous_0)
FN:26,(anonymous_1)
FN:31,(anonymous_2)
FN:46,(anonymous_3)
FN:49,(anonymous_4)
FN:62,(anonymous_5)
FN:66,(anonymous_6)
FN:67,(anonymous_7)
FN:71,(anonymous_8)
FN:75,(anonymous_9)
FN:76,(anonymous_10)
FN:81,(anonymous_11)
FN:98,(anonymous_12)
FN:104,(anonymous_13)
FN:108,(anonymous_14)
FN:114,(anonymous_15)
FN:118,(anonymous_16)
FN:120,(anonymous_17)
FN:128,(anonymous_18)
FNF:19
FNH:12
FNDA:4,(anonymous_0)
FNDA:0,(anonymous_1)
FNDA:0,(anonymous_2)
FNDA:5,(anonymous_3)
FNDA:0,(anonymous_4)
FNDA:10,(anonymous_5)
FNDA:0,(anonymous_6)
FNDA:0,(anonymous_7)
FNDA:4,(anonymous_8)
FNDA:0,(anonymous_9)
FNDA:0,(anonymous_10)
FNDA:3,(anonymous_11)
FNDA:3,(anonymous_12)
FNDA:20,(anonymous_13)
FNDA:2,(anonymous_14)
FNDA:1,(anonymous_15)
FNDA:2,(anonymous_16)
FNDA:1,(anonymous_17)
FNDA:1,(anonymous_18)
DA:8,4
DA:18,4
DA:19,4
DA:20,4
DA:21,4
DA:22,4
DA:23,4
DA:24,4
DA:26,4
DA:27,0
DA:28,0
DA:31,4
DA:32,0
DA:33,0
DA:34,0
DA:35,0
DA:38,0
DA:39,0
DA:41,0
DA:47,5
DA:48,5
DA:49,5
DA:50,0
DA:51,0
DA:53,5
DA:54,5
DA:55,5
DA:56,5
DA:57,5
DA:58,5
DA:59,5
DA:63,10
DA:67,0
DA:68,0
DA:72,4
DA:76,0
DA:77,0
DA:78,0
DA:82,3
DA:83,0
DA:84,0
DA:86,3
DA:87,3
DA:88,0
DA:89,0
DA:91,3
DA:92,3
DA:99,3
DA:100,3
DA:101,3
DA:105,20
DA:109,2
DA:110,6
DA:115,1
DA:119,2
DA:120,1
DA:121,1
DA:124,1
DA:129,1
DA:130,1
DA:131,3
LF:61
LH:41
BRDA:17,0,0,1
BRDA:33,1,0,0
BRDA:34,2,0,0
BRDA:39,3,0,0
BRDA:39,4,0,0
BRDA:39,4,1,0
BRDA:39,4,2,0
BRDA:47,5,0,1
BRDA:77,6,0,0
BRDA:82,7,0,0
BRDA:87,8,0,0
BRDA:87,9,0,3
BRDA:87,9,1,1
BRDA:99,10,0,1
BRDA:99,10,1,2
BRDA:114,11,0,0
BRDA:118,12,0,0
BRDA:119,13,0,1
BRDA:119,13,1,1
BRF:19
BRH:8
end_of_record
TN:
SF:src\shellyComponent.ts
FN:37,(anonymous_0)
FN:52,(anonymous_1)
FN:58,(anonymous_2)
FN:64,(anonymous_3)
FN:71,(anonymous_4)
FN:82,(anonymous_5)
FN:88,(anonymous_6)
FN:94,(anonymous_7)
FN:100,(anonymous_8)
FN:108,(anonymous_9)
FN:112,(anonymous_10)
FN:116,(anonymous_11)
FN:121,(anonymous_12)
FN:145,(anonymous_13)
FN:154,(anonymous_14)
FN:158,(anonymous_15)
FN:164,(anonymous_16)
FN:181,(anonymous_17)
FNF:18
FNH:18
FNDA:316,(anonymous_0)
FNDA:4,(anonymous_1)
FNDA:4,(anonymous_2)
FNDA:4,(anonymous_3)
FNDA:3,(anonymous_4)
FNDA:3,(anonymous_5)
FNDA:3,(anonymous_6)
FNDA:3,(anonymous_7)
FNDA:2,(anonymous_8)
FNDA:9,(anonymous_9)
FNDA:892,(anonymous_10)
FNDA:2338,(anonymous_11)
FNDA:816,(anonymous_12)
FNDA:56,(anonymous_13)
FNDA:9,(anonymous_14)
FNDA:3,(anonymous_15)
FNDA:4,(anonymous_16)
FNDA:1,(anonymous_17)
DA:34,316
DA:35,316
DA:38,316
DA:39,316
DA:40,316
DA:41,316
DA:42,316
DA:43,316
DA:44,1757
DA:46,1757
DA:50,316
DA:52,35
DA:53,4
DA:54,4
DA:55,4
DA:58,35
DA:59,4
DA:60,4
DA:61,4
DA:64,35
DA:65,4
DA:66,4
DA:67,4
DA:68,4
DA:71,35
DA:72,3
DA:73,2
DA:74,2
DA:75,2
DA:76,2
DA:81,316
DA:82,8
DA:83,3
DA:84,3
DA:85,3
DA:88,8
DA:89,3
DA:90,3
DA:91,3
DA:94,8
DA:95,3
DA:96,3
DA:97,3
DA:100,8
DA:101,2
DA:102,2
DA:103,2
DA:109,9
DA:113,892
DA:117,2338
DA:118,2338
DA:122,816
DA:123,816
DA:124,253
DA:125,36
DA:128,36
DA:129,36
DA:130,36
DA:132,217
DA:137,563
DA:138,563
DA:142,816
DA:146,56
DA:147,56
DA:149,2
DA:150,2
DA:155,9
DA:159,3
DA:160,9
DA:165,4
DA:166,4
DA:167,4
DA:168,3
DA:169,3
DA:170,1
DA:171,1
DA:173,3
DA:174,1
DA:175,1
DA:182,1
DA:183,1
DA:184,4
LF:82
LH:82
BRDA:40,0,0,70
BRDA:40,0,1,246
BRDA:46,1,0,16
BRDA:46,2,0,1757
BRDA:46,2,1,296
BRDA:46,2,2,283
BRDA:50,3,0,35
BRDA:54,4,0,2
BRDA:55,5,0,2
BRDA:60,6,0,2
BRDA:61,7,0,2
BRDA:67,8,0,2
BRDA:68,9,0,2
BRDA:72,10,0,1
BRDA:75,11,0,1
BRDA:76,12,0,1
BRDA:81,13,0,8
BRDA:81,14,0,316
BRDA:81,14,1,308
BRDA:84,15,0,1
BRDA:85,16,0,2
BRDA:90,17,0,1
BRDA:91,18,0,2
BRDA:96,19,0,1
BRDA:97,20,0,2
BRDA:102,21,0,1
BRDA:103,22,0,1
BRDA:123,23,0,253
BRDA:123,23,1,563
BRDA:124,24,0,36
BRDA:124,24,1,217
BRDA:126,25,0,0
BRDA:126,25,1,36
BRDA:126,26,0,36
BRDA:126,26,1,36
BRDA:126,27,0,0
BRDA:126,27,1,36
BRDA:126,28,0,36
BRDA:126,28,1,36
BRDA:133,29,0,15
BRDA:133,29,1,202
BRDA:133,30,0,217
BRDA:133,30,1,213
BRDA:139,31,0,64
BRDA:139,31,1,499
BRDA:139,32,0,563
BRDA:139,32,1,555
BRDA:147,33,0,54
BRDA:147,33,1,2
BRDA:167,34,0,3
BRDA:169,35,0,1
BRDA:171,36,0,1
BRDA:173,37,0,1
BRDA:175,38,0,1
BRDA:184,39,0,1
BRDA:184,39,1,3
BRDA:184,40,0,4
BRDA:184,40,1,4
BRF:58
BRH:56
end_of_record
TN:
SF:src\shellyDevice.ts
FN:44,(anonymous_0)
FN:53,(anonymous_1)
FN:63,(anonymous_2)
FN:67,(anonymous_3)
FN:71,(anonymous_4)
FN:76,(anonymous_5)
FN:88,(anonymous_6)
FN:92,(anonymous_7)
FN:98,(anonymous_8)
FN:223,(anonymous_9)
FN:244,(anonymous_10)
FN:248,(anonymous_11)
FN:261,(anonymous_12)
FN:320,(anonymous_13)
FN:354,(anonymous_14)
FN:438,(anonymous_15)
FN:451,(anonymous_16)
FNF:17
FNH:11
FNDA:28,(anonymous_0)
FNDA:31,(anonymous_1)
FNDA:9,(anonymous_2)
FNDA:146,(anonymous_3)
FNDA:294,(anonymous_4)
FNDA:93,(anonymous_5)
FNDA:2,(anonymous_6)
FNDA:0,(anonymous_7)
FNDA:28,(anonymous_8)
FNDA:0,(anonymous_9)
FNDA:0,(anonymous_10)
FNDA:0,(anonymous_11)
FNDA:34,(anonymous_12)
FNDA:7,(anonymous_13)
FNDA:102,(anonymous_14)
FNDA:0,(anonymous_15)
FNDA:0,(anonymous_16)
DA:23,28
DA:24,28
DA:25,28
DA:26,28
DA:27,28
DA:28,28
DA:29,28
DA:30,28
DA:31,28
DA:32,28
DA:38,28
DA:40,28
DA:41,28
DA:42,28
DA:45,28
DA:46,28
DA:47,28
DA:48,28
DA:49,28
DA:50,28
DA:54,31
DA:55,31
DA:56,31
DA:57,31
DA:58,31
DA:59,31
DA:60,31
DA:64,9
DA:68,146
DA:72,294
DA:73,294
DA:77,93
DA:78,93
DA:79,92
DA:80,755
DA:82,92
DA:83,1
DA:85,1
DA:89,2
DA:93,0
DA:94,0
DA:99,28
DA:100,28
DA:101,28
DA:103,28
DA:104,0
DA:105,0
DA:108,28
DA:109,28
DA:110,28
DA:113,28
DA:114,28
DA:117,28
DA:118,10
DA:119,10
DA:120,10
DA:121,0
DA:122,0
DA:124,10
DA:125,10
DA:126,10
DA:127,10
DA:128,10
DA:129,10
DA:130,10
DA:131,10
DA:132,460
DA:133,460
DA:134,460
DA:135,460
DA:136,460
DA:137,460
DA:138,460
DA:139,460
DA:140,10
DA:141,10
DA:142,10
DA:145,460
DA:146,0
DA:147,0
DA:148,0
DA:151,460
DA:152,0
DA:153,0
DA:154,0
DA:161,28
DA:162,18
DA:163,18
DA:164,18
DA:165,0
DA:166,0
DA:168,18
DA:169,18
DA:170,18
DA:171,18
DA:172,18
DA:174,18
DA:175,158
DA:176,18
DA:177,18
DA:178,18
DA:179,18
DA:181,158
DA:182,18
DA:183,18
DA:184,18
DA:185,18
DA:187,18
DA:188,18
DA:190,158
DA:191,158
DA:192,158
DA:193,158
DA:194,158
DA:195,158
DA:196,158
DA:197,158
DA:198,158
DA:202,28
DA:205,28
DA:206,10
DA:207,10
DA:208,10
DA:209,10
DA:210,0
DA:212,10
DA:213,10
DA:214,10
DA:215,0
DA:218,0
DA:223,28
DA:224,0
DA:225,0
DA:226,0
DA:227,0
DA:230,0
DA:231,0
DA:232,0
DA:233,0
DA:235,0
DA:236,0
DA:237,0
DA:242,28
DA:243,18
DA:244,18
DA:245,0
DA:248,18
DA:249,0
DA:250,0
DA:251,0
DA:255,28
DA:256,28
DA:257,28
DA:258,28
DA:262,34
DA:264,11
DA:265,330
DA:266,11
DA:267,11
DA:268,11
DA:271,330
DA:272,0
DA:273,0
DA:274,0
DA:277,330
DA:278,0
DA:279,0
DA:280,0
DA:285,11
DA:286,330
DA:287,11
DA:288,11
DA:289,11
DA:290,11
DA:294,23
DA:296,23
DA:297,199
DA:300,23
DA:301,199
DA:302,199
DA:303,199
DA:304,199
DA:305,199
DA:308,23
DA:309,199
DA:310,18
DA:311,18
DA:312,18
DA:317,34
DA:321,7
DA:322,7
DA:323,6
DA:324,0
DA:325,0
DA:327,6
DA:356,102
DA:357,64
DA:358,64
DA:359,64
DA:360,63
DA:361,63
DA:362,42
DA:363,33
DA:364,24
DA:365,12
DA:366,0
DA:368,0
DA:369,0
DA:373,38
DA:374,38
DA:375,38
DA:376,38
DA:381,38
DA:382,38
DA:386,38
DA:388,38
DA:389,31
DA:390,36
DA:391,36
DA:393,3
DA:394,3
DA:395,3
DA:396,3
DA:397,3
DA:399,3
DA:400,3
DA:401,3
DA:402,3
DA:403,3
DA:404,0
DA:406,0
DA:407,0
DA:408,0
DA:409,0
DA:410,0
DA:411,0
DA:413,3
DA:414,3
DA:415,3
DA:416,3
DA:417,3
DA:419,3
DA:422,0
DA:426,0
DA:428,33
DA:429,33
DA:431,33
DA:433,2
DA:434,2
DA:440,0
DA:443,0
DA:444,0
DA:445,0
DA:446,0
DA:452,0
DA:453,0
DA:454,0
DA:455,0
DA:456,0
DA:458,0
DA:463,0
DA:464,0
DA:465,0
DA:467,0
DA:468,0
LF:265
LH:197
BRDA:54,0,0,28
BRDA:57,1,0,18
BRDA:78,2,0,92
BRDA:78,2,1,1
BRDA:103,3,0,0
BRDA:113,4,0,0
BRDA:113,5,0,0
BRDA:113,5,1,0
BRDA:114,6,0,9
BRDA:117,7,0,10
BRDA:120,8,0,0
BRDA:120,9,0,10
BRDA:120,9,1,10
BRDA:128,10,0,10
BRDA:128,10,1,0
BRDA:132,11,0,10
BRDA:133,12,0,10
BRDA:134,13,0,10
BRDA:135,14,0,10
BRDA:136,15,0,10
BRDA:137,16,0,10
BRDA:138,17,0,10
BRDA:139,18,0,10
BRDA:145,19,0,0
BRDA:145,20,0,460
BRDA:145,20,1,0
BRDA:151,21,0,0
BRDA:151,22,0,460
BRDA:151,22,1,0
BRDA:161,23,0,18
BRDA:161,24,0,28
BRDA:161,24,1,13
BRDA:164,25,0,0
BRDA:164,26,0,18
BRDA:164,26,1,18
BRDA:175,27,0,18
BRDA:177,28,0,18
BRDA:178,29,0,18
BRDA:179,30,0,18
BRDA:181,31,0,18
BRDA:184,32,0,18
BRDA:188,33,0,18
BRDA:188,33,1,0
BRDA:190,34,0,18
BRDA:191,35,0,18
BRDA:192,36,0,18
BRDA:193,37,0,18
BRDA:194,38,0,14
BRDA:195,39,0,6
BRDA:196,40,0,0
BRDA:197,41,0,26
BRDA:198,42,0,1
BRDA:202,43,0,28
BRDA:205,44,0,10
BRDA:207,45,0,10
BRDA:207,45,1,0
BRDA:208,46,0,0
BRDA:209,47,0,0
BRDA:209,47,1,10
BRDA:214,48,0,0
BRDA:214,49,0,10
BRDA:214,49,1,10
BRDA:226,50,0,0
BRDA:226,50,1,0
BRDA:242,51,0,18
BRDA:242,52,0,28
BRDA:242,52,1,13
BRDA:249,53,0,0
BRDA:262,54,0,11
BRDA:262,54,1,23
BRDA:265,55,0,11
BRDA:271,56,0,0
BRDA:277,57,0,0
BRDA:286,58,0,11
BRDA:286,59,0,330
BRDA:286,59,1,319
BRDA:290,60,0,11
BRDA:290,61,0,11
BRDA:290,61,1,11
BRDA:294,62,0,23
BRDA:294,63,0,23
BRDA:294,63,1,3
BRDA:297,64,0,23
BRDA:301,65,0,18
BRDA:302,66,0,7
BRDA:303,67,0,0
BRDA:304,68,0,32
BRDA:305,69,0,1
BRDA:309,70,0,18
BRDA:309,71,0,199
BRDA:309,71,1,199
BRDA:312,72,0,18
BRDA:312,73,0,18
BRDA:312,73,1,18
BRDA:321,74,0,1
BRDA:321,74,1,6
BRDA:323,75,0,0
BRDA:354,76,0,91
BRDA:356,77,0,64
BRDA:361,78,0,21
BRDA:362,79,0,9
BRDA:363,80,0,9
BRDA:364,81,0,12
BRDA:365,82,0,12
BRDA:373,83,0,12
BRDA:373,83,1,26
BRDA:374,84,0,12
BRDA:374,84,1,26
BRDA:378,85,0,12
BRDA:378,85,1,26
BRDA:379,86,0,12
BRDA:379,86,1,26
BRDA:384,87,0,38
BRDA:384,87,1,0
BRDA:388,88,0,7
BRDA:388,88,1,31
BRDA:391,89,0,3
BRDA:393,90,0,3
BRDA:396,91,0,0
BRDA:397,92,0,3
BRDA:397,92,1,0
BRDA:401,93,0,0
BRDA:404,94,0,0
BRDA:408,95,0,0
BRDA:409,96,0,0
BRDA:415,97,0,3
BRDA:417,98,0,3
BRDA:417,98,1,0
BRDA:423,99,0,0
BRDA:423,99,1,0
BRDA:429,100,0,7
BRDA:429,100,1,26
BRDA:433,101,0,2
BRDA:433,101,1,0
BRDA:446,102,0,0
BRDA:446,102,1,0
BRDA:446,103,0,0
BRDA:446,103,1,0
BRDA:453,104,0,0
BRDA:453,105,0,0
BRDA:453,105,1,0
BRDA:453,105,2,0
BRF:142
BRH:99
end_of_record
TN:
SF:src\shellyProperty.ts
FN:9,(anonymous_0)
FN:15,(anonymous_1)
FN:19,(anonymous_2)
FNF:3
FNH:3
FNDA:2340,(anonymous_0)
FNDA:1083,(anonymous_1)
FNDA:42,(anonymous_2)
DA:10,2340
DA:11,2340
DA:12,2340
DA:16,1083
DA:20,42
LF:5
LH:5
BRF:0
BRH:0
end_of_record
TN:
SF:src\wsClient.ts
FN:96,(anonymous_0)
FN:107,(anonymous_1)
FN:111,(anonymous_2)
FN:121,(anonymous_3)
FN:131,(anonymous_4)
FN:139,(anonymous_5)
FN:173,(anonymous_6)
FN:178,(anonymous_7)
FN:184,(anonymous_8)
FN:191,(anonymous_9)
FN:197,(anonymous_10)
FNF:11
FNH:2
FNDA:18,(anonymous_0)
FNDA:0,(anonymous_1)
FNDA:0,(anonymous_2)
FNDA:0,(anonymous_3)
FNDA:0,(anonymous_4)
FNDA:0,(anonymous_5)
FNDA:0,(anonymous_6)
FNDA:0,(anonymous_7)
FNDA:0,(anonymous_8)
FNDA:20,(anonymous_9)
FNDA:0,(anonymous_10)
DA:70,18
DA:71,18
DA:75,18
DA:80,18
DA:88,18
DA:97,18
DA:98,18
DA:99,18
DA:100,18
DA:101,18
DA:102,18
DA:103,18
DA:104,18
DA:108,0
DA:112,0
DA:113,0
DA:114,0
DA:116,0
DA:117,0
DA:118,0
DA:122,0
DA:123,0
DA:124,0
DA:126,0
DA:127,0
DA:131,0
DA:132,0
DA:133,0
DA:134,0
DA:135,0
DA:139,0
DA:140,0
DA:141,0
DA:144,0
DA:145,0
DA:146,0
DA:147,0
DA:148,0
DA:150,0
DA:151,0
DA:152,0
DA:153,0
DA:154,0
DA:155,0
DA:156,0
DA:157,0
DA:158,0
DA:159,0
DA:160,0
DA:161,0
DA:162,0
DA:163,0
DA:164,0
DA:165,0
DA:166,0
DA:168,0
DA:173,0
DA:174,0
DA:178,0
DA:179,0
DA:180,0
DA:185,0
DA:186,0
DA:187,0
DA:188,0
DA:192,20
DA:193,20
DA:196,20
DA:197,0
DA:198,0
DA:199,0
DA:200,0
DA:201,0
DA:203,0
DA:205,20
DA:206,20
DA:207,20
DA:208,20
LF:78
LH:20
BRDA:111,0,0,0
BRDA:112,1,0,0
BRDA:112,2,0,0
BRDA:112,2,1,0
BRDA:144,3,0,0
BRDA:144,3,1,0
BRDA:144,4,0,0
BRDA:144,4,1,0
BRDA:144,4,2,0
BRDA:144,4,3,0
BRDA:146,5,0,0
BRDA:156,6,0,0
BRDA:156,6,1,0
BRDA:156,7,0,0
BRDA:156,7,1,0
BRDA:156,7,2,0
BRDA:159,8,0,0
BRDA:159,8,1,0
BRDA:159,9,0,0
BRDA:159,9,1,0
BRDA:159,9,2,0
BRDA:159,9,3,0
BRDA:162,10,0,0
BRDA:162,10,1,0
BRDA:162,11,0,0
BRDA:162,11,1,0
BRDA:162,11,2,0
BRDA:165,12,0,0
BRDA:165,12,1,0
BRDA:165,13,0,0
BRDA:165,13,1,0
BRDA:165,13,2,0
BRDA:184,14,0,0
BRDA:191,15,0,20
BRDA:196,16,0,0
BRDA:198,17,0,0
BRDA:205,18,0,0
BRF:37
BRH:1
end_of_record
