TN:
SF:src\auth.ts
FN:13,parseBasicAuthenticateHeader
FN:17,(anonymous_1)
FN:24,parseDigestAuthenticateHeader
FN:28,(anonymous_3)
FN:35,createBasicShellyAuth
FN:39,createDigestShellyAuth
FN:47,getGen1BodyOptions
FN:52,getGen2BodyOptions
FN:64,makeRpcCall
FNF:9
FNH:0
FNDA:0,parseBasicAuthenticateHeader
FNDA:0,(anonymous_1)
FNDA:0,parseDigestAuthenticateHeader
FNDA:0,(anonymous_3)
FNDA:0,createBasicShellyAuth
FNDA:0,createDigestShellyAuth
FNDA:0,getGen1BodyOptions
FNDA:0,getGen2BodyOptions
FNDA:0,makeRpcCall
DA:15,0
DA:16,0
DA:17,0
DA:18,0
DA:19,0
DA:21,0
DA:26,0
DA:27,0
DA:28,0
DA:29,0
DA:30,0
DA:32,0
DA:36,0
DA:40,0
DA:41,0
DA:42,0
DA:43,0
DA:44,0
DA:49,0
DA:53,0
DA:54,0
DA:55,0
DA:56,0
DA:57,0
DA:58,0
DA:59,0
DA:60,0
DA:65,0
DA:73,0
DA:79,0
DA:81,0
DA:82,0
DA:84,0
DA:85,0
DA:88,0
DA:90,0
DA:93,0
LF:37
LH:0
BRDA:39,0,0,0
BRDA:58,1,0,0
BRDA:59,2,0,0
BRDA:84,3,0,0
BRF:4
BRH:0
end_of_record
TN:
SF:src\coapServer.ts
FN:60,(anonymous_0)
FN:70,(anonymous_1)
FN:74,(anonymous_2)
FN:76,(anonymous_3)
FN:85,(anonymous_4)
FN:91,(anonymous_5)
FN:99,(anonymous_6)
FN:101,(anonymous_7)
FN:110,(anonymous_8)
FN:115,(anonymous_9)
FN:123,(anonymous_10)
FN:125,(anonymous_11)
FN:135,(anonymous_12)
FN:141,(anonymous_13)
FN:149,(anonymous_14)
FN:160,(anonymous_15)
FN:163,(anonymous_16)
FN:172,(anonymous_17)
FN:177,(anonymous_18)
FN:189,(anonymous_19)
FN:194,(anonymous_20)
FN:206,(anonymous_21)
FN:210,(anonymous_22)
FN:266,(anonymous_23)
FN:270,(anonymous_24)
FN:271,(anonymous_25)
FN:280,(anonymous_26)
FN:290,(anonymous_27)
FN:296,(anonymous_28)
FN:297,(anonymous_29)
FN:312,(anonymous_30)
FN:334,(anonymous_31)
FN:346,(anonymous_32)
FN:355,(anonymous_33)
FN:361,(anonymous_34)
FN:370,(anonymous_35)
FN:400,(anonymous_36)
FNF:37
FNH:3
FNDA:1,(anonymous_0)
FNDA:0,(anonymous_1)
FNDA:0,(anonymous_2)
FNDA:0,(anonymous_3)
FNDA:0,(anonymous_4)
FNDA:0,(anonymous_5)
FNDA:0,(anonymous_6)
FNDA:0,(anonymous_7)
FNDA:0,(anonymous_8)
FNDA:0,(anonymous_9)
FNDA:0,(anonymous_10)
FNDA:0,(anonymous_11)
FNDA:0,(anonymous_12)
FNDA:0,(anonymous_13)
FNDA:0,(anonymous_14)
FNDA:1,(anonymous_15)
FNDA:0,(anonymous_16)
FNDA:0,(anonymous_17)
FNDA:0,(anonymous_18)
FNDA:0,(anonymous_19)
FNDA:0,(anonymous_20)
FNDA:0,(anonymous_21)
FNDA:0,(anonymous_22)
FNDA:0,(anonymous_23)
FNDA:0,(anonymous_24)
FNDA:0,(anonymous_25)
FNDA:0,(anonymous_26)
FNDA:0,(anonymous_27)
FNDA:0,(anonymous_28)
FNDA:0,(anonymous_29)
FNDA:0,(anonymous_30)
FNDA:0,(anonymous_31)
FNDA:0,(anonymous_32)
FNDA:0,(anonymous_33)
FNDA:0,(anonymous_34)
FNDA:1,(anonymous_35)
FNDA:0,(anonymous_36)
DA:7,1
DA:8,1
DA:9,1
DA:11,1
DA:57,1
DA:58,1
DA:61,1
DA:62,1
DA:64,1
DA:71,0
DA:75,0
DA:76,0
DA:78,0
DA:86,0
DA:87,0
DA:88,0
DA:89,0
DA:92,0
DA:93,0
DA:100,0
DA:101,0
DA:103,0
DA:111,0
DA:112,0
DA:113,0
DA:116,0
DA:117,0
DA:124,0
DA:125,0
DA:126,0
DA:136,0
DA:137,0
DA:138,0
DA:139,0
DA:142,0
DA:143,0
DA:144,0
DA:148,0
DA:150,0
DA:151,0
DA:152,0
DA:153,0
DA:161,1
DA:164,0
DA:166,0
DA:167,0
DA:170,0
DA:172,0
DA:175,1
DA:178,0
DA:180,0
DA:182,0
DA:183,0
DA:184,0
DA:187,0
DA:189,0
DA:192,1
DA:195,0
DA:197,0
DA:199,0
DA:200,0
DA:201,0
DA:204,0
DA:206,0
DA:211,0
DA:213,0
DA:215,0
DA:217,0
DA:218,0
DA:219,0
DA:220,0
DA:221,0
DA:222,0
DA:223,0
DA:226,0
DA:227,0
DA:228,0
DA:229,0
DA:230,0
DA:233,0
DA:234,0
DA:235,0
DA:236,0
DA:238,0
DA:242,0
DA:243,0
DA:246,0
DA:247,0
DA:249,0
DA:252,0
DA:253,0
DA:254,0
DA:255,0
DA:256,0
DA:257,0
DA:258,0
DA:259,0
DA:260,0
DA:262,0
DA:263,0
DA:264,0
DA:265,0
DA:266,0
DA:267,0
DA:268,0
DA:269,0
DA:270,0
DA:272,0
DA:275,0
DA:276,0
DA:279,0
DA:280,0
DA:281,0
DA:283,0
DA:286,0
DA:287,0
DA:288,0
DA:290,0
DA:295,0
DA:296,0
DA:297,0
DA:298,0
DA:299,0
DA:302,0
DA:308,0
DA:313,0
DA:334,0
DA:335,0
DA:336,0
DA:339,0
DA:341,0
DA:346,0
DA:347,0
DA:348,0
DA:350,0
DA:356,0
DA:357,0
DA:358,0
DA:362,0
DA:363,0
DA:364,0
DA:365,0
DA:366,0
DA:367,0
DA:371,1
DA:372,1
DA:373,1
DA:374,1
DA:376,1
DA:377,1
DA:378,1
DA:382,1
DA:383,0
DA:385,0
DA:387,0
DA:389,0
DA:391,0
DA:393,0
DA:394,0
DA:395,0
DA:398,0
DA:400,0
DA:401,0
LF:163
LH:20
BRDA:60,0,0,1
BRDA:123,1,0,0
BRDA:166,2,0,0
BRDA:166,3,0,0
BRDA:166,3,1,0
BRDA:166,3,2,0
BRDA:180,4,0,0
BRDA:197,5,0,0
BRDA:226,6,0,0
BRDA:233,7,0,0
BRDA:235,8,0,0
BRDA:235,8,1,0
BRDA:242,9,0,0
BRDA:262,10,0,0
BRDA:275,11,0,0
BRDA:276,12,0,0
BRDA:286,13,0,0
BRDA:287,14,0,0
BRDA:287,14,1,0
BRDA:288,15,0,0
BRDA:288,16,0,0
BRDA:288,16,1,0
BRDA:298,17,0,0
BRDA:300,18,0,0
BRDA:300,18,1,0
BRDA:302,19,0,0
BRDA:302,19,1,0
BRDA:336,20,0,0
BRDA:336,20,1,0
BRDA:336,21,0,0
BRDA:336,21,1,0
BRDA:347,22,0,0
BRDA:347,22,1,0
BRDA:361,23,0,0
BRDA:363,24,0,0
BRDA:376,25,0,0
BRDA:382,26,0,0
BRDA:382,27,0,1
BRDA:382,27,1,1
BRDA:382,27,2,1
BRDA:382,27,3,1
BRDA:385,28,0,0
BRDA:387,29,0,0
BRDA:389,30,0,0
BRDA:391,31,0,0
BRDA:393,32,0,0
BRDA:398,33,0,0
BRF:47
BRH:5
end_of_record
TN:
SF:src\mdnsScanner.ts
FN:22,(anonymous_0)
FN:27,(anonymous_1)
FN:31,(anonymous_2)
FN:39,(anonymous_3)
FN:44,(anonymous_4)
FN:116,(anonymous_5)
FN:121,(anonymous_6)
FN:128,(anonymous_7)
FN:142,(anonymous_8)
FN:156,(anonymous_9)
FNF:10
FNH:3
FNDA:1,(anonymous_0)
FNDA:0,(anonymous_1)
FNDA:0,(anonymous_2)
FNDA:0,(anonymous_3)
FNDA:0,(anonymous_4)
FNDA:0,(anonymous_5)
FNDA:0,(anonymous_6)
FNDA:1,(anonymous_7)
FNDA:1,(anonymous_8)
FNDA:0,(anonymous_9)
DA:15,1
DA:18,1
DA:23,1
DA:24,1
DA:28,0
DA:32,0
DA:36,0
DA:40,0
DA:41,0
DA:43,0
DA:44,0
DA:45,0
DA:46,0
DA:47,0
DA:48,0
DA:49,0
DA:51,0
DA:52,0
DA:54,0
DA:55,0
DA:57,0
DA:58,0
DA:60,0
DA:61,0
DA:63,0
DA:64,0
DA:66,0
DA:67,0
DA:69,0
DA:70,0
DA:71,0
DA:72,0
DA:73,0
DA:77,0
DA:78,0
DA:79,0
DA:81,0
DA:82,0
DA:84,0
DA:85,0
DA:87,0
DA:88,0
DA:90,0
DA:91,0
DA:93,0
DA:94,0
DA:96,0
DA:97,0
DA:99,0
DA:100,0
DA:102,0
DA:103,0
DA:104,0
DA:107,0
DA:108,0
DA:114,0
DA:116,0
DA:117,0
DA:120,0
DA:121,0
DA:122,0
DA:125,0
DA:129,1
DA:130,1
DA:131,1
DA:132,1
DA:133,1
DA:134,1
DA:135,1
DA:136,1
DA:137,1
DA:138,1
DA:139,1
DA:143,1
DA:145,1
DA:146,0
DA:148,1
DA:152,1
DA:153,0
DA:154,0
DA:156,0
DA:157,0
LF:82
LH:19
BRDA:39,0,0,0
BRDA:48,1,0,0
BRDA:48,2,0,0
BRDA:48,2,1,0
BRDA:49,3,0,0
BRDA:49,3,1,0
BRDA:51,4,0,0
BRDA:51,5,0,0
BRDA:51,5,1,0
BRDA:51,5,2,0
BRDA:52,6,0,0
BRDA:52,6,1,0
BRDA:54,7,0,0
BRDA:54,8,0,0
BRDA:54,8,1,0
BRDA:54,8,2,0
BRDA:55,9,0,0
BRDA:55,9,1,0
BRDA:57,10,0,0
BRDA:57,11,0,0
BRDA:57,11,1,0
BRDA:57,11,2,0
BRDA:58,12,0,0
BRDA:58,12,1,0
BRDA:60,13,0,0
BRDA:60,14,0,0
BRDA:60,14,1,0
BRDA:60,14,2,0
BRDA:61,15,0,0
BRDA:61,15,1,0
BRDA:63,16,0,0
BRDA:63,17,0,0
BRDA:63,17,1,0
BRDA:63,17,2,0
BRDA:66,18,0,0
BRDA:66,19,0,0
BRDA:66,19,1,0
BRDA:69,20,0,0
BRDA:69,21,0,0
BRDA:69,21,1,0
BRDA:70,22,0,0
BRDA:78,23,0,0
BRDA:78,24,0,0
BRDA:78,24,1,0
BRDA:79,25,0,0
BRDA:79,25,1,0
BRDA:81,26,0,0
BRDA:81,27,0,0
BRDA:81,27,1,0
BRDA:81,27,2,0
BRDA:82,28,0,0
BRDA:82,28,1,0
BRDA:84,29,0,0
BRDA:84,30,0,0
BRDA:84,30,1,0
BRDA:84,30,2,0
BRDA:85,31,0,0
BRDA:85,31,1,0
BRDA:87,32,0,0
BRDA:87,33,0,0
BRDA:87,33,1,0
BRDA:87,33,2,0
BRDA:88,34,0,0
BRDA:88,34,1,0
BRDA:90,35,0,0
BRDA:90,36,0,0
BRDA:90,36,1,0
BRDA:91,37,0,0
BRDA:91,37,1,0
BRDA:93,38,0,0
BRDA:93,39,0,0
BRDA:93,39,1,0
BRDA:96,40,0,0
BRDA:96,41,0,0
BRDA:96,41,1,0
BRDA:99,42,0,0
BRDA:99,43,0,0
BRDA:99,43,1,0
BRDA:102,44,0,0
BRDA:102,45,0,0
BRDA:102,45,1,0
BRDA:103,46,0,0
BRDA:120,47,0,0
BRDA:120,48,0,0
BRDA:120,48,1,0
BRDA:130,49,0,0
BRDA:131,50,0,0
BRDA:152,51,0,0
BRF:88
BRH:0
end_of_record
TN:
SF:src\shelly.ts
FN:17,(anonymous_0)
FN:25,(anonymous_1)
FN:30,(anonymous_2)
FN:41,(anonymous_3)
FN:44,(anonymous_4)
FN:57,(anonymous_5)
FN:61,(anonymous_6)
FN:62,(anonymous_7)
FN:66,(anonymous_8)
FN:70,(anonymous_9)
FN:71,(anonymous_10)
FN:76,(anonymous_11)
FN:93,(anonymous_12)
FN:99,(anonymous_13)
FN:103,(anonymous_14)
FN:109,(anonymous_15)
FN:113,(anonymous_16)
FN:115,(anonymous_17)
FN:123,(anonymous_18)
FN:138,(anonymous_19)
FN:145,(anonymous_20)
FN:151,(anonymous_21)
FNF:22
FNH:3
FNDA:1,(anonymous_0)
FNDA:0,(anonymous_1)
FNDA:0,(anonymous_2)
FNDA:1,(anonymous_3)
FNDA:0,(anonymous_4)
FNDA:0,(anonymous_5)
FNDA:0,(anonymous_6)
FNDA:0,(anonymous_7)
FNDA:0,(anonymous_8)
FNDA:0,(anonymous_9)
FNDA:0,(anonymous_10)
FNDA:0,(anonymous_11)
FNDA:0,(anonymous_12)
FNDA:1,(anonymous_13)
FNDA:0,(anonymous_14)
FNDA:0,(anonymous_15)
FNDA:0,(anonymous_16)
FNDA:0,(anonymous_17)
FNDA:0,(anonymous_18)
FNDA:0,(anonymous_19)
FNDA:0,(anonymous_20)
FNDA:0,(anonymous_21)
DA:9,1
DA:18,1
DA:19,1
DA:20,1
DA:21,1
DA:22,1
DA:23,1
DA:25,1
DA:26,0
DA:27,0
DA:30,1
DA:31,0
DA:32,0
DA:33,0
DA:36,0
DA:42,1
DA:43,1
DA:44,1
DA:45,0
DA:46,0
DA:48,1
DA:49,1
DA:50,1
DA:51,1
DA:52,1
DA:53,1
DA:54,1
DA:58,0
DA:62,0
DA:63,0
DA:67,0
DA:71,0
DA:72,0
DA:73,0
DA:77,0
DA:78,0
DA:79,0
DA:81,0
DA:82,0
DA:83,0
DA:84,0
DA:86,0
DA:87,0
DA:94,0
DA:95,0
DA:96,0
DA:100,1
DA:104,0
DA:105,0
DA:110,0
DA:114,0
DA:115,0
DA:116,0
DA:119,0
DA:124,0
DA:125,0
DA:126,0
DA:131,1
DA:132,0
DA:133,0
DA:134,0
DA:135,0
DA:136,0
DA:138,0
DA:139,0
DA:140,0
DA:141,0
DA:142,0
DA:145,0
DA:146,0
DA:151,0
DA:152,0
DA:153,0
LF:73
LH:21
BRDA:32,0,0,0
BRDA:42,1,0,0
BRDA:72,2,0,0
BRDA:77,3,0,0
BRDA:82,4,0,0
BRDA:94,5,0,0
BRDA:94,5,1,0
BRDA:109,6,0,0
BRDA:113,7,0,0
BRDA:114,8,0,0
BRDA:114,8,1,0
BRDA:131,9,0,0
BRDA:141,10,0,0
BRF:13
BRH:0
end_of_record
TN:
SF:src\shelly1minig3.ts
FNF:0
FNH:0
DA:4,1
DA:19,1
DA:73,1
LF:3
LH:3
BRF:0
BRH:0
end_of_record
TN:
SF:src\shellyComponent.ts
FN:36,(anonymous_0)
FN:50,(anonymous_1)
FN:56,(anonymous_2)
FN:62,(anonymous_3)
FN:69,(anonymous_4)
FN:79,(anonymous_5)
FN:85,(anonymous_6)
FN:91,(anonymous_7)
FN:97,(anonymous_8)
FN:104,(anonymous_9)
FN:108,(anonymous_10)
FN:112,(anonymous_11)
FN:117,(anonymous_12)
FN:138,(anonymous_13)
FN:147,(anonymous_14)
FN:151,(anonymous_15)
FN:157,(anonymous_16)
FN:174,(anonymous_17)
FNF:18
FNH:18
FNDA:37,(anonymous_0)
FNDA:3,(anonymous_1)
FNDA:3,(anonymous_2)
FNDA:3,(anonymous_3)
FNDA:3,(anonymous_4)
FNDA:2,(anonymous_5)
FNDA:2,(anonymous_6)
FNDA:2,(anonymous_7)
FNDA:2,(anonymous_8)
FNDA:5,(anonymous_9)
FNDA:88,(anonymous_10)
FNDA:186,(anonymous_11)
FNDA:52,(anonymous_12)
FNDA:24,(anonymous_13)
FNDA:7,(anonymous_14)
FNDA:2,(anonymous_15)
FNDA:4,(anonymous_16)
FNDA:1,(anonymous_17)
DA:33,37
DA:34,37
DA:37,37
DA:38,37
DA:39,37
DA:40,37
DA:41,37
DA:43,142
DA:44,142
DA:48,37
DA:50,10
DA:51,3
DA:52,3
DA:53,3
DA:56,10
DA:57,3
DA:58,3
DA:59,3
DA:62,10
DA:63,3
DA:64,3
DA:65,3
DA:66,3
DA:69,10
DA:70,3
DA:71,2
DA:72,2
DA:73,2
DA:78,37
DA:79,2
DA:80,2
DA:81,2
DA:82,2
DA:85,2
DA:86,2
DA:87,2
DA:88,2
DA:91,2
DA:92,2
DA:93,2
DA:94,2
DA:97,2
DA:98,2
DA:99,2
DA:105,5
DA:109,88
DA:113,186
DA:114,186
DA:118,52
DA:119,52
DA:120,17
DA:121,11
DA:124,11
DA:125,11
DA:127,6
DA:132,35
DA:133,35
DA:135,52
DA:139,24
DA:140,24
DA:142,1
DA:143,1
DA:148,7
DA:152,2
DA:153,7
DA:158,4
DA:159,4
DA:160,4
DA:161,3
DA:162,3
DA:163,1
DA:164,1
DA:166,3
DA:167,1
DA:168,1
DA:175,1
DA:176,1
DA:177,4
LF:78
LH:78
BRDA:38,0,0,12
BRDA:38,0,1,25
BRDA:43,1,0,7
BRDA:43,2,0,142
BRDA:43,2,1,43
BRDA:43,2,2,39
BRDA:48,3,0,10
BRDA:52,4,0,2
BRDA:53,5,0,1
BRDA:58,6,0,2
BRDA:59,7,0,1
BRDA:65,8,0,2
BRDA:66,9,0,1
BRDA:70,10,0,1
BRDA:72,11,0,1
BRDA:73,12,0,1
BRDA:78,13,0,2
BRDA:81,14,0,1
BRDA:82,15,0,1
BRDA:87,16,0,1
BRDA:88,17,0,1
BRDA:93,18,0,1
BRDA:94,19,0,1
BRDA:98,20,0,1
BRDA:99,21,0,1
BRDA:119,22,0,17
BRDA:119,22,1,35
BRDA:120,23,0,11
BRDA:120,23,1,6
BRDA:140,24,0,23
BRDA:140,24,1,1
BRDA:160,25,0,3
BRDA:162,26,0,1
BRDA:164,27,0,1
BRDA:166,28,0,1
BRDA:168,29,0,1
BRDA:177,30,0,1
BRDA:177,30,1,3
BRDA:177,31,0,4
BRDA:177,31,1,4
BRF:40
BRH:40
end_of_record
TN:
SF:src\shellyDevice.ts
FN:41,(anonymous_0)
FN:50,(anonymous_1)
FN:58,(anonymous_2)
FN:62,(anonymous_3)
FN:66,(anonymous_4)
FN:71,(anonymous_5)
FN:83,(anonymous_6)
FN:87,(anonymous_7)
FN:93,(anonymous_8)
FN:217,(anonymous_9)
FN:230,(anonymous_10)
FN:239,(anonymous_11)
FN:297,(anonymous_12)
FN:331,(anonymous_13)
FN:422,(anonymous_14)
FN:520,(anonymous_15)
FNF:16
FNH:8
FNDA:2,(anonymous_0)
FNDA:2,(anonymous_1)
FNDA:0,(anonymous_2)
FNDA:6,(anonymous_3)
FNDA:18,(anonymous_4)
FNDA:3,(anonymous_5)
FNDA:0,(anonymous_6)
FNDA:0,(anonymous_7)
FNDA:2,(anonymous_8)
FNDA:0,(anonymous_9)
FNDA:0,(anonymous_10)
FNDA:2,(anonymous_11)
FNDA:0,(anonymous_12)
FNDA:6,(anonymous_13)
FNDA:0,(anonymous_14)
FNDA:0,(anonymous_15)
DA:25,2
DA:26,2
DA:27,2
DA:28,2
DA:29,2
DA:30,2
DA:31,2
DA:32,2
DA:33,2
DA:34,2
DA:39,2
DA:42,2
DA:43,2
DA:44,2
DA:45,2
DA:46,2
DA:47,2
DA:51,2
DA:52,2
DA:53,2
DA:54,2
DA:55,2
DA:59,0
DA:63,6
DA:67,18
DA:68,18
DA:72,3
DA:73,3
DA:74,3
DA:75,32
DA:77,3
DA:78,0
DA:80,0
DA:84,0
DA:88,0
DA:89,0
DA:94,2
DA:95,2
DA:96,2
DA:98,2
DA:99,0
DA:100,0
DA:103,2
DA:104,2
DA:105,2
DA:107,2
DA:108,2
DA:111,2
DA:112,1
DA:113,1
DA:114,1
DA:115,0
DA:116,0
DA:118,1
DA:119,1
DA:120,1
DA:121,1
DA:122,1
DA:123,1
DA:124,1
DA:125,1
DA:126,46
DA:127,46
DA:128,46
DA:129,46
DA:130,46
DA:131,46
DA:132,46
DA:133,46
DA:134,1
DA:135,1
DA:136,1
DA:139,46
DA:140,0
DA:141,0
DA:142,0
DA:145,46
DA:146,0
DA:147,0
DA:148,0
DA:155,2
DA:156,1
DA:157,1
DA:158,1
DA:159,0
DA:160,0
DA:162,1
DA:163,1
DA:164,1
DA:165,1
DA:166,1
DA:168,1
DA:169,8
DA:170,1
DA:171,1
DA:172,1
DA:173,1
DA:175,8
DA:176,1
DA:177,1
DA:178,1
DA:179,1
DA:181,1
DA:182,1
DA:184,8
DA:185,8
DA:186,8
DA:187,8
DA:188,8
DA:189,8
DA:190,8
DA:191,8
DA:195,2
DA:198,2
DA:199,1
DA:200,1
DA:201,1
DA:202,1
DA:203,0
DA:205,1
DA:206,1
DA:207,1
DA:208,0
DA:211,0
DA:216,2
DA:218,0
DA:219,0
DA:220,0
DA:226,2
DA:227,1
DA:228,1
DA:230,1
DA:231,0
DA:232,0
DA:236,2
DA:240,2
DA:242,1
DA:243,30
DA:244,1
DA:245,1
DA:246,1
DA:249,30
DA:250,0
DA:251,0
DA:252,0
DA:255,30
DA:256,0
DA:257,0
DA:258,0
DA:263,1
DA:264,30
DA:265,1
DA:266,1
DA:267,1
DA:268,1
DA:272,1
DA:274,1
DA:275,8
DA:278,1
DA:279,8
DA:280,8
DA:281,8
DA:282,8
DA:285,1
DA:286,8
DA:287,1
DA:288,1
DA:289,1
DA:294,2
DA:298,0
DA:299,0
DA:300,0
DA:301,0
DA:302,0
DA:304,0
DA:332,6
DA:333,3
DA:334,2
DA:335,1
DA:337,3
DA:338,0
DA:339,0
DA:340,0
DA:342,3
DA:343,3
DA:344,2
DA:345,1
DA:347,0
DA:348,0
DA:349,0
DA:350,0
DA:352,0
DA:353,0
DA:354,0
DA:355,0
DA:357,0
DA:358,0
DA:359,0
DA:360,0
DA:365,0
DA:366,0
DA:370,0
DA:372,0
DA:373,0
DA:374,0
DA:375,0
DA:377,0
DA:378,0
DA:379,0
DA:380,0
DA:381,0
DA:383,0
DA:384,0
DA:385,0
DA:386,0
DA:387,0
DA:388,0
DA:390,0
DA:391,0
DA:392,0
DA:393,0
DA:394,0
DA:395,0
DA:397,0
DA:398,0
DA:399,0
DA:400,0
DA:401,0
DA:403,0
DA:406,0
DA:410,0
DA:412,0
DA:413,0
DA:415,0
DA:417,0
DA:418,0
DA:424,0
DA:427,0
DA:428,0
DA:429,0
DA:430,0
DA:436,1
DA:437,0
DA:438,0
DA:440,0
DA:449,0
DA:450,0
DA:451,0
DA:452,0
DA:453,0
DA:454,0
DA:520,0
DA:522,0
DA:523,0
LF:254
LH:147
BRDA:51,0,0,2
BRDA:73,1,0,3
BRDA:73,1,1,0
BRDA:98,2,0,0
BRDA:107,3,0,0
BRDA:108,4,0,0
BRDA:111,5,0,1
BRDA:114,6,0,0
BRDA:114,7,0,1
BRDA:114,7,1,1
BRDA:122,8,0,0
BRDA:122,8,1,1
BRDA:126,9,0,1
BRDA:127,10,0,1
BRDA:128,11,0,1
BRDA:129,12,0,1
BRDA:130,13,0,1
BRDA:131,14,0,1
BRDA:132,15,0,1
BRDA:133,16,0,1
BRDA:139,17,0,0
BRDA:139,18,0,46
BRDA:139,18,1,0
BRDA:145,19,0,0
BRDA:145,20,0,46
BRDA:145,20,1,0
BRDA:155,21,0,1
BRDA:155,22,0,2
BRDA:155,22,1,1
BRDA:158,23,0,0
BRDA:158,24,0,1
BRDA:158,24,1,1
BRDA:169,25,0,1
BRDA:171,26,0,1
BRDA:172,27,0,1
BRDA:173,28,0,1
BRDA:175,29,0,1
BRDA:178,30,0,1
BRDA:182,31,0,1
BRDA:182,31,1,0
BRDA:184,32,0,1
BRDA:185,33,0,1
BRDA:186,34,0,1
BRDA:187,35,0,1
BRDA:188,36,0,1
BRDA:189,37,0,0
BRDA:190,38,0,0
BRDA:191,39,0,0
BRDA:195,40,0,2
BRDA:198,41,0,1
BRDA:200,42,0,1
BRDA:200,42,1,0
BRDA:201,43,0,0
BRDA:202,44,0,0
BRDA:202,44,1,1
BRDA:207,45,0,0
BRDA:207,46,0,1
BRDA:207,46,1,1
BRDA:218,47,0,0
BRDA:218,47,1,0
BRDA:226,48,0,1
BRDA:226,49,0,2
BRDA:226,49,1,1
BRDA:240,50,0,1
BRDA:240,50,1,1
BRDA:243,51,0,1
BRDA:249,52,0,0
BRDA:255,53,0,0
BRDA:264,54,0,1
BRDA:264,55,0,30
BRDA:264,55,1,29
BRDA:268,56,0,0
BRDA:268,57,0,1
BRDA:268,57,1,1
BRDA:272,58,0,1
BRDA:272,59,0,1
BRDA:272,59,1,0
BRDA:275,60,0,1
BRDA:279,61,0,1
BRDA:280,62,0,0
BRDA:281,63,0,0
BRDA:282,64,0,0
BRDA:286,65,0,1
BRDA:286,66,0,8
BRDA:286,66,1,8
BRDA:289,67,0,0
BRDA:289,68,0,1
BRDA:289,68,1,1
BRDA:298,69,0,0
BRDA:298,69,1,0
BRDA:300,70,0,0
BRDA:331,71,0,6
BRDA:332,72,0,3
BRDA:333,73,0,1
BRDA:334,74,0,1
BRDA:335,75,0,1
BRDA:337,76,0,0
BRDA:338,77,0,0
BRDA:339,78,0,0
BRDA:340,79,0,0
BRDA:342,80,0,3
BRDA:343,81,0,1
BRDA:344,82,0,1
BRDA:345,83,0,1
BRDA:347,84,0,0
BRDA:348,85,0,0
BRDA:349,86,0,0
BRDA:350,87,0,0
BRDA:352,88,0,0
BRDA:353,89,0,0
BRDA:354,90,0,0
BRDA:355,91,0,0
BRDA:357,92,0,0
BRDA:357,92,1,0
BRDA:358,93,0,0
BRDA:358,93,1,0
BRDA:362,94,0,0
BRDA:362,94,1,0
BRDA:363,95,0,0
BRDA:363,95,1,0
BRDA:368,96,0,0
BRDA:368,96,1,0
BRDA:372,97,0,0
BRDA:372,97,1,0
BRDA:375,98,0,0
BRDA:377,99,0,0
BRDA:380,100,0,0
BRDA:381,101,0,0
BRDA:381,101,1,0
BRDA:385,102,0,0
BRDA:388,103,0,0
BRDA:392,104,0,0
BRDA:393,105,0,0
BRDA:399,106,0,0
BRDA:401,107,0,0
BRDA:401,107,1,0
BRDA:407,108,0,0
BRDA:407,108,1,0
BRDA:413,109,0,0
BRDA:413,109,1,0
BRDA:417,110,0,0
BRDA:417,110,1,0
BRDA:430,111,0,0
BRDA:430,111,1,0
BRDA:430,112,0,0
BRDA:430,112,1,0
BRDA:436,113,0,0
BRDA:452,114,0,0
BRF:148
BRH:68
end_of_record
TN:
SF:src\shellyProperty.ts
FN:9,(anonymous_0)
FN:15,(anonymous_1)
FN:19,(anonymous_2)
FNF:3
FNH:3
FNDA:185,(anonymous_0)
FNDA:69,(anonymous_1)
FNDA:16,(anonymous_2)
DA:10,185
DA:11,185
DA:12,185
DA:16,69
DA:20,16
LF:5
LH:5
BRF:0
BRH:0
end_of_record
TN:
SF:src\shellydimmer2.ts
FNF:0
FNH:0
DA:4,1
DA:17,1
DA:105,1
LF:3
LH:3
BRF:0
BRH:0
end_of_record
TN:
SF:src\shellyplus1pm.ts
FNF:0
FNH:0
DA:4,1
DA:19,1
DA:77,1
LF:3
LH:3
BRF:0
BRH:0
end_of_record
TN:
SF:src\shellyplus2pm.ts
FNF:0
FNH:0
DA:4,1
DA:20,1
DA:113,1
LF:3
LH:3
BRF:0
BRH:0
end_of_record
TN:
SF:src\shellypmminig3.ts
FNF:0
FNH:0
DA:4,1
DA:19,1
DA:76,1
LF:3
LH:3
BRF:0
BRH:0
end_of_record
TN:
SF:src\wsClient.ts
FN:96,(anonymous_0)
FN:107,(anonymous_1)
FN:111,(anonymous_2)
FN:121,(anonymous_3)
FN:131,(anonymous_4)
FN:139,(anonymous_5)
FN:173,(anonymous_6)
FN:178,(anonymous_7)
FN:184,(anonymous_8)
FN:191,(anonymous_9)
FN:196,(anonymous_10)
FN:218,(anonymous_11)
FN:222,(anonymous_12)
FN:226,(anonymous_13)
FN:230,(anonymous_14)
FN:234,(anonymous_15)
FNF:16
FNH:4
FNDA:1,(anonymous_0)
FNDA:0,(anonymous_1)
FNDA:0,(anonymous_2)
FNDA:1,(anonymous_3)
FNDA:0,(anonymous_4)
FNDA:0,(anonymous_5)
FNDA:0,(anonymous_6)
FNDA:0,(anonymous_7)
FNDA:1,(anonymous_8)
FNDA:1,(anonymous_9)
FNDA:0,(anonymous_10)
FNDA:0,(anonymous_11)
FNDA:0,(anonymous_12)
FNDA:0,(anonymous_13)
FNDA:0,(anonymous_14)
FNDA:0,(anonymous_15)
DA:70,1
DA:71,1
DA:75,1
DA:80,1
DA:88,1
DA:97,1
DA:98,1
DA:99,1
DA:100,1
DA:101,1
DA:102,1
DA:103,1
DA:104,1
DA:108,0
DA:112,0
DA:113,0
DA:114,0
DA:116,0
DA:117,0
DA:118,0
DA:122,1
DA:123,1
DA:124,1
DA:126,1
DA:127,1
DA:131,0
DA:132,0
DA:133,0
DA:134,0
DA:135,0
DA:139,0
DA:140,0
DA:141,0
DA:144,0
DA:145,0
DA:146,0
DA:147,0
DA:148,0
DA:150,0
DA:151,0
DA:152,0
DA:153,0
DA:154,0
DA:155,0
DA:156,0
DA:157,0
DA:158,0
DA:159,0
DA:160,0
DA:161,0
DA:162,0
DA:163,0
DA:164,0
DA:165,0
DA:166,0
DA:168,0
DA:173,0
DA:174,0
DA:178,0
DA:179,0
DA:180,0
DA:185,1
DA:186,1
DA:187,1
DA:188,1
DA:192,1
DA:195,1
DA:196,1
DA:197,0
DA:198,0
DA:199,0
DA:200,0
DA:202,1
DA:204,0
DA:205,0
DA:206,0
DA:207,0
DA:211,1
DA:212,0
DA:213,0
DA:215,0
DA:216,0
DA:218,0
DA:219,0
DA:222,0
DA:223,0
DA:226,0
DA:227,0
DA:230,0
DA:231,0
DA:234,0
DA:235,0
DA:236,0
LF:93
LH:27
BRDA:111,0,0,0
BRDA:112,1,0,0
BRDA:112,2,0,0
BRDA:112,2,1,0
BRDA:144,3,0,0
BRDA:144,3,1,0
BRDA:144,4,0,0
BRDA:144,4,1,0
BRDA:144,4,2,0
BRDA:144,4,3,0
BRDA:146,5,0,0
BRDA:156,6,0,0
BRDA:156,6,1,0
BRDA:156,7,0,0
BRDA:156,7,1,0
BRDA:156,7,2,0
BRDA:159,8,0,0
BRDA:159,8,1,0
BRDA:159,9,0,0
BRDA:159,9,1,0
BRDA:159,9,2,0
BRDA:159,9,3,0
BRDA:162,10,0,0
BRDA:162,10,1,0
BRDA:162,11,0,0
BRDA:162,11,1,0
BRDA:162,11,2,0
BRDA:165,12,0,0
BRDA:165,12,1,0
BRDA:165,13,0,0
BRDA:165,13,1,0
BRDA:165,13,2,0
BRDA:184,14,0,0
BRDA:195,15,0,1
BRDA:197,16,0,0
BRDA:204,17,0,0
BRDA:211,18,0,0
BRF:37
BRH:1
end_of_record
